{"total": {"lines":{"total":11253,"covered":670,"skipped":0,"pct":5.95},"statements":{"total":11998,"covered":671,"skipped":0,"pct":5.59},"functions":{"total":2066,"covered":22,"skipped":0,"pct":1.06},"branches":{"total":6175,"covered":19,"skipped":0,"pct":0.3},"branchesTrue":{"total":0,"covered":0,"skipped":0,"pct":100}}
,"/Users/charlie.hyun/Repositories/picnic-web/app/global-error.tsx": {"lines":{"total":13,"covered":0,"skipped":0,"pct":0},"functions":{"total":4,"covered":0,"skipped":0,"pct":0},"statements":{"total":13,"covered":0,"skipped":0,"pct":0},"branches":{"total":11,"covered":0,"skipped":0,"pct":0}}
,"/Users/charlie.hyun/Repositories/picnic-web/app/instrumentation.ts": {"lines":{"total":3,"covered":0,"skipped":0,"pct":0},"functions":{"total":1,"covered":0,"skipped":0,"pct":0},"statements":{"total":3,"covered":0,"skipped":0,"pct":0},"branches":{"total":6,"covered":0,"skipped":0,"pct":0}}
,"/Users/charlie.hyun/Repositories/picnic-web/app/[lang]/ClientLayout.tsx": {"lines":{"total":28,"covered":0,"skipped":0,"pct":0},"functions":{"total":7,"covered":0,"skipped":0,"pct":0},"statements":{"total":28,"covered":0,"skipped":0,"pct":0},"branches":{"total":4,"covered":0,"skipped":0,"pct":0}}
,"/Users/charlie.hyun/Repositories/picnic-web/app/[lang]/Footer.tsx": {"lines":{"total":7,"covered":0,"skipped":0,"pct":0},"functions":{"total":1,"covered":0,"skipped":0,"pct":0},"statements":{"total":8,"covered":0,"skipped":0,"pct":0},"branches":{"total":4,"covered":0,"skipped":0,"pct":0}}
,"/Users/charlie.hyun/Repositories/picnic-web/app/[lang]/error.tsx": {"lines":{"total":11,"covered":0,"skipped":0,"pct":0},"functions":{"total":4,"covered":0,"skipped":0,"pct":0},"statements":{"total":11,"covered":0,"skipped":0,"pct":0},"branches":{"total":7,"covered":0,"skipped":0,"pct":0}}
,"/Users/charlie.hyun/Repositories/picnic-web/app/[lang]/layout.tsx": {"lines":{"total":13,"covered":0,"skipped":0,"pct":0},"functions":{"total":2,"covered":0,"skipped":0,"pct":0},"statements":{"total":14,"covered":0,"skipped":0,"pct":0},"branches":{"total":6,"covered":0,"skipped":0,"pct":0}}
,"/Users/charlie.hyun/Repositories/picnic-web/app/[lang]/metadata.ts": {"lines":{"total":3,"covered":0,"skipped":0,"pct":0},"functions":{"total":0,"covered":0,"skipped":0,"pct":100},"statements":{"total":4,"covered":0,"skipped":0,"pct":0},"branches":{"total":0,"covered":0,"skipped":0,"pct":100}}
,"/Users/charlie.hyun/Repositories/picnic-web/app/[lang]/not-found.tsx": {"lines":{"total":17,"covered":0,"skipped":0,"pct":0},"functions":{"total":4,"covered":0,"skipped":0,"pct":0},"statements":{"total":17,"covered":0,"skipped":0,"pct":0},"branches":{"total":1,"covered":0,"skipped":0,"pct":0}}
,"/Users/charlie.hyun/Repositories/picnic-web/app/[lang]/page.tsx": {"lines":{"total":4,"covered":0,"skipped":0,"pct":0},"functions":{"total":1,"covered":0,"skipped":0,"pct":0},"statements":{"total":4,"covered":0,"skipped":0,"pct":0},"branches":{"total":0,"covered":0,"skipped":0,"pct":100}}
,"/Users/charlie.hyun/Repositories/picnic-web/app/[lang]/robots.ts": {"lines":{"total":6,"covered":0,"skipped":0,"pct":0},"functions":{"total":1,"covered":0,"skipped":0,"pct":0},"statements":{"total":6,"covered":0,"skipped":0,"pct":0},"branches":{"total":3,"covered":0,"skipped":0,"pct":0}}
,"/Users/charlie.hyun/Repositories/picnic-web/app/[lang]/sitemap.ts": {"lines":{"total":42,"covered":0,"skipped":0,"pct":0},"functions":{"total":9,"covered":0,"skipped":0,"pct":0},"statements":{"total":45,"covered":0,"skipped":0,"pct":0},"branches":{"total":34,"covered":0,"skipped":0,"pct":0}}
,"/Users/charlie.hyun/Repositories/picnic-web/app/[lang]/(auth)/login/page.tsx": {"lines":{"total":151,"covered":0,"skipped":0,"pct":0},"functions":{"total":13,"covered":0,"skipped":0,"pct":0},"statements":{"total":153,"covered":0,"skipped":0,"pct":0},"branches":{"total":80,"covered":0,"skipped":0,"pct":0}}
,"/Users/charlie.hyun/Repositories/picnic-web/app/[lang]/(main)/layout.tsx": {"lines":{"total":62,"covered":0,"skipped":0,"pct":0},"functions":{"total":11,"covered":0,"skipped":0,"pct":0},"statements":{"total":70,"covered":0,"skipped":0,"pct":0},"branches":{"total":28,"covered":0,"skipped":0,"pct":0}}
,"/Users/charlie.hyun/Repositories/picnic-web/app/[lang]/(main)/download/DownloadClient.tsx": {"lines":{"total":31,"covered":0,"skipped":0,"pct":0},"functions":{"total":7,"covered":0,"skipped":0,"pct":0},"statements":{"total":32,"covered":0,"skipped":0,"pct":0},"branches":{"total":34,"covered":0,"skipped":0,"pct":0}}
,"/Users/charlie.hyun/Repositories/picnic-web/app/[lang]/(main)/download/page.tsx": {"lines":{"total":20,"covered":0,"skipped":0,"pct":0},"functions":{"total":3,"covered":0,"skipped":0,"pct":0},"statements":{"total":21,"covered":0,"skipped":0,"pct":0},"branches":{"total":7,"covered":0,"skipped":0,"pct":0}}
,"/Users/charlie.hyun/Repositories/picnic-web/app/[lang]/(main)/media/error.tsx": {"lines":{"total":2,"covered":0,"skipped":0,"pct":0},"functions":{"total":0,"covered":0,"skipped":0,"pct":100},"statements":{"total":3,"covered":0,"skipped":0,"pct":0},"branches":{"total":0,"covered":0,"skipped":0,"pct":100}}
,"/Users/charlie.hyun/Repositories/picnic-web/app/[lang]/(main)/media/loading.tsx": {"lines":{"total":2,"covered":0,"skipped":0,"pct":0},"functions":{"total":1,"covered":0,"skipped":0,"pct":0},"statements":{"total":2,"covered":0,"skipped":0,"pct":0},"branches":{"total":0,"covered":0,"skipped":0,"pct":100}}
,"/Users/charlie.hyun/Repositories/picnic-web/app/[lang]/(main)/media/not-found.tsx": {"lines":{"total":2,"covered":0,"skipped":0,"pct":0},"functions":{"total":1,"covered":0,"skipped":0,"pct":0},"statements":{"total":2,"covered":0,"skipped":0,"pct":0},"branches":{"total":0,"covered":0,"skipped":0,"pct":100}}
,"/Users/charlie.hyun/Repositories/picnic-web/app/[lang]/(main)/media/page.tsx": {"lines":{"total":4,"covered":0,"skipped":0,"pct":0},"functions":{"total":1,"covered":0,"skipped":0,"pct":0},"statements":{"total":4,"covered":0,"skipped":0,"pct":0},"branches":{"total":0,"covered":0,"skipped":0,"pct":100}}
,"/Users/charlie.hyun/Repositories/picnic-web/app/[lang]/(main)/rewards/page.tsx": {"lines":{"total":18,"covered":0,"skipped":0,"pct":0},"functions":{"total":2,"covered":0,"skipped":0,"pct":0},"statements":{"total":19,"covered":0,"skipped":0,"pct":0},"branches":{"total":4,"covered":0,"skipped":0,"pct":0}}
,"/Users/charlie.hyun/Repositories/picnic-web/app/[lang]/(main)/rewards/[id]/page.tsx": {"lines":{"total":32,"covered":0,"skipped":0,"pct":0},"functions":{"total":4,"covered":0,"skipped":0,"pct":0},"statements":{"total":34,"covered":0,"skipped":0,"pct":0},"branches":{"total":13,"covered":0,"skipped":0,"pct":0}}
,"/Users/charlie.hyun/Repositories/picnic-web/app/[lang]/(main)/server-components/error.tsx": {"lines":{"total":2,"covered":0,"skipped":0,"pct":0},"functions":{"total":0,"covered":0,"skipped":0,"pct":100},"statements":{"total":3,"covered":0,"skipped":0,"pct":0},"branches":{"total":0,"covered":0,"skipped":0,"pct":100}}
,"/Users/charlie.hyun/Repositories/picnic-web/app/[lang]/(main)/server-components/layout.tsx": {"lines":{"total":3,"covered":0,"skipped":0,"pct":0},"functions":{"total":1,"covered":0,"skipped":0,"pct":0},"statements":{"total":3,"covered":0,"skipped":0,"pct":0},"branches":{"total":0,"covered":0,"skipped":0,"pct":100}}
,"/Users/charlie.hyun/Repositories/picnic-web/app/[lang]/(main)/server-components/loading.tsx": {"lines":{"total":2,"covered":0,"skipped":0,"pct":0},"functions":{"total":1,"covered":0,"skipped":0,"pct":0},"statements":{"total":2,"covered":0,"skipped":0,"pct":0},"branches":{"total":0,"covered":0,"skipped":0,"pct":100}}
,"/Users/charlie.hyun/Repositories/picnic-web/app/[lang]/(main)/server-components/page.tsx": {"lines":{"total":4,"covered":0,"skipped":0,"pct":0},"functions":{"total":2,"covered":0,"skipped":0,"pct":0},"statements":{"total":4,"covered":0,"skipped":0,"pct":0},"branches":{"total":0,"covered":0,"skipped":0,"pct":100}}
,"/Users/charlie.hyun/Repositories/picnic-web/app/[lang]/(main)/test-redirect/page.tsx": {"lines":{"total":2,"covered":0,"skipped":0,"pct":0},"functions":{"total":1,"covered":0,"skipped":0,"pct":0},"statements":{"total":2,"covered":0,"skipped":0,"pct":0},"branches":{"total":0,"covered":0,"skipped":0,"pct":100}}
,"/Users/charlie.hyun/Repositories/picnic-web/app/[lang]/(main)/vote/VotePageClient.tsx": {"lines":{"total":5,"covered":0,"skipped":0,"pct":0},"functions":{"total":1,"covered":0,"skipped":0,"pct":0},"statements":{"total":5,"covered":0,"skipped":0,"pct":0},"branches":{"total":0,"covered":0,"skipped":0,"pct":100}}
,"/Users/charlie.hyun/Repositories/picnic-web/app/[lang]/(main)/vote/page.tsx": {"lines":{"total":15,"covered":0,"skipped":0,"pct":0},"functions":{"total":2,"covered":0,"skipped":0,"pct":0},"statements":{"total":15,"covered":0,"skipped":0,"pct":0},"branches":{"total":6,"covered":0,"skipped":0,"pct":0}}
,"/Users/charlie.hyun/Repositories/picnic-web/app/[lang]/(main)/vote/[id]/error.tsx": {"lines":{"total":2,"covered":0,"skipped":0,"pct":0},"functions":{"total":0,"covered":0,"skipped":0,"pct":100},"statements":{"total":3,"covered":0,"skipped":0,"pct":0},"branches":{"total":0,"covered":0,"skipped":0,"pct":100}}
,"/Users/charlie.hyun/Repositories/picnic-web/app/[lang]/(main)/vote/[id]/loading.tsx": {"lines":{"total":2,"covered":0,"skipped":0,"pct":0},"functions":{"total":1,"covered":0,"skipped":0,"pct":0},"statements":{"total":2,"covered":0,"skipped":0,"pct":0},"branches":{"total":0,"covered":0,"skipped":0,"pct":100}}
,"/Users/charlie.hyun/Repositories/picnic-web/app/[lang]/(main)/vote/[id]/not-found.tsx": {"lines":{"total":2,"covered":0,"skipped":0,"pct":0},"functions":{"total":1,"covered":0,"skipped":0,"pct":0},"statements":{"total":2,"covered":0,"skipped":0,"pct":0},"branches":{"total":0,"covered":0,"skipped":0,"pct":100}}
,"/Users/charlie.hyun/Repositories/picnic-web/app/[lang]/(main)/vote/[id]/page.tsx": {"lines":{"total":53,"covered":0,"skipped":0,"pct":0},"functions":{"total":4,"covered":0,"skipped":0,"pct":0},"statements":{"total":55,"covered":0,"skipped":0,"pct":0},"branches":{"total":40,"covered":0,"skipped":0,"pct":0}}
,"/Users/charlie.hyun/Repositories/picnic-web/app/[lang]/(main)/vote/debug/page.tsx": {"lines":{"total":12,"covered":0,"skipped":0,"pct":0},"functions":{"total":4,"covered":0,"skipped":0,"pct":0},"statements":{"total":12,"covered":0,"skipped":0,"pct":0},"branches":{"total":8,"covered":0,"skipped":0,"pct":0}}
,"/Users/charlie.hyun/Repositories/picnic-web/app/[lang]/(mypage)/layout.tsx": {"lines":{"total":19,"covered":0,"skipped":0,"pct":0},"functions":{"total":3,"covered":0,"skipped":0,"pct":0},"statements":{"total":19,"covered":0,"skipped":0,"pct":0},"branches":{"total":4,"covered":0,"skipped":0,"pct":0}}
,"/Users/charlie.hyun/Repositories/picnic-web/app/[lang]/(mypage)/faq/page.tsx": {"lines":{"total":37,"covered":0,"skipped":0,"pct":0},"functions":{"total":11,"covered":0,"skipped":0,"pct":0},"statements":{"total":40,"covered":0,"skipped":0,"pct":0},"branches":{"total":21,"covered":0,"skipped":0,"pct":0}}
,"/Users/charlie.hyun/Repositories/picnic-web/app/[lang]/(mypage)/mypage/page.tsx": {"lines":{"total":38,"covered":0,"skipped":0,"pct":0},"functions":{"total":11,"covered":0,"skipped":0,"pct":0},"statements":{"total":41,"covered":0,"skipped":0,"pct":0},"branches":{"total":17,"covered":0,"skipped":0,"pct":0}}
,"/Users/charlie.hyun/Repositories/picnic-web/app/[lang]/(mypage)/notice/page.tsx": {"lines":{"total":25,"covered":0,"skipped":0,"pct":0},"functions":{"total":6,"covered":0,"skipped":0,"pct":0},"statements":{"total":29,"covered":0,"skipped":0,"pct":0},"branches":{"total":15,"covered":0,"skipped":0,"pct":0}}
,"/Users/charlie.hyun/Repositories/picnic-web/app/[lang]/(mypage)/notice/[id]/page.tsx": {"lines":{"total":30,"covered":0,"skipped":0,"pct":0},"functions":{"total":4,"covered":0,"skipped":0,"pct":0},"statements":{"total":33,"covered":0,"skipped":0,"pct":0},"branches":{"total":14,"covered":0,"skipped":0,"pct":0}}
,"/Users/charlie.hyun/Repositories/picnic-web/app/[lang]/test-translation/page.tsx": {"lines":{"total":37,"covered":0,"skipped":0,"pct":0},"functions":{"total":8,"covered":0,"skipped":0,"pct":0},"statements":{"total":37,"covered":0,"skipped":0,"pct":0},"branches":{"total":19,"covered":0,"skipped":0,"pct":0}}
,"/Users/charlie.hyun/Repositories/picnic-web/app/[lang]/utils/lang.ts": {"lines":{"total":12,"covered":0,"skipped":0,"pct":0},"functions":{"total":3,"covered":0,"skipped":0,"pct":0},"statements":{"total":12,"covered":0,"skipped":0,"pct":0},"branches":{"total":0,"covered":0,"skipped":0,"pct":100}}
,"/Users/charlie.hyun/Repositories/picnic-web/app/[lang]/utils/metadata-utils.ts": {"lines":{"total":22,"covered":0,"skipped":0,"pct":0},"functions":{"total":5,"covered":0,"skipped":0,"pct":0},"statements":{"total":23,"covered":0,"skipped":0,"pct":0},"branches":{"total":9,"covered":0,"skipped":0,"pct":0}}
,"/Users/charlie.hyun/Repositories/picnic-web/app/[lang]/utils/rendering-utils.ts": {"lines":{"total":36,"covered":0,"skipped":0,"pct":0},"functions":{"total":11,"covered":0,"skipped":0,"pct":0},"statements":{"total":39,"covered":0,"skipped":0,"pct":0},"branches":{"total":13,"covered":0,"skipped":0,"pct":0}}
,"/Users/charlie.hyun/Repositories/picnic-web/app/[lang]/utils/seo-utils.ts": {"lines":{"total":16,"covered":0,"skipped":0,"pct":0},"functions":{"total":9,"covered":0,"skipped":0,"pct":0},"statements":{"total":16,"covered":0,"skipped":0,"pct":0},"branches":{"total":34,"covered":0,"skipped":0,"pct":0}}
,"/Users/charlie.hyun/Repositories/picnic-web/app/api/auth/apple/route.ts": {"lines":{"total":18,"covered":0,"skipped":0,"pct":0},"functions":{"total":1,"covered":0,"skipped":0,"pct":0},"statements":{"total":18,"covered":0,"skipped":0,"pct":0},"branches":{"total":3,"covered":0,"skipped":0,"pct":0}}
,"/Users/charlie.hyun/Repositories/picnic-web/app/api/auth/google/route.ts": {"lines":{"total":58,"covered":0,"skipped":0,"pct":0},"functions":{"total":2,"covered":0,"skipped":0,"pct":0},"statements":{"total":59,"covered":0,"skipped":0,"pct":0},"branches":{"total":19,"covered":0,"skipped":0,"pct":0}}
,"/Users/charlie.hyun/Repositories/picnic-web/app/api/auth/kakao/route.ts": {"lines":{"total":62,"covered":0,"skipped":0,"pct":0},"functions":{"total":3,"covered":0,"skipped":0,"pct":0},"statements":{"total":63,"covered":0,"skipped":0,"pct":0},"branches":{"total":21,"covered":0,"skipped":0,"pct":0}}
,"/Users/charlie.hyun/Repositories/picnic-web/app/api/auth/logout/route.ts": {"lines":{"total":65,"covered":0,"skipped":0,"pct":0},"functions":{"total":4,"covered":0,"skipped":0,"pct":0},"statements":{"total":65,"covered":0,"skipped":0,"pct":0},"branches":{"total":26,"covered":0,"skipped":0,"pct":0}}
,"/Users/charlie.hyun/Repositories/picnic-web/app/api/auth/v1/callback/route.ts": {"lines":{"total":22,"covered":0,"skipped":0,"pct":0},"functions":{"total":3,"covered":0,"skipped":0,"pct":0},"statements":{"total":22,"covered":0,"skipped":0,"pct":0},"branches":{"total":8,"covered":0,"skipped":0,"pct":0}}
,"/Users/charlie.hyun/Repositories/picnic-web/app/api/auth/verify/route.ts": {"lines":{"total":46,"covered":0,"skipped":0,"pct":0},"functions":{"total":4,"covered":0,"skipped":0,"pct":0},"statements":{"total":46,"covered":0,"skipped":0,"pct":0},"branches":{"total":19,"covered":0,"skipped":0,"pct":0}}
,"/Users/charlie.hyun/Repositories/picnic-web/app/api/auth/wechat/route.ts": {"lines":{"total":230,"covered":0,"skipped":0,"pct":0},"functions":{"total":8,"covered":0,"skipped":0,"pct":0},"statements":{"total":230,"covered":0,"skipped":0,"pct":0},"branches":{"total":64,"covered":0,"skipped":0,"pct":0}}
,"/Users/charlie.hyun/Repositories/picnic-web/app/api/translations/report-missing/route.ts": {"lines":{"total":59,"covered":0,"skipped":0,"pct":0},"functions":{"total":12,"covered":0,"skipped":0,"pct":0},"statements":{"total":64,"covered":0,"skipped":0,"pct":0},"branches":{"total":21,"covered":0,"skipped":0,"pct":0}}
,"/Users/charlie.hyun/Repositories/picnic-web/app/api/translations/sync/route.ts": {"lines":{"total":40,"covered":0,"skipped":0,"pct":0},"functions":{"total":3,"covered":0,"skipped":0,"pct":0},"statements":{"total":40,"covered":0,"skipped":0,"pct":0},"branches":{"total":20,"covered":0,"skipped":0,"pct":0}}
,"/Users/charlie.hyun/Repositories/picnic-web/app/api/vote/can-vote/route.ts": {"lines":{"total":44,"covered":0,"skipped":0,"pct":0},"functions":{"total":5,"covered":0,"skipped":0,"pct":0},"statements":{"total":44,"covered":0,"skipped":0,"pct":0},"branches":{"total":24,"covered":0,"skipped":0,"pct":0}}
,"/Users/charlie.hyun/Repositories/picnic-web/app/api/vote/results/route.ts": {"lines":{"total":44,"covered":0,"skipped":0,"pct":0},"functions":{"total":4,"covered":0,"skipped":0,"pct":0},"statements":{"total":44,"covered":0,"skipped":0,"pct":0},"branches":{"total":26,"covered":0,"skipped":0,"pct":0}}
,"/Users/charlie.hyun/Repositories/picnic-web/app/api/vote/submit/route.ts": {"lines":{"total":39,"covered":0,"skipped":0,"pct":0},"functions":{"total":2,"covered":0,"skipped":0,"pct":0},"statements":{"total":39,"covered":0,"skipped":0,"pct":0},"branches":{"total":14,"covered":0,"skipped":0,"pct":0}}
,"/Users/charlie.hyun/Repositories/picnic-web/app/auth/layout.tsx": {"lines":{"total":1,"covered":0,"skipped":0,"pct":0},"functions":{"total":1,"covered":0,"skipped":0,"pct":0},"statements":{"total":1,"covered":0,"skipped":0,"pct":0},"branches":{"total":0,"covered":0,"skipped":0,"pct":100}}
,"/Users/charlie.hyun/Repositories/picnic-web/app/auth/callback/page.tsx": {"lines":{"total":3,"covered":0,"skipped":0,"pct":0},"functions":{"total":1,"covered":0,"skipped":0,"pct":0},"statements":{"total":3,"covered":0,"skipped":0,"pct":0},"branches":{"total":0,"covered":0,"skipped":0,"pct":100}}
,"/Users/charlie.hyun/Repositories/picnic-web/app/auth/callback/[provider]/page.tsx": {"lines":{"total":4,"covered":0,"skipped":0,"pct":0},"functions":{"total":1,"covered":0,"skipped":0,"pct":0},"statements":{"total":4,"covered":0,"skipped":0,"pct":0},"branches":{"total":0,"covered":0,"skipped":0,"pct":100}}
,"/Users/charlie.hyun/Repositories/picnic-web/app/test-auth/layout.tsx": {"lines":{"total":1,"covered":0,"skipped":0,"pct":0},"functions":{"total":1,"covered":0,"skipped":0,"pct":0},"statements":{"total":1,"covered":0,"skipped":0,"pct":0},"branches":{"total":0,"covered":0,"skipped":0,"pct":100}}
,"/Users/charlie.hyun/Repositories/picnic-web/app/test-auth/page.tsx": {"lines":{"total":3,"covered":0,"skipped":0,"pct":0},"functions":{"total":1,"covered":0,"skipped":0,"pct":0},"statements":{"total":3,"covered":0,"skipped":0,"pct":0},"branches":{"total":0,"covered":0,"skipped":0,"pct":100}}
,"/Users/charlie.hyun/Repositories/picnic-web/components/PortalGuard.tsx": {"lines":{"total":15,"covered":0,"skipped":0,"pct":0},"functions":{"total":3,"covered":0,"skipped":0,"pct":0},"statements":{"total":15,"covered":0,"skipped":0,"pct":0},"branches":{"total":8,"covered":0,"skipped":0,"pct":0}}
,"/Users/charlie.hyun/Repositories/picnic-web/components/index.ts": {"lines":{"total":4,"covered":0,"skipped":0,"pct":0},"functions":{"total":0,"covered":0,"skipped":0,"pct":100},"statements":{"total":4,"covered":0,"skipped":0,"pct":0},"branches":{"total":0,"covered":0,"skipped":0,"pct":100}}
,"/Users/charlie.hyun/Repositories/picnic-web/components/admin/PerformanceDashboard.tsx": {"lines":{"total":49,"covered":0,"skipped":0,"pct":0},"functions":{"total":15,"covered":0,"skipped":0,"pct":0},"statements":{"total":52,"covered":0,"skipped":0,"pct":0},"branches":{"total":28,"covered":0,"skipped":0,"pct":0}}
,"/Users/charlie.hyun/Repositories/picnic-web/components/admin/TranslationSyncPanel.tsx": {"lines":{"total":23,"covered":0,"skipped":0,"pct":0},"functions":{"total":3,"covered":0,"skipped":0,"pct":0},"statements":{"total":23,"covered":0,"skipped":0,"pct":0},"branches":{"total":16,"covered":0,"skipped":0,"pct":0}}
,"/Users/charlie.hyun/Repositories/picnic-web/components/auth/AuthRedirectHandler.tsx": {"lines":{"total":185,"covered":0,"skipped":0,"pct":0},"functions":{"total":18,"covered":0,"skipped":0,"pct":0},"statements":{"total":190,"covered":0,"skipped":0,"pct":0},"branches":{"total":78,"covered":0,"skipped":0,"pct":0}}
,"/Users/charlie.hyun/Repositories/picnic-web/components/auth/withAuthGuard.tsx": {"lines":{"total":49,"covered":0,"skipped":0,"pct":0},"functions":{"total":6,"covered":0,"skipped":0,"pct":0},"statements":{"total":49,"covered":0,"skipped":0,"pct":0},"branches":{"total":32,"covered":0,"skipped":0,"pct":0}}
,"/Users/charlie.hyun/Repositories/picnic-web/components/client/ClientNavigationSetter.tsx": {"lines":{"total":7,"covered":3,"skipped":0,"pct":42.85},"functions":{"total":2,"covered":0,"skipped":0,"pct":0},"statements":{"total":8,"covered":3,"skipped":0,"pct":37.5},"branches":{"total":0,"covered":0,"skipped":0,"pct":100}}
,"/Users/charlie.hyun/Repositories/picnic-web/components/client/NavigationLink.tsx": {"lines":{"total":4,"covered":0,"skipped":0,"pct":0},"functions":{"total":1,"covered":0,"skipped":0,"pct":0},"statements":{"total":4,"covered":0,"skipped":0,"pct":0},"branches":{"total":4,"covered":0,"skipped":0,"pct":0}}
,"/Users/charlie.hyun/Repositories/picnic-web/components/client/RetryButton.tsx": {"lines":{"total":8,"covered":3,"skipped":0,"pct":37.5},"functions":{"total":2,"covered":0,"skipped":0,"pct":0},"statements":{"total":8,"covered":3,"skipped":0,"pct":37.5},"branches":{"total":1,"covered":0,"skipped":0,"pct":0}}
,"/Users/charlie.hyun/Repositories/picnic-web/components/client/VoteClientComponent.tsx": {"lines":{"total":14,"covered":1,"skipped":0,"pct":7.14},"functions":{"total":7,"covered":0,"skipped":0,"pct":0},"statements":{"total":15,"covered":1,"skipped":0,"pct":6.66},"branches":{"total":10,"covered":0,"skipped":0,"pct":0}}
,"/Users/charlie.hyun/Repositories/picnic-web/components/client/index.ts": {"lines":{"total":10,"covered":10,"skipped":0,"pct":100},"functions":{"total":0,"covered":0,"skipped":0,"pct":100},"statements":{"total":15,"covered":10,"skipped":0,"pct":66.66},"branches":{"total":0,"covered":0,"skipped":0,"pct":100}}
,"/Users/charlie.hyun/Repositories/picnic-web/components/client/auth/SocialLoginButtons.tsx": {"lines":{"total":39,"covered":5,"skipped":0,"pct":12.82},"functions":{"total":5,"covered":0,"skipped":0,"pct":0},"statements":{"total":39,"covered":5,"skipped":0,"pct":12.82},"branches":{"total":33,"covered":0,"skipped":0,"pct":0}}
,"/Users/charlie.hyun/Repositories/picnic-web/components/client/auth/index.ts": {"lines":{"total":5,"covered":4,"skipped":0,"pct":80},"functions":{"total":0,"covered":0,"skipped":0,"pct":100},"statements":{"total":7,"covered":4,"skipped":0,"pct":57.14},"branches":{"total":0,"covered":0,"skipped":0,"pct":100}}
,"/Users/charlie.hyun/Repositories/picnic-web/components/client/auth/utils.ts": {"lines":{"total":26,"covered":0,"skipped":0,"pct":0},"functions":{"total":5,"covered":0,"skipped":0,"pct":0},"statements":{"total":26,"covered":0,"skipped":0,"pct":0},"branches":{"total":10,"covered":0,"skipped":0,"pct":0}}
,"/Users/charlie.hyun/Repositories/picnic-web/components/client/auth/AuthCallback/AuthCallback.tsx": {"lines":{"total":3,"covered":1,"skipped":0,"pct":33.33},"functions":{"total":3,"covered":0,"skipped":0,"pct":0},"statements":{"total":3,"covered":1,"skipped":0,"pct":33.33},"branches":{"total":0,"covered":0,"skipped":0,"pct":100}}
,"/Users/charlie.hyun/Repositories/picnic-web/components/client/auth/AuthCallback/AuthCallbackClient.tsx": {"lines":{"total":396,"covered":3,"skipped":0,"pct":0.75},"functions":{"total":25,"covered":0,"skipped":0,"pct":0},"statements":{"total":402,"covered":3,"skipped":0,"pct":0.74},"branches":{"total":267,"covered":0,"skipped":0,"pct":0}}
,"/Users/charlie.hyun/Repositories/picnic-web/components/client/auth/AuthCallback/index.ts": {"lines":{"total":2,"covered":2,"skipped":0,"pct":100},"functions":{"total":0,"covered":0,"skipped":0,"pct":100},"statements":{"total":4,"covered":2,"skipped":0,"pct":50},"branches":{"total":0,"covered":0,"skipped":0,"pct":100}}
,"/Users/charlie.hyun/Repositories/picnic-web/components/client/banner/BannerItem.tsx": {"lines":{"total":8,"covered":5,"skipped":0,"pct":62.5},"functions":{"total":1,"covered":0,"skipped":0,"pct":0},"statements":{"total":8,"covered":5,"skipped":0,"pct":62.5},"branches":{"total":4,"covered":0,"skipped":0,"pct":0}}
,"/Users/charlie.hyun/Repositories/picnic-web/components/client/banner/BannerListPresenter.tsx": {"lines":{"total":19,"covered":8,"skipped":0,"pct":42.1},"functions":{"total":4,"covered":0,"skipped":0,"pct":0},"statements":{"total":20,"covered":8,"skipped":0,"pct":40},"branches":{"total":4,"covered":0,"skipped":0,"pct":0}}
,"/Users/charlie.hyun/Repositories/picnic-web/components/client/banner/index.ts": {"lines":{"total":2,"covered":2,"skipped":0,"pct":100},"functions":{"total":0,"covered":0,"skipped":0,"pct":100},"statements":{"total":4,"covered":2,"skipped":0,"pct":50},"branches":{"total":0,"covered":0,"skipped":0,"pct":100}}
,"/Users/charlie.hyun/Repositories/picnic-web/components/client/common/LoadingSpinner.tsx": {"lines":{"total":2,"covered":2,"skipped":0,"pct":100},"functions":{"total":1,"covered":0,"skipped":0,"pct":0},"statements":{"total":3,"covered":2,"skipped":0,"pct":66.66},"branches":{"total":1,"covered":0,"skipped":0,"pct":0}}
,"/Users/charlie.hyun/Repositories/picnic-web/components/client/media/MediaListPresenter.tsx": {"lines":{"total":25,"covered":7,"skipped":0,"pct":28},"functions":{"total":5,"covered":0,"skipped":0,"pct":0},"statements":{"total":28,"covered":7,"skipped":0,"pct":25},"branches":{"total":17,"covered":0,"skipped":0,"pct":0}}
,"/Users/charlie.hyun/Repositories/picnic-web/components/client/media/index.ts": {"lines":{"total":3,"covered":3,"skipped":0,"pct":100},"functions":{"total":0,"covered":0,"skipped":0,"pct":100},"statements":{"total":4,"covered":3,"skipped":0,"pct":75},"branches":{"total":0,"covered":0,"skipped":0,"pct":100}}
,"/Users/charlie.hyun/Repositories/picnic-web/components/client/media/utils.ts": {"lines":{"total":38,"covered":0,"skipped":0,"pct":0},"functions":{"total":9,"covered":0,"skipped":0,"pct":0},"statements":{"total":44,"covered":0,"skipped":0,"pct":0},"branches":{"total":21,"covered":0,"skipped":0,"pct":0}}
,"/Users/charlie.hyun/Repositories/picnic-web/components/client/reward/RewardDetailClient.tsx": {"lines":{"total":24,"covered":9,"skipped":0,"pct":37.5},"functions":{"total":2,"covered":0,"skipped":0,"pct":0},"statements":{"total":25,"covered":9,"skipped":0,"pct":36},"branches":{"total":21,"covered":0,"skipped":0,"pct":0}}
,"/Users/charlie.hyun/Repositories/picnic-web/components/client/reward/RewardImageGallery.tsx": {"lines":{"total":9,"covered":5,"skipped":0,"pct":55.55},"functions":{"total":5,"covered":0,"skipped":0,"pct":0},"statements":{"total":10,"covered":5,"skipped":0,"pct":50},"branches":{"total":11,"covered":0,"skipped":0,"pct":0}}
,"/Users/charlie.hyun/Repositories/picnic-web/components/client/reward/RewardLocationInfo.tsx": {"lines":{"total":6,"covered":3,"skipped":0,"pct":50},"functions":{"total":3,"covered":0,"skipped":0,"pct":0},"statements":{"total":8,"covered":3,"skipped":0,"pct":37.5},"branches":{"total":5,"covered":0,"skipped":0,"pct":0}}
,"/Users/charlie.hyun/Repositories/picnic-web/components/client/reward/RewardPresenter.tsx": {"lines":{"total":7,"covered":6,"skipped":0,"pct":85.71},"functions":{"total":2,"covered":0,"skipped":0,"pct":0},"statements":{"total":8,"covered":6,"skipped":0,"pct":75},"branches":{"total":4,"covered":0,"skipped":0,"pct":0}}
,"/Users/charlie.hyun/Repositories/picnic-web/components/client/reward/RewardSizeGuide.tsx": {"lines":{"total":6,"covered":3,"skipped":0,"pct":50},"functions":{"total":3,"covered":0,"skipped":0,"pct":0},"statements":{"total":8,"covered":3,"skipped":0,"pct":37.5},"branches":{"total":5,"covered":0,"skipped":0,"pct":0}}
,"/Users/charlie.hyun/Repositories/picnic-web/components/client/reward/RewardTabs.tsx": {"lines":{"total":9,"covered":3,"skipped":0,"pct":33.33},"functions":{"total":4,"covered":0,"skipped":0,"pct":0},"statements":{"total":10,"covered":3,"skipped":0,"pct":30},"branches":{"total":6,"covered":0,"skipped":0,"pct":0}}
,"/Users/charlie.hyun/Repositories/picnic-web/components/client/reward/index.ts": {"lines":{"total":8,"covered":8,"skipped":0,"pct":100},"functions":{"total":0,"covered":0,"skipped":0,"pct":100},"statements":{"total":14,"covered":8,"skipped":0,"pct":57.14},"branches":{"total":0,"covered":0,"skipped":0,"pct":100}}
,"/Users/charlie.hyun/Repositories/picnic-web/components/client/reward/utils.ts": {"lines":{"total":59,"covered":0,"skipped":0,"pct":0},"functions":{"total":14,"covered":0,"skipped":0,"pct":0},"statements":{"total":67,"covered":0,"skipped":0,"pct":0},"branches":{"total":49,"covered":0,"skipped":0,"pct":0}}
,"/Users/charlie.hyun/Repositories/picnic-web/components/client/vote/BannerList.tsx": {"lines":{"total":6,"covered":0,"skipped":0,"pct":0},"functions":{"total":3,"covered":0,"skipped":0,"pct":0},"statements":{"total":6,"covered":0,"skipped":0,"pct":0},"branches":{"total":19,"covered":0,"skipped":0,"pct":0}}
,"/Users/charlie.hyun/Repositories/picnic-web/components/client/vote/Menu.tsx": {"lines":{"total":24,"covered":8,"skipped":0,"pct":33.33},"functions":{"total":6,"covered":0,"skipped":0,"pct":0},"statements":{"total":27,"covered":8,"skipped":0,"pct":29.62},"branches":{"total":22,"covered":0,"skipped":0,"pct":0}}
,"/Users/charlie.hyun/Repositories/picnic-web/components/client/vote/VoteStatus.tsx": {"lines":{"total":6,"covered":2,"skipped":0,"pct":33.33},"functions":{"total":1,"covered":0,"skipped":0,"pct":0},"statements":{"total":6,"covered":2,"skipped":0,"pct":33.33},"branches":{"total":0,"covered":0,"skipped":0,"pct":100}}
,"/Users/charlie.hyun/Repositories/picnic-web/components/client/vote/index.ts": {"lines":{"total":11,"covered":11,"skipped":0,"pct":100},"functions":{"total":0,"covered":0,"skipped":0,"pct":100},"statements":{"total":22,"covered":11,"skipped":0,"pct":50},"branches":{"total":0,"covered":0,"skipped":0,"pct":100}}
,"/Users/charlie.hyun/Repositories/picnic-web/components/client/vote/VoteDetail/VoteDetail.tsx": {"lines":{"total":4,"covered":3,"skipped":0,"pct":75},"functions":{"total":1,"covered":0,"skipped":0,"pct":0},"statements":{"total":4,"covered":3,"skipped":0,"pct":75},"branches":{"total":0,"covered":0,"skipped":0,"pct":100}}
,"/Users/charlie.hyun/Repositories/picnic-web/components/client/vote/VoteDetail/index.ts": {"lines":{"total":1,"covered":1,"skipped":0,"pct":100},"functions":{"total":0,"covered":0,"skipped":0,"pct":100},"statements":{"total":2,"covered":1,"skipped":0,"pct":50},"branches":{"total":0,"covered":0,"skipped":0,"pct":100}}
,"/Users/charlie.hyun/Repositories/picnic-web/components/client/vote/common/ConnectionStatusDisplay.tsx": {"lines":{"total":51,"covered":2,"skipped":0,"pct":3.92},"functions":{"total":8,"covered":0,"skipped":0,"pct":0},"statements":{"total":55,"covered":2,"skipped":0,"pct":3.63},"branches":{"total":106,"covered":0,"skipped":0,"pct":0}}
,"/Users/charlie.hyun/Repositories/picnic-web/components/client/vote/common/CountdownTimer.tsx": {"lines":{"total":36,"covered":3,"skipped":0,"pct":8.33},"functions":{"total":7,"covered":0,"skipped":0,"pct":0},"statements":{"total":40,"covered":3,"skipped":0,"pct":7.5},"branches":{"total":20,"covered":0,"skipped":0,"pct":0}}
,"/Users/charlie.hyun/Repositories/picnic-web/components/client/vote/common/CurrentTime.tsx": {"lines":{"total":22,"covered":6,"skipped":0,"pct":27.27},"functions":{"total":4,"covered":0,"skipped":0,"pct":0},"statements":{"total":25,"covered":6,"skipped":0,"pct":24},"branches":{"total":3,"covered":0,"skipped":0,"pct":0}}
,"/Users/charlie.hyun/Repositories/picnic-web/components/client/vote/common/GridView.tsx": {"lines":{"total":56,"covered":5,"skipped":0,"pct":8.92},"functions":{"total":17,"covered":0,"skipped":0,"pct":0},"statements":{"total":61,"covered":5,"skipped":0,"pct":8.19},"branches":{"total":42,"covered":0,"skipped":0,"pct":0}}
,"/Users/charlie.hyun/Repositories/picnic-web/components/client/vote/common/GridViewDemo.tsx": {"lines":{"total":5,"covered":0,"skipped":0,"pct":0},"functions":{"total":2,"covered":0,"skipped":0,"pct":0},"statements":{"total":6,"covered":0,"skipped":0,"pct":0},"branches":{"total":0,"covered":0,"skipped":0,"pct":100}}
,"/Users/charlie.hyun/Repositories/picnic-web/components/client/vote/common/OptimizedConnectionStatusDisplay.tsx": {"lines":{"total":51,"covered":0,"skipped":0,"pct":0},"functions":{"total":10,"covered":0,"skipped":0,"pct":0},"statements":{"total":55,"covered":0,"skipped":0,"pct":0},"branches":{"total":68,"covered":0,"skipped":0,"pct":0}}
,"/Users/charlie.hyun/Repositories/picnic-web/components/client/vote/common/RankingView.tsx": {"lines":{"total":13,"covered":3,"skipped":0,"pct":23.07},"functions":{"total":4,"covered":0,"skipped":0,"pct":0},"statements":{"total":14,"covered":3,"skipped":0,"pct":21.42},"branches":{"total":34,"covered":0,"skipped":0,"pct":0}}
,"/Users/charlie.hyun/Repositories/picnic-web/components/client/vote/common/RealtimeStatus.tsx": {"lines":{"total":14,"covered":9,"skipped":0,"pct":64.28},"functions":{"total":3,"covered":0,"skipped":0,"pct":0},"statements":{"total":17,"covered":9,"skipped":0,"pct":52.94},"branches":{"total":11,"covered":0,"skipped":0,"pct":0}}
,"/Users/charlie.hyun/Repositories/picnic-web/components/client/vote/common/VoteButton.tsx": {"lines":{"total":28,"covered":5,"skipped":0,"pct":17.85},"functions":{"total":4,"covered":0,"skipped":0,"pct":0},"statements":{"total":30,"covered":5,"skipped":0,"pct":16.66},"branches":{"total":17,"covered":0,"skipped":0,"pct":0}}
,"/Users/charlie.hyun/Repositories/picnic-web/components/client/vote/common/VoteRankCard.tsx": {"lines":{"total":61,"covered":8,"skipped":0,"pct":13.11},"functions":{"total":9,"covered":0,"skipped":0,"pct":0},"statements":{"total":62,"covered":8,"skipped":0,"pct":12.9},"branches":{"total":74,"covered":0,"skipped":0,"pct":0}}
,"/Users/charlie.hyun/Repositories/picnic-web/components/client/vote/common/VoteTimer.tsx": {"lines":{"total":19,"covered":2,"skipped":0,"pct":10.52},"functions":{"total":5,"covered":0,"skipped":0,"pct":0},"statements":{"total":20,"covered":2,"skipped":0,"pct":10},"branches":{"total":1,"covered":0,"skipped":0,"pct":0}}
,"/Users/charlie.hyun/Repositories/picnic-web/components/client/vote/common/index.ts": {"lines":{"total":2,"covered":0,"skipped":0,"pct":0},"functions":{"total":0,"covered":0,"skipped":0,"pct":100},"statements":{"total":4,"covered":0,"skipped":0,"pct":0},"branches":{"total":0,"covered":0,"skipped":0,"pct":100}}
,"/Users/charlie.hyun/Repositories/picnic-web/components/client/vote/detail/HybridVoteDetailPresenter.tsx": {"lines":{"total":440,"covered":14,"skipped":0,"pct":3.18},"functions":{"total":112,"covered":1,"skipped":0,"pct":0.89},"statements":{"total":470,"covered":14,"skipped":0,"pct":2.97},"branches":{"total":351,"covered":5,"skipped":0,"pct":1.42}}
,"/Users/charlie.hyun/Repositories/picnic-web/components/client/vote/detail/RealtimeVoteDetailPresenter.tsx": {"lines":{"total":133,"covered":0,"skipped":0,"pct":0},"functions":{"total":36,"covered":0,"skipped":0,"pct":0},"statements":{"total":146,"covered":0,"skipped":0,"pct":0},"branches":{"total":93,"covered":0,"skipped":0,"pct":0}}
,"/Users/charlie.hyun/Repositories/picnic-web/components/client/vote/detail/VoteSearch.tsx": {"lines":{"total":45,"covered":4,"skipped":0,"pct":8.88},"functions":{"total":13,"covered":0,"skipped":0,"pct":0},"statements":{"total":54,"covered":4,"skipped":0,"pct":7.4},"branches":{"total":48,"covered":0,"skipped":0,"pct":0}}
,"/Users/charlie.hyun/Repositories/picnic-web/components/client/vote/dialogs/LoginDialog.tsx": {"lines":{"total":5,"covered":0,"skipped":0,"pct":0},"functions":{"total":1,"covered":0,"skipped":0,"pct":0},"statements":{"total":7,"covered":0,"skipped":0,"pct":0},"branches":{"total":1,"covered":0,"skipped":0,"pct":0}}
,"/Users/charlie.hyun/Repositories/picnic-web/components/client/vote/dialogs/VoteDialog.tsx": {"lines":{"total":71,"covered":0,"skipped":0,"pct":0},"functions":{"total":8,"covered":0,"skipped":0,"pct":0},"statements":{"total":72,"covered":0,"skipped":0,"pct":0},"branches":{"total":33,"covered":0,"skipped":0,"pct":0}}
,"/Users/charlie.hyun/Repositories/picnic-web/components/client/vote/dialogs/VotePopup.tsx": {"lines":{"total":27,"covered":0,"skipped":0,"pct":0},"functions":{"total":8,"covered":0,"skipped":0,"pct":0},"statements":{"total":31,"covered":0,"skipped":0,"pct":0},"branches":{"total":22,"covered":0,"skipped":0,"pct":0}}
,"/Users/charlie.hyun/Repositories/picnic-web/components/client/vote/examples/RealtimeVoteExample.tsx": {"lines":{"total":14,"covered":0,"skipped":0,"pct":0},"functions":{"total":5,"covered":0,"skipped":0,"pct":0},"statements":{"total":15,"covered":0,"skipped":0,"pct":0},"branches":{"total":2,"covered":0,"skipped":0,"pct":0}}
,"/Users/charlie.hyun/Repositories/picnic-web/components/client/vote/list/CompletedVoteItems.tsx": {"lines":{"total":25,"covered":4,"skipped":0,"pct":16},"functions":{"total":6,"covered":0,"skipped":0,"pct":0},"statements":{"total":27,"covered":4,"skipped":0,"pct":14.81},"branches":{"total":28,"covered":0,"skipped":0,"pct":0}}
,"/Users/charlie.hyun/Repositories/picnic-web/components/client/vote/list/OngoingVoteItems.tsx": {"lines":{"total":37,"covered":4,"skipped":0,"pct":10.81},"functions":{"total":9,"covered":0,"skipped":0,"pct":0},"statements":{"total":40,"covered":4,"skipped":0,"pct":10},"branches":{"total":34,"covered":0,"skipped":0,"pct":0}}
,"/Users/charlie.hyun/Repositories/picnic-web/components/client/vote/list/OptimizedRealtimeVoteResults.tsx": {"lines":{"total":36,"covered":0,"skipped":0,"pct":0},"functions":{"total":11,"covered":0,"skipped":0,"pct":0},"statements":{"total":39,"covered":0,"skipped":0,"pct":0},"branches":{"total":55,"covered":0,"skipped":0,"pct":0}}
,"/Users/charlie.hyun/Repositories/picnic-web/components/client/vote/list/RealtimeVoteResults.tsx": {"lines":{"total":48,"covered":7,"skipped":0,"pct":14.58},"functions":{"total":13,"covered":0,"skipped":0,"pct":0},"statements":{"total":54,"covered":7,"skipped":0,"pct":12.96},"branches":{"total":86,"covered":0,"skipped":0,"pct":0}}
,"/Users/charlie.hyun/Repositories/picnic-web/components/client/vote/list/UpcomingVoteItems.tsx": {"lines":{"total":6,"covered":3,"skipped":0,"pct":50},"functions":{"total":1,"covered":0,"skipped":0,"pct":0},"statements":{"total":7,"covered":3,"skipped":0,"pct":42.85},"branches":{"total":3,"covered":0,"skipped":0,"pct":0}}
,"/Users/charlie.hyun/Repositories/picnic-web/components/client/vote/list/VoteAreaFilter.tsx": {"lines":{"total":38,"covered":7,"skipped":0,"pct":18.42},"functions":{"total":7,"covered":0,"skipped":0,"pct":0},"statements":{"total":39,"covered":7,"skipped":0,"pct":17.94},"branches":{"total":20,"covered":0,"skipped":0,"pct":0}}
,"/Users/charlie.hyun/Repositories/picnic-web/components/client/vote/list/VoteCard.tsx": {"lines":{"total":38,"covered":19,"skipped":0,"pct":50},"functions":{"total":5,"covered":0,"skipped":0,"pct":0},"statements":{"total":43,"covered":19,"skipped":0,"pct":44.18},"branches":{"total":29,"covered":0,"skipped":0,"pct":0}}
,"/Users/charlie.hyun/Repositories/picnic-web/components/client/vote/list/VoteEmptyState.tsx": {"lines":{"total":13,"covered":5,"skipped":0,"pct":38.46},"functions":{"total":2,"covered":0,"skipped":0,"pct":0},"statements":{"total":14,"covered":5,"skipped":0,"pct":35.71},"branches":{"total":4,"covered":0,"skipped":0,"pct":0}}
,"/Users/charlie.hyun/Repositories/picnic-web/components/client/vote/list/VoteFilterSection.tsx": {"lines":{"total":36,"covered":7,"skipped":0,"pct":19.44},"functions":{"total":5,"covered":0,"skipped":0,"pct":0},"statements":{"total":39,"covered":7,"skipped":0,"pct":17.94},"branches":{"total":12,"covered":0,"skipped":0,"pct":0}}
,"/Users/charlie.hyun/Repositories/picnic-web/components/client/vote/list/VoteItem.tsx": {"lines":{"total":48,"covered":6,"skipped":0,"pct":12.5},"functions":{"total":9,"covered":0,"skipped":0,"pct":0},"statements":{"total":52,"covered":6,"skipped":0,"pct":11.53},"branches":{"total":54,"covered":0,"skipped":0,"pct":0}}
,"/Users/charlie.hyun/Repositories/picnic-web/components/client/vote/list/VoteItems.tsx": {"lines":{"total":20,"covered":6,"skipped":0,"pct":30},"functions":{"total":3,"covered":0,"skipped":0,"pct":0},"statements":{"total":24,"covered":6,"skipped":0,"pct":25},"branches":{"total":6,"covered":0,"skipped":0,"pct":0}}
,"/Users/charlie.hyun/Repositories/picnic-web/components/client/vote/list/VoteList.tsx": {"lines":{"total":19,"covered":5,"skipped":0,"pct":26.31},"functions":{"total":5,"covered":0,"skipped":0,"pct":0},"statements":{"total":20,"covered":5,"skipped":0,"pct":25},"branches":{"total":25,"covered":0,"skipped":0,"pct":0}}
,"/Users/charlie.hyun/Repositories/picnic-web/components/client/vote/list/VoteListPresenter.tsx": {"lines":{"total":17,"covered":4,"skipped":0,"pct":23.52},"functions":{"total":5,"covered":0,"skipped":0,"pct":0},"statements":{"total":18,"covered":4,"skipped":0,"pct":22.22},"branches":{"total":10,"covered":0,"skipped":0,"pct":0}}
,"/Users/charlie.hyun/Repositories/picnic-web/components/client/vote/list/VoteLoadingSkeleton.tsx": {"lines":{"total":4,"covered":3,"skipped":0,"pct":75},"functions":{"total":2,"covered":0,"skipped":0,"pct":0},"statements":{"total":5,"covered":3,"skipped":0,"pct":60},"branches":{"total":0,"covered":0,"skipped":0,"pct":100}}
,"/Users/charlie.hyun/Repositories/picnic-web/components/client/vote/list/VotePagination.tsx": {"lines":{"total":6,"covered":4,"skipped":0,"pct":66.66},"functions":{"total":1,"covered":0,"skipped":0,"pct":0},"statements":{"total":8,"covered":4,"skipped":0,"pct":50},"branches":{"total":4,"covered":0,"skipped":0,"pct":0}}
,"/Users/charlie.hyun/Repositories/picnic-web/components/client/vote/list/VoteResults.tsx": {"lines":{"total":45,"covered":6,"skipped":0,"pct":13.33},"functions":{"total":12,"covered":0,"skipped":0,"pct":0},"statements":{"total":49,"covered":6,"skipped":0,"pct":12.24},"branches":{"total":58,"covered":0,"skipped":0,"pct":0}}
,"/Users/charlie.hyun/Repositories/picnic-web/components/client/vote/list/VoteStatusFilter.tsx": {"lines":{"total":36,"covered":7,"skipped":0,"pct":19.44},"functions":{"total":6,"covered":0,"skipped":0,"pct":0},"statements":{"total":37,"covered":7,"skipped":0,"pct":18.91},"branches":{"total":24,"covered":0,"skipped":0,"pct":0}}
,"/Users/charlie.hyun/Repositories/picnic-web/components/client/vote/list/VoteSubmit.tsx": {"lines":{"total":61,"covered":4,"skipped":0,"pct":6.55},"functions":{"total":10,"covered":0,"skipped":0,"pct":0},"statements":{"total":64,"covered":4,"skipped":0,"pct":6.25},"branches":{"total":62,"covered":0,"skipped":0,"pct":0}}
,"/Users/charlie.hyun/Repositories/picnic-web/components/client/vote/list/index.ts": {"lines":{"total":17,"covered":17,"skipped":0,"pct":100},"functions":{"total":0,"covered":0,"skipped":0,"pct":100},"statements":{"total":34,"covered":17,"skipped":0,"pct":50},"branches":{"total":0,"covered":0,"skipped":0,"pct":100}}
,"/Users/charlie.hyun/Repositories/picnic-web/components/common/ErrorBoundary.tsx": {"lines":{"total":64,"covered":0,"skipped":0,"pct":0},"functions":{"total":17,"covered":0,"skipped":0,"pct":0},"statements":{"total":66,"covered":0,"skipped":0,"pct":0},"branches":{"total":51,"covered":0,"skipped":0,"pct":0}}
,"/Users/charlie.hyun/Repositories/picnic-web/components/common/GlobalErrorDisplay.tsx": {"lines":{"total":54,"covered":0,"skipped":0,"pct":0},"functions":{"total":14,"covered":0,"skipped":0,"pct":0},"statements":{"total":58,"covered":0,"skipped":0,"pct":0},"branches":{"total":35,"covered":0,"skipped":0,"pct":0}}
,"/Users/charlie.hyun/Repositories/picnic-web/components/common/RewardItem.tsx": {"lines":{"total":6,"covered":6,"skipped":0,"pct":100},"functions":{"total":0,"covered":0,"skipped":0,"pct":100},"statements":{"total":7,"covered":6,"skipped":0,"pct":85.71},"branches":{"total":3,"covered":0,"skipped":0,"pct":0}}
,"/Users/charlie.hyun/Repositories/picnic-web/components/common/index.ts": {"lines":{"total":2,"covered":2,"skipped":0,"pct":100},"functions":{"total":0,"covered":0,"skipped":0,"pct":100},"statements":{"total":2,"covered":2,"skipped":0,"pct":100},"branches":{"total":0,"covered":0,"skipped":0,"pct":100}}
,"/Users/charlie.hyun/Repositories/picnic-web/components/common/atoms/Badge.tsx": {"lines":{"total":5,"covered":1,"skipped":0,"pct":20},"functions":{"total":1,"covered":0,"skipped":0,"pct":0},"statements":{"total":5,"covered":1,"skipped":0,"pct":20},"branches":{"total":5,"covered":0,"skipped":0,"pct":0}}
,"/Users/charlie.hyun/Repositories/picnic-web/components/common/atoms/Button.tsx": {"lines":{"total":7,"covered":4,"skipped":0,"pct":57.14},"functions":{"total":1,"covered":0,"skipped":0,"pct":0},"statements":{"total":8,"covered":4,"skipped":0,"pct":50},"branches":{"total":12,"covered":0,"skipped":0,"pct":0}}
,"/Users/charlie.hyun/Repositories/picnic-web/components/common/atoms/Input.tsx": {"lines":{"total":7,"covered":4,"skipped":0,"pct":57.14},"functions":{"total":1,"covered":0,"skipped":0,"pct":0},"statements":{"total":8,"covered":4,"skipped":0,"pct":50},"branches":{"total":13,"covered":0,"skipped":0,"pct":0}}
,"/Users/charlie.hyun/Repositories/picnic-web/components/common/atoms/Spinner.tsx": {"lines":{"total":4,"covered":1,"skipped":0,"pct":25},"functions":{"total":1,"covered":0,"skipped":0,"pct":0},"statements":{"total":4,"covered":1,"skipped":0,"pct":25},"branches":{"total":2,"covered":0,"skipped":0,"pct":0}}
,"/Users/charlie.hyun/Repositories/picnic-web/components/common/atoms/index.ts": {"lines":{"total":4,"covered":4,"skipped":0,"pct":100},"functions":{"total":0,"covered":0,"skipped":0,"pct":100},"statements":{"total":8,"covered":4,"skipped":0,"pct":50},"branches":{"total":0,"covered":0,"skipped":0,"pct":100}}
,"/Users/charlie.hyun/Repositories/picnic-web/components/common/molecules/Card.tsx": {"lines":{"total":5,"covered":4,"skipped":0,"pct":80},"functions":{"total":4,"covered":0,"skipped":0,"pct":0},"statements":{"total":5,"covered":4,"skipped":0,"pct":80},"branches":{"total":6,"covered":0,"skipped":0,"pct":0}}
,"/Users/charlie.hyun/Repositories/picnic-web/components/common/molecules/index.ts": {"lines":{"total":1,"covered":1,"skipped":0,"pct":100},"functions":{"total":0,"covered":0,"skipped":0,"pct":100},"statements":{"total":2,"covered":1,"skipped":0,"pct":50},"branches":{"total":0,"covered":0,"skipped":0,"pct":100}}
,"/Users/charlie.hyun/Repositories/picnic-web/components/layouts/ExclusiveOpenBadge.tsx": {"lines":{"total":18,"covered":0,"skipped":0,"pct":0},"functions":{"total":4,"covered":0,"skipped":0,"pct":0},"statements":{"total":21,"covered":0,"skipped":0,"pct":0},"branches":{"total":8,"covered":0,"skipped":0,"pct":0}}
,"/Users/charlie.hyun/Repositories/picnic-web/components/layouts/Footer.tsx": {"lines":{"total":7,"covered":0,"skipped":0,"pct":0},"functions":{"total":1,"covered":0,"skipped":0,"pct":0},"statements":{"total":8,"covered":0,"skipped":0,"pct":0},"branches":{"total":4,"covered":0,"skipped":0,"pct":0}}
,"/Users/charlie.hyun/Repositories/picnic-web/components/layouts/Header.tsx": {"lines":{"total":20,"covered":0,"skipped":0,"pct":0},"functions":{"total":2,"covered":0,"skipped":0,"pct":0},"statements":{"total":21,"covered":0,"skipped":0,"pct":0},"branches":{"total":6,"covered":0,"skipped":0,"pct":0}}
,"/Users/charlie.hyun/Repositories/picnic-web/components/layouts/LanguageSelector.tsx": {"lines":{"total":39,"covered":0,"skipped":0,"pct":0},"functions":{"total":13,"covered":0,"skipped":0,"pct":0},"statements":{"total":44,"covered":0,"skipped":0,"pct":0},"branches":{"total":33,"covered":0,"skipped":0,"pct":0}}
,"/Users/charlie.hyun/Repositories/picnic-web/components/layouts/PortalMenuItem.tsx": {"lines":{"total":16,"covered":0,"skipped":0,"pct":0},"functions":{"total":3,"covered":0,"skipped":0,"pct":0},"statements":{"total":20,"covered":0,"skipped":0,"pct":0},"branches":{"total":8,"covered":0,"skipped":0,"pct":0}}
,"/Users/charlie.hyun/Repositories/picnic-web/components/layouts/ProfileImageContainer.tsx": {"lines":{"total":5,"covered":0,"skipped":0,"pct":0},"functions":{"total":1,"covered":0,"skipped":0,"pct":0},"statements":{"total":6,"covered":0,"skipped":0,"pct":0},"branches":{"total":1,"covered":0,"skipped":0,"pct":0}}
,"/Users/charlie.hyun/Repositories/picnic-web/components/providers/LanguageSyncProvider.tsx": {"lines":{"total":47,"covered":0,"skipped":0,"pct":0},"functions":{"total":6,"covered":0,"skipped":0,"pct":0},"statements":{"total":48,"covered":0,"skipped":0,"pct":0},"branches":{"total":21,"covered":0,"skipped":0,"pct":0}}
,"/Users/charlie.hyun/Repositories/picnic-web/components/providers/SupabaseProvider.tsx": {"lines":{"total":13,"covered":0,"skipped":0,"pct":0},"functions":{"total":4,"covered":0,"skipped":0,"pct":0},"statements":{"total":16,"covered":0,"skipped":0,"pct":0},"branches":{"total":2,"covered":0,"skipped":0,"pct":0}}
,"/Users/charlie.hyun/Repositories/picnic-web/components/providers/TranslationSuspenseProvider.tsx": {"lines":{"total":60,"covered":0,"skipped":0,"pct":0},"functions":{"total":19,"covered":0,"skipped":0,"pct":0},"statements":{"total":62,"covered":0,"skipped":0,"pct":0},"branches":{"total":27,"covered":0,"skipped":0,"pct":0}}
,"/Users/charlie.hyun/Repositories/picnic-web/components/server/AsyncBoundary.tsx": {"lines":{"total":9,"covered":3,"skipped":0,"pct":33.33},"functions":{"total":1,"covered":0,"skipped":0,"pct":0},"statements":{"total":9,"covered":3,"skipped":0,"pct":33.33},"branches":{"total":6,"covered":0,"skipped":0,"pct":0}}
,"/Users/charlie.hyun/Repositories/picnic-web/components/server/AuthCallbackSkeleton.tsx": {"lines":{"total":4,"covered":2,"skipped":0,"pct":50},"functions":{"total":1,"covered":0,"skipped":0,"pct":0},"statements":{"total":4,"covered":2,"skipped":0,"pct":50},"branches":{"total":4,"covered":0,"skipped":0,"pct":0}}
,"/Users/charlie.hyun/Repositories/picnic-web/components/server/ErrorBoundary.tsx": {"lines":{"total":26,"covered":3,"skipped":0,"pct":11.53},"functions":{"total":2,"covered":0,"skipped":0,"pct":0},"statements":{"total":26,"covered":3,"skipped":0,"pct":11.53},"branches":{"total":9,"covered":0,"skipped":0,"pct":0}}
,"/Users/charlie.hyun/Repositories/picnic-web/components/server/ErrorState.tsx": {"lines":{"total":3,"covered":2,"skipped":0,"pct":66.66},"functions":{"total":1,"covered":0,"skipped":0,"pct":0},"statements":{"total":3,"covered":2,"skipped":0,"pct":66.66},"branches":{"total":4,"covered":0,"skipped":0,"pct":0}}
,"/Users/charlie.hyun/Repositories/picnic-web/components/server/LoadingState.tsx": {"lines":{"total":4,"covered":1,"skipped":0,"pct":25},"functions":{"total":1,"covered":0,"skipped":0,"pct":0},"statements":{"total":4,"covered":1,"skipped":0,"pct":25},"branches":{"total":9,"covered":0,"skipped":0,"pct":0}}
,"/Users/charlie.hyun/Repositories/picnic-web/components/server/NestedDataFetching.tsx": {"lines":{"total":15,"covered":3,"skipped":0,"pct":20},"functions":{"total":9,"covered":0,"skipped":0,"pct":0},"statements":{"total":17,"covered":3,"skipped":0,"pct":17.64},"branches":{"total":6,"covered":0,"skipped":0,"pct":0}}
,"/Users/charlie.hyun/Repositories/picnic-web/components/server/NotFoundState.tsx": {"lines":{"total":3,"covered":2,"skipped":0,"pct":66.66},"functions":{"total":1,"covered":0,"skipped":0,"pct":0},"statements":{"total":3,"covered":2,"skipped":0,"pct":66.66},"branches":{"total":4,"covered":0,"skipped":0,"pct":0}}
,"/Users/charlie.hyun/Repositories/picnic-web/components/server/ParallelDataFetching.tsx": {"lines":{"total":10,"covered":3,"skipped":0,"pct":30},"functions":{"total":7,"covered":0,"skipped":0,"pct":0},"statements":{"total":10,"covered":3,"skipped":0,"pct":30},"branches":{"total":3,"covered":0,"skipped":0,"pct":0}}
,"/Users/charlie.hyun/Repositories/picnic-web/components/server/ServerClientBoundary.tsx": {"lines":{"total":6,"covered":4,"skipped":0,"pct":66.66},"functions":{"total":2,"covered":0,"skipped":0,"pct":0},"statements":{"total":6,"covered":4,"skipped":0,"pct":66.66},"branches":{"total":0,"covered":0,"skipped":0,"pct":100}}
,"/Users/charlie.hyun/Repositories/picnic-web/components/server/VoteDataExample.tsx": {"lines":{"total":14,"covered":5,"skipped":0,"pct":35.71},"functions":{"total":2,"covered":0,"skipped":0,"pct":0},"statements":{"total":14,"covered":5,"skipped":0,"pct":35.71},"branches":{"total":2,"covered":0,"skipped":0,"pct":0}}
,"/Users/charlie.hyun/Repositories/picnic-web/components/server/VoteDetailSkeleton.tsx": {"lines":{"total":5,"covered":1,"skipped":0,"pct":20},"functions":{"total":4,"covered":0,"skipped":0,"pct":0},"statements":{"total":5,"covered":1,"skipped":0,"pct":20},"branches":{"total":0,"covered":0,"skipped":0,"pct":100}}
,"/Users/charlie.hyun/Repositories/picnic-web/components/server/index.ts": {"lines":{"total":15,"covered":15,"skipped":0,"pct":100},"functions":{"total":0,"covered":0,"skipped":0,"pct":100},"statements":{"total":26,"covered":15,"skipped":0,"pct":57.69},"branches":{"total":0,"covered":0,"skipped":0,"pct":100}}
,"/Users/charlie.hyun/Repositories/picnic-web/components/server/utils.ts": {"lines":{"total":83,"covered":0,"skipped":0,"pct":0},"functions":{"total":22,"covered":0,"skipped":0,"pct":0},"statements":{"total":93,"covered":0,"skipped":0,"pct":0},"branches":{"total":49,"covered":0,"skipped":0,"pct":0}}
,"/Users/charlie.hyun/Repositories/picnic-web/components/server/banner/BannerListFetcher.tsx": {"lines":{"total":4,"covered":2,"skipped":0,"pct":50},"functions":{"total":1,"covered":0,"skipped":0,"pct":0},"statements":{"total":4,"covered":2,"skipped":0,"pct":50},"branches":{"total":1,"covered":0,"skipped":0,"pct":0}}
,"/Users/charlie.hyun/Repositories/picnic-web/components/server/banner/index.ts": {"lines":{"total":1,"covered":1,"skipped":0,"pct":100},"functions":{"total":0,"covered":0,"skipped":0,"pct":100},"statements":{"total":2,"covered":1,"skipped":0,"pct":50},"branches":{"total":0,"covered":0,"skipped":0,"pct":100}}
,"/Users/charlie.hyun/Repositories/picnic-web/components/server/media/MediaListFetcher.tsx": {"lines":{"total":4,"covered":2,"skipped":0,"pct":50},"functions":{"total":1,"covered":0,"skipped":0,"pct":0},"statements":{"total":4,"covered":2,"skipped":0,"pct":50},"branches":{"total":1,"covered":0,"skipped":0,"pct":0}}
,"/Users/charlie.hyun/Repositories/picnic-web/components/server/media/index.ts": {"lines":{"total":1,"covered":1,"skipped":0,"pct":100},"functions":{"total":0,"covered":0,"skipped":0,"pct":100},"statements":{"total":2,"covered":1,"skipped":0,"pct":50},"branches":{"total":0,"covered":0,"skipped":0,"pct":100}}
,"/Users/charlie.hyun/Repositories/picnic-web/components/server/reward/RewardListFetcher.tsx": {"lines":{"total":17,"covered":4,"skipped":0,"pct":23.52},"functions":{"total":4,"covered":0,"skipped":0,"pct":0},"statements":{"total":18,"covered":4,"skipped":0,"pct":22.22},"branches":{"total":11,"covered":0,"skipped":0,"pct":0}}
,"/Users/charlie.hyun/Repositories/picnic-web/components/server/reward/index.ts": {"lines":{"total":1,"covered":1,"skipped":0,"pct":100},"functions":{"total":0,"covered":0,"skipped":0,"pct":100},"statements":{"total":2,"covered":1,"skipped":0,"pct":50},"branches":{"total":0,"covered":0,"skipped":0,"pct":100}}
,"/Users/charlie.hyun/Repositories/picnic-web/components/server/vote/VoteDetailFetcher.tsx": {"lines":{"total":21,"covered":3,"skipped":0,"pct":14.28},"functions":{"total":1,"covered":0,"skipped":0,"pct":0},"statements":{"total":21,"covered":3,"skipped":0,"pct":14.28},"branches":{"total":9,"covered":0,"skipped":0,"pct":0}}
,"/Users/charlie.hyun/Repositories/picnic-web/components/server/vote/VoteListFetcher.tsx": {"lines":{"total":18,"covered":4,"skipped":0,"pct":22.22},"functions":{"total":2,"covered":0,"skipped":0,"pct":0},"statements":{"total":18,"covered":4,"skipped":0,"pct":22.22},"branches":{"total":10,"covered":0,"skipped":0,"pct":0}}
,"/Users/charlie.hyun/Repositories/picnic-web/components/server/vote/VoteStatus.tsx": {"lines":{"total":6,"covered":0,"skipped":0,"pct":0},"functions":{"total":1,"covered":0,"skipped":0,"pct":0},"statements":{"total":6,"covered":0,"skipped":0,"pct":0},"branches":{"total":0,"covered":0,"skipped":0,"pct":100}}
,"/Users/charlie.hyun/Repositories/picnic-web/components/server/vote/index.ts": {"lines":{"total":3,"covered":3,"skipped":0,"pct":100},"functions":{"total":0,"covered":0,"skipped":0,"pct":100},"statements":{"total":6,"covered":3,"skipped":0,"pct":50},"branches":{"total":0,"covered":0,"skipped":0,"pct":100}}
,"/Users/charlie.hyun/Repositories/picnic-web/components/ui/LoadingSpinner.tsx": {"lines":{"total":3,"covered":0,"skipped":0,"pct":0},"functions":{"total":1,"covered":0,"skipped":0,"pct":0},"statements":{"total":4,"covered":0,"skipped":0,"pct":0},"branches":{"total":1,"covered":0,"skipped":0,"pct":0}}
,"/Users/charlie.hyun/Repositories/picnic-web/components/ui/ProfileImageContainer.tsx": {"lines":{"total":4,"covered":0,"skipped":0,"pct":0},"functions":{"total":2,"covered":0,"skipped":0,"pct":0},"statements":{"total":6,"covered":0,"skipped":0,"pct":0},"branches":{"total":1,"covered":0,"skipped":0,"pct":0}}
,"/Users/charlie.hyun/Repositories/picnic-web/components/ui/Dialog/ActionDialog.tsx": {"lines":{"total":22,"covered":5,"skipped":0,"pct":22.72},"functions":{"total":3,"covered":0,"skipped":0,"pct":0},"statements":{"total":23,"covered":5,"skipped":0,"pct":21.73},"branches":{"total":26,"covered":0,"skipped":0,"pct":0}}
,"/Users/charlie.hyun/Repositories/picnic-web/components/ui/Dialog/AlertDialog.tsx": {"lines":{"total":11,"covered":4,"skipped":0,"pct":36.36},"functions":{"total":2,"covered":0,"skipped":0,"pct":0},"statements":{"total":11,"covered":4,"skipped":0,"pct":36.36},"branches":{"total":5,"covered":0,"skipped":0,"pct":0}}
,"/Users/charlie.hyun/Repositories/picnic-web/components/ui/Dialog/ConfirmDialog.tsx": {"lines":{"total":22,"covered":5,"skipped":0,"pct":22.72},"functions":{"total":3,"covered":0,"skipped":0,"pct":0},"statements":{"total":23,"covered":5,"skipped":0,"pct":21.73},"branches":{"total":23,"covered":0,"skipped":0,"pct":0}}
,"/Users/charlie.hyun/Repositories/picnic-web/components/ui/Dialog/Dialog.tsx": {"lines":{"total":51,"covered":18,"skipped":0,"pct":35.29},"functions":{"total":11,"covered":0,"skipped":0,"pct":0},"statements":{"total":53,"covered":18,"skipped":0,"pct":33.96},"branches":{"total":44,"covered":0,"skipped":0,"pct":0}}
,"/Users/charlie.hyun/Repositories/picnic-web/components/ui/Dialog/DialogIcon.tsx": {"lines":{"total":7,"covered":4,"skipped":0,"pct":57.14},"functions":{"total":1,"covered":0,"skipped":0,"pct":0},"statements":{"total":7,"covered":4,"skipped":0,"pct":57.14},"branches":{"total":1,"covered":0,"skipped":0,"pct":0}}
,"/Users/charlie.hyun/Repositories/picnic-web/components/ui/Dialog/DialogProvider.tsx": {"lines":{"total":89,"covered":10,"skipped":0,"pct":11.23},"functions":{"total":26,"covered":0,"skipped":0,"pct":0},"statements":{"total":92,"covered":10,"skipped":0,"pct":10.86},"branches":{"total":14,"covered":0,"skipped":0,"pct":0}}
,"/Users/charlie.hyun/Repositories/picnic-web/components/ui/Dialog/LoginRequiredDialog.tsx": {"lines":{"total":20,"covered":4,"skipped":0,"pct":20},"functions":{"total":3,"covered":0,"skipped":0,"pct":0},"statements":{"total":20,"covered":4,"skipped":0,"pct":20},"branches":{"total":13,"covered":0,"skipped":0,"pct":0}}
,"/Users/charlie.hyun/Repositories/picnic-web/components/ui/Dialog/index.ts": {"lines":{"total":17,"covered":8,"skipped":0,"pct":47.05},"functions":{"total":0,"covered":0,"skipped":0,"pct":100},"statements":{"total":23,"covered":8,"skipped":0,"pct":34.78},"branches":{"total":0,"covered":0,"skipped":0,"pct":100}}
,"/Users/charlie.hyun/Repositories/picnic-web/components/ui/Dialog/theme.ts": {"lines":{"total":10,"covered":8,"skipped":0,"pct":80},"functions":{"total":1,"covered":0,"skipped":0,"pct":0},"statements":{"total":18,"covered":8,"skipped":0,"pct":44.44},"branches":{"total":3,"covered":0,"skipped":0,"pct":0}}
,"/Users/charlie.hyun/Repositories/picnic-web/components/ui/Dialog/examples/AuthGuardExamples.tsx": {"lines":{"total":111,"covered":0,"skipped":0,"pct":0},"functions":{"total":35,"covered":0,"skipped":0,"pct":0},"statements":{"total":115,"covered":0,"skipped":0,"pct":0},"branches":{"total":62,"covered":0,"skipped":0,"pct":0}}
,"/Users/charlie.hyun/Repositories/picnic-web/components/ui/animations/RealtimeAnimations.tsx": {"lines":{"total":35,"covered":2,"skipped":0,"pct":5.71},"functions":{"total":12,"covered":0,"skipped":0,"pct":0},"statements":{"total":35,"covered":2,"skipped":0,"pct":5.71},"branches":{"total":48,"covered":0,"skipped":0,"pct":0}}
,"/Users/charlie.hyun/Repositories/picnic-web/components/ui/animations/VoteAnimations.tsx": {"lines":{"total":49,"covered":0,"skipped":0,"pct":0},"functions":{"total":20,"covered":0,"skipped":0,"pct":0},"statements":{"total":53,"covered":0,"skipped":0,"pct":0},"branches":{"total":60,"covered":0,"skipped":0,"pct":0}}
,"/Users/charlie.hyun/Repositories/picnic-web/components/utils/cn.ts": {"lines":{"total":2,"covered":0,"skipped":0,"pct":0},"functions":{"total":1,"covered":0,"skipped":0,"pct":0},"statements":{"total":2,"covered":0,"skipped":0,"pct":0},"branches":{"total":0,"covered":0,"skipped":0,"pct":100}}
,"/Users/charlie.hyun/Repositories/picnic-web/components/utils/index.ts": {"lines":{"total":1,"covered":0,"skipped":0,"pct":0},"functions":{"total":0,"covered":0,"skipped":0,"pct":100},"statements":{"total":2,"covered":0,"skipped":0,"pct":0},"branches":{"total":0,"covered":0,"skipped":0,"pct":100}}
,"/Users/charlie.hyun/Repositories/picnic-web/contexts/AuthContext.tsx": {"lines":{"total":113,"covered":0,"skipped":0,"pct":0},"functions":{"total":29,"covered":0,"skipped":0,"pct":0},"statements":{"total":136,"covered":0,"skipped":0,"pct":0},"branches":{"total":41,"covered":0,"skipped":0,"pct":0}}
,"/Users/charlie.hyun/Repositories/picnic-web/contexts/ErrorContext.tsx": {"lines":{"total":88,"covered":0,"skipped":0,"pct":0},"functions":{"total":35,"covered":0,"skipped":0,"pct":0},"statements":{"total":95,"covered":0,"skipped":0,"pct":0},"branches":{"total":47,"covered":0,"skipped":0,"pct":0}}
,"/Users/charlie.hyun/Repositories/picnic-web/contexts/NavigationContext.tsx": {"lines":{"total":14,"covered":5,"skipped":0,"pct":35.71},"functions":{"total":6,"covered":0,"skipped":0,"pct":0},"statements":{"total":18,"covered":5,"skipped":0,"pct":27.77},"branches":{"total":1,"covered":0,"skipped":0,"pct":0}}
,"/Users/charlie.hyun/Repositories/picnic-web/contexts/VoteRealtimeContext.tsx": {"lines":{"total":72,"covered":0,"skipped":0,"pct":0},"functions":{"total":20,"covered":0,"skipped":0,"pct":0},"statements":{"total":76,"covered":0,"skipped":0,"pct":0},"branches":{"total":41,"covered":0,"skipped":0,"pct":0}}
,"/Users/charlie.hyun/Repositories/picnic-web/hooks/useAuth.ts": {"lines":{"total":1,"covered":0,"skipped":0,"pct":0},"functions":{"total":0,"covered":0,"skipped":0,"pct":100},"statements":{"total":2,"covered":0,"skipped":0,"pct":0},"branches":{"total":0,"covered":0,"skipped":0,"pct":100}}
,"/Users/charlie.hyun/Repositories/picnic-web/hooks/useAuthGuard.ts": {"lines":{"total":97,"covered":8,"skipped":0,"pct":8.24},"functions":{"total":9,"covered":2,"skipped":0,"pct":22.22},"statements":{"total":97,"covered":8,"skipped":0,"pct":8.24},"branches":{"total":33,"covered":0,"skipped":0,"pct":0}}
,"/Users/charlie.hyun/Repositories/picnic-web/hooks/useBanner.ts": {"lines":{"total":19,"covered":0,"skipped":0,"pct":0},"functions":{"total":3,"covered":0,"skipped":0,"pct":0},"statements":{"total":19,"covered":0,"skipped":0,"pct":0},"branches":{"total":0,"covered":0,"skipped":0,"pct":100}}
,"/Users/charlie.hyun/Repositories/picnic-web/hooks/useBannerCarousel.ts": {"lines":{"total":43,"covered":0,"skipped":0,"pct":0},"functions":{"total":11,"covered":0,"skipped":0,"pct":0},"statements":{"total":49,"covered":0,"skipped":0,"pct":0},"branches":{"total":31,"covered":0,"skipped":0,"pct":0}}
,"/Users/charlie.hyun/Repositories/picnic-web/hooks/useCanVote.ts": {"lines":{"total":43,"covered":0,"skipped":0,"pct":0},"functions":{"total":6,"covered":0,"skipped":0,"pct":0},"statements":{"total":43,"covered":0,"skipped":0,"pct":0},"branches":{"total":18,"covered":0,"skipped":0,"pct":0}}
,"/Users/charlie.hyun/Repositories/picnic-web/hooks/useLocaleRouter.ts": {"lines":{"total":63,"covered":0,"skipped":0,"pct":0},"functions":{"total":11,"covered":0,"skipped":0,"pct":0},"statements":{"total":63,"covered":0,"skipped":0,"pct":0},"branches":{"total":20,"covered":0,"skipped":0,"pct":0}}
,"/Users/charlie.hyun/Repositories/picnic-web/hooks/usePeriodicAuthVerification.ts": {"lines":{"total":116,"covered":0,"skipped":0,"pct":0},"functions":{"total":14,"covered":0,"skipped":0,"pct":0},"statements":{"total":117,"covered":0,"skipped":0,"pct":0},"branches":{"total":48,"covered":0,"skipped":0,"pct":0}}
,"/Users/charlie.hyun/Repositories/picnic-web/hooks/useRetryableQuery.ts": {"lines":{"total":134,"covered":0,"skipped":0,"pct":0},"functions":{"total":28,"covered":0,"skipped":0,"pct":0},"statements":{"total":136,"covered":0,"skipped":0,"pct":0},"branches":{"total":77,"covered":0,"skipped":0,"pct":0}}
,"/Users/charlie.hyun/Repositories/picnic-web/hooks/useSupabaseQuery.ts": {"lines":{"total":36,"covered":0,"skipped":0,"pct":0},"functions":{"total":6,"covered":0,"skipped":0,"pct":0},"statements":{"total":38,"covered":0,"skipped":0,"pct":0},"branches":{"total":4,"covered":0,"skipped":0,"pct":0}}
,"/Users/charlie.hyun/Repositories/picnic-web/hooks/useSupabaseRealtime.ts": {"lines":{"total":77,"covered":0,"skipped":0,"pct":0},"functions":{"total":13,"covered":0,"skipped":0,"pct":0},"statements":{"total":77,"covered":0,"skipped":0,"pct":0},"branches":{"total":39,"covered":0,"skipped":0,"pct":0}}
,"/Users/charlie.hyun/Repositories/picnic-web/hooks/useTranslationReady.ts": {"lines":{"total":4,"covered":1,"skipped":0,"pct":25},"functions":{"total":1,"covered":0,"skipped":0,"pct":0},"statements":{"total":4,"covered":1,"skipped":0,"pct":25},"branches":{"total":4,"covered":0,"skipped":0,"pct":0}}
,"/Users/charlie.hyun/Repositories/picnic-web/hooks/useVoteList.ts": {"lines":{"total":22,"covered":0,"skipped":0,"pct":0},"functions":{"total":3,"covered":0,"skipped":0,"pct":0},"statements":{"total":22,"covered":0,"skipped":0,"pct":0},"branches":{"total":2,"covered":0,"skipped":0,"pct":0}}
,"/Users/charlie.hyun/Repositories/picnic-web/hooks/useVoteRealtime.ts": {"lines":{"total":103,"covered":2,"skipped":0,"pct":1.94},"functions":{"total":16,"covered":0,"skipped":0,"pct":0},"statements":{"total":104,"covered":2,"skipped":0,"pct":1.92},"branches":{"total":26,"covered":0,"skipped":0,"pct":0}}
,"/Users/charlie.hyun/Repositories/picnic-web/hooks/useVoteRealtimeEnhanced.ts": {"lines":{"total":222,"covered":3,"skipped":0,"pct":1.35},"functions":{"total":37,"covered":0,"skipped":0,"pct":0},"statements":{"total":236,"covered":3,"skipped":0,"pct":1.27},"branches":{"total":127,"covered":0,"skipped":0,"pct":0}}
,"/Users/charlie.hyun/Repositories/picnic-web/hooks/useVoteRealtimeOptimized.ts": {"lines":{"total":186,"covered":0,"skipped":0,"pct":0},"functions":{"total":40,"covered":0,"skipped":0,"pct":0},"statements":{"total":203,"covered":0,"skipped":0,"pct":0},"branches":{"total":110,"covered":0,"skipped":0,"pct":0}}
,"/Users/charlie.hyun/Repositories/picnic-web/hooks/useVoteResults.ts": {"lines":{"total":15,"covered":0,"skipped":0,"pct":0},"functions":{"total":5,"covered":0,"skipped":0,"pct":0},"statements":{"total":15,"covered":0,"skipped":0,"pct":0},"branches":{"total":6,"covered":0,"skipped":0,"pct":0}}
,"/Users/charlie.hyun/Repositories/picnic-web/hooks/useVoteSubmit.ts": {"lines":{"total":27,"covered":0,"skipped":0,"pct":0},"functions":{"total":4,"covered":0,"skipped":0,"pct":0},"statements":{"total":27,"covered":0,"skipped":0,"pct":0},"branches":{"total":13,"covered":0,"skipped":0,"pct":0}}
,"/Users/charlie.hyun/Repositories/picnic-web/lib/crowdin.ts": {"lines":{"total":37,"covered":0,"skipped":0,"pct":0},"functions":{"total":7,"covered":0,"skipped":0,"pct":0},"statements":{"total":37,"covered":0,"skipped":0,"pct":0},"branches":{"total":15,"covered":0,"skipped":0,"pct":0}}
,"/Users/charlie.hyun/Repositories/picnic-web/lib/supabase.ts": {"lines":{"total":6,"covered":0,"skipped":0,"pct":0},"functions":{"total":0,"covered":0,"skipped":0,"pct":100},"statements":{"total":7,"covered":0,"skipped":0,"pct":0},"branches":{"total":3,"covered":0,"skipped":0,"pct":0}}
,"/Users/charlie.hyun/Repositories/picnic-web/lib/utils.ts": {"lines":{"total":2,"covered":0,"skipped":0,"pct":0},"functions":{"total":1,"covered":0,"skipped":0,"pct":0},"statements":{"total":2,"covered":0,"skipped":0,"pct":0},"branches":{"total":0,"covered":0,"skipped":0,"pct":100}}
,"/Users/charlie.hyun/Repositories/picnic-web/lib/auth/logout.ts": {"lines":{"total":172,"covered":0,"skipped":0,"pct":0},"functions":{"total":26,"covered":0,"skipped":0,"pct":0},"statements":{"total":181,"covered":0,"skipped":0,"pct":0},"branches":{"total":77,"covered":0,"skipped":0,"pct":0}}
,"/Users/charlie.hyun/Repositories/picnic-web/lib/data-fetching/fetchers.ts": {"lines":{"total":39,"covered":0,"skipped":0,"pct":0},"functions":{"total":9,"covered":0,"skipped":0,"pct":0},"statements":{"total":43,"covered":0,"skipped":0,"pct":0},"branches":{"total":20,"covered":0,"skipped":0,"pct":0}}
,"/Users/charlie.hyun/Repositories/picnic-web/lib/data-fetching/reward-service.ts": {"lines":{"total":25,"covered":0,"skipped":0,"pct":0},"functions":{"total":5,"covered":0,"skipped":0,"pct":0},"statements":{"total":28,"covered":0,"skipped":0,"pct":0},"branches":{"total":11,"covered":0,"skipped":0,"pct":0}}
,"/Users/charlie.hyun/Repositories/picnic-web/lib/data-fetching/supabase-service.ts": {"lines":{"total":407,"covered":27,"skipped":0,"pct":6.63},"functions":{"total":34,"covered":0,"skipped":0,"pct":0},"statements":{"total":434,"covered":27,"skipped":0,"pct":6.22},"branches":{"total":252,"covered":0,"skipped":0,"pct":0}}
,"/Users/charlie.hyun/Repositories/picnic-web/lib/data-fetching/vote-api-enhanced.ts": {"lines":{"total":121,"covered":0,"skipped":0,"pct":0},"functions":{"total":16,"covered":0,"skipped":0,"pct":0},"statements":{"total":136,"covered":0,"skipped":0,"pct":0},"branches":{"total":34,"covered":0,"skipped":0,"pct":0}}
,"/Users/charlie.hyun/Repositories/picnic-web/lib/data-fetching/vote-api.ts": {"lines":{"total":62,"covered":1,"skipped":0,"pct":1.61},"functions":{"total":7,"covered":0,"skipped":0,"pct":0},"statements":{"total":62,"covered":1,"skipped":0,"pct":1.61},"branches":{"total":19,"covered":0,"skipped":0,"pct":0}}
,"/Users/charlie.hyun/Repositories/picnic-web/lib/data-fetching/vote-service.ts": {"lines":{"total":79,"covered":5,"skipped":0,"pct":6.32},"functions":{"total":9,"covered":0,"skipped":0,"pct":0},"statements":{"total":83,"covered":5,"skipped":0,"pct":6.02},"branches":{"total":37,"covered":0,"skipped":0,"pct":0}}
,"/Users/charlie.hyun/Repositories/picnic-web/lib/supabase/auth-provider-enhanced.tsx": {"lines":{"total":147,"covered":0,"skipped":0,"pct":0},"functions":{"total":17,"covered":0,"skipped":0,"pct":0},"statements":{"total":153,"covered":0,"skipped":0,"pct":0},"branches":{"total":47,"covered":0,"skipped":0,"pct":0}}
,"/Users/charlie.hyun/Repositories/picnic-web/lib/supabase/auth-provider.tsx": {"lines":{"total":246,"covered":9,"skipped":0,"pct":3.65},"functions":{"total":26,"covered":1,"skipped":0,"pct":3.84},"statements":{"total":256,"covered":9,"skipped":0,"pct":3.51},"branches":{"total":78,"covered":1,"skipped":0,"pct":1.28}}
,"/Users/charlie.hyun/Repositories/picnic-web/lib/supabase/client.ts": {"lines":{"total":139,"covered":0,"skipped":0,"pct":0},"functions":{"total":20,"covered":0,"skipped":0,"pct":0},"statements":{"total":144,"covered":0,"skipped":0,"pct":0},"branches":{"total":41,"covered":0,"skipped":0,"pct":0}}
,"/Users/charlie.hyun/Repositories/picnic-web/lib/supabase/error.ts": {"lines":{"total":40,"covered":2,"skipped":0,"pct":5},"functions":{"total":4,"covered":0,"skipped":0,"pct":0},"statements":{"total":40,"covered":2,"skipped":0,"pct":5},"branches":{"total":46,"covered":0,"skipped":0,"pct":0}}
,"/Users/charlie.hyun/Repositories/picnic-web/lib/supabase/index.ts": {"lines":{"total":12,"covered":0,"skipped":0,"pct":0},"functions":{"total":0,"covered":0,"skipped":0,"pct":100},"statements":{"total":14,"covered":0,"skipped":0,"pct":0},"branches":{"total":0,"covered":0,"skipped":0,"pct":100}}
,"/Users/charlie.hyun/Repositories/picnic-web/lib/supabase/realtime.ts": {"lines":{"total":273,"covered":2,"skipped":0,"pct":0.73},"functions":{"total":56,"covered":0,"skipped":0,"pct":0},"statements":{"total":280,"covered":2,"skipped":0,"pct":0.71},"branches":{"total":112,"covered":0,"skipped":0,"pct":0}}
,"/Users/charlie.hyun/Repositories/picnic-web/lib/supabase/server.ts": {"lines":{"total":47,"covered":0,"skipped":0,"pct":0},"functions":{"total":15,"covered":0,"skipped":0,"pct":0},"statements":{"total":49,"covered":0,"skipped":0,"pct":0},"branches":{"total":27,"covered":0,"skipped":0,"pct":0}}
,"/Users/charlie.hyun/Repositories/picnic-web/lib/supabase/transforms.ts": {"lines":{"total":10,"covered":0,"skipped":0,"pct":0},"functions":{"total":2,"covered":0,"skipped":0,"pct":0},"statements":{"total":13,"covered":0,"skipped":0,"pct":0},"branches":{"total":2,"covered":0,"skipped":0,"pct":0}}
,"/Users/charlie.hyun/Repositories/picnic-web/lib/supabase/social/apple.ts": {"lines":{"total":55,"covered":1,"skipped":0,"pct":1.81},"functions":{"total":6,"covered":0,"skipped":0,"pct":0},"statements":{"total":55,"covered":1,"skipped":0,"pct":1.81},"branches":{"total":36,"covered":0,"skipped":0,"pct":0}}
,"/Users/charlie.hyun/Repositories/picnic-web/lib/supabase/social/google.ts": {"lines":{"total":49,"covered":1,"skipped":0,"pct":2.04},"functions":{"total":4,"covered":0,"skipped":0,"pct":0},"statements":{"total":49,"covered":1,"skipped":0,"pct":2.04},"branches":{"total":44,"covered":0,"skipped":0,"pct":0}}
,"/Users/charlie.hyun/Repositories/picnic-web/lib/supabase/social/index.ts": {"lines":{"total":15,"covered":9,"skipped":0,"pct":60},"functions":{"total":1,"covered":0,"skipped":0,"pct":0},"statements":{"total":18,"covered":9,"skipped":0,"pct":50},"branches":{"total":2,"covered":0,"skipped":0,"pct":0}}
,"/Users/charlie.hyun/Repositories/picnic-web/lib/supabase/social/kakao.ts": {"lines":{"total":47,"covered":1,"skipped":0,"pct":2.12},"functions":{"total":5,"covered":0,"skipped":0,"pct":0},"statements":{"total":47,"covered":1,"skipped":0,"pct":2.12},"branches":{"total":45,"covered":0,"skipped":0,"pct":0}}
,"/Users/charlie.hyun/Repositories/picnic-web/lib/supabase/social/service.ts": {"lines":{"total":211,"covered":3,"skipped":0,"pct":1.42},"functions":{"total":19,"covered":0,"skipped":0,"pct":0},"statements":{"total":216,"covered":3,"skipped":0,"pct":1.38},"branches":{"total":122,"covered":0,"skipped":0,"pct":0}}
,"/Users/charlie.hyun/Repositories/picnic-web/lib/supabase/social/types.ts": {"lines":{"total":7,"covered":1,"skipped":0,"pct":14.28},"functions":{"total":1,"covered":0,"skipped":0,"pct":0},"statements":{"total":7,"covered":1,"skipped":0,"pct":14.28},"branches":{"total":0,"covered":0,"skipped":0,"pct":100}}
,"/Users/charlie.hyun/Repositories/picnic-web/lib/supabase/social/wechat.ts": {"lines":{"total":215,"covered":1,"skipped":0,"pct":0.46},"functions":{"total":13,"covered":0,"skipped":0,"pct":0},"statements":{"total":217,"covered":1,"skipped":0,"pct":0.46},"branches":{"total":113,"covered":0,"skipped":0,"pct":0}}
,"/Users/charlie.hyun/Repositories/picnic-web/stores/errorStore.ts": {"lines":{"total":13,"covered":0,"skipped":0,"pct":0},"functions":{"total":4,"covered":0,"skipped":0,"pct":0},"statements":{"total":17,"covered":0,"skipped":0,"pct":0},"branches":{"total":12,"covered":0,"skipped":0,"pct":0}}
,"/Users/charlie.hyun/Repositories/picnic-web/stores/languageStore.ts": {"lines":{"total":176,"covered":36,"skipped":0,"pct":20.45},"functions":{"total":21,"covered":9,"skipped":0,"pct":42.85},"statements":{"total":182,"covered":37,"skipped":0,"pct":20.32},"branches":{"total":74,"covered":8,"skipped":0,"pct":10.81}}
,"/Users/charlie.hyun/Repositories/picnic-web/stores/voteFilterStore.ts": {"lines":{"total":39,"covered":21,"skipped":0,"pct":53.84},"functions":{"total":9,"covered":6,"skipped":0,"pct":66.66},"statements":{"total":42,"covered":21,"skipped":0,"pct":50},"branches":{"total":8,"covered":1,"skipped":0,"pct":12.5}}
,"/Users/charlie.hyun/Repositories/picnic-web/stores/voteStore.ts": {"lines":{"total":230,"covered":15,"skipped":0,"pct":6.52},"functions":{"total":76,"covered":1,"skipped":0,"pct":1.31},"statements":{"total":236,"covered":15,"skipped":0,"pct":6.35},"branches":{"total":109,"covered":0,"skipped":0,"pct":0}}
,"/Users/charlie.hyun/Repositories/picnic-web/utils/api-error-handler.ts": {"lines":{"total":56,"covered":0,"skipped":0,"pct":0},"functions":{"total":15,"covered":0,"skipped":0,"pct":0},"statements":{"total":57,"covered":0,"skipped":0,"pct":0},"branches":{"total":30,"covered":0,"skipped":0,"pct":0}}
,"/Users/charlie.hyun/Repositories/picnic-web/utils/auth-redirect.ts": {"lines":{"total":120,"covered":5,"skipped":0,"pct":4.16},"functions":{"total":18,"covered":0,"skipped":0,"pct":0},"statements":{"total":129,"covered":5,"skipped":0,"pct":3.87},"branches":{"total":53,"covered":0,"skipped":0,"pct":0}}
,"/Users/charlie.hyun/Repositories/picnic-web/utils/date.ts": {"lines":{"total":13,"covered":2,"skipped":0,"pct":15.38},"functions":{"total":2,"covered":0,"skipped":0,"pct":0},"statements":{"total":14,"covered":2,"skipped":0,"pct":14.28},"branches":{"total":4,"covered":0,"skipped":0,"pct":0}}
,"/Users/charlie.hyun/Repositories/picnic-web/utils/enums.ts": {"lines":{"total":4,"covered":4,"skipped":0,"pct":100},"functions":{"total":0,"covered":0,"skipped":0,"pct":100},"statements":{"total":4,"covered":4,"skipped":0,"pct":100},"branches":{"total":0,"covered":0,"skipped":0,"pct":100}}
,"/Users/charlie.hyun/Repositories/picnic-web/utils/error.ts": {"lines":{"total":171,"covered":0,"skipped":0,"pct":0},"functions":{"total":45,"covered":0,"skipped":0,"pct":0},"statements":{"total":179,"covered":0,"skipped":0,"pct":0},"branches":{"total":90,"covered":0,"skipped":0,"pct":0}}
,"/Users/charlie.hyun/Repositories/picnic-web/utils/global-timer.ts": {"lines":{"total":25,"covered":0,"skipped":0,"pct":0},"functions":{"total":7,"covered":0,"skipped":0,"pct":0},"statements":{"total":28,"covered":0,"skipped":0,"pct":0},"branches":{"total":10,"covered":0,"skipped":0,"pct":0}}
,"/Users/charlie.hyun/Repositories/picnic-web/utils/logger.ts": {"lines":{"total":98,"covered":0,"skipped":0,"pct":0},"functions":{"total":26,"covered":0,"skipped":0,"pct":0},"statements":{"total":100,"covered":0,"skipped":0,"pct":0},"branches":{"total":59,"covered":0,"skipped":0,"pct":0}}
,"/Users/charlie.hyun/Repositories/picnic-web/utils/performance.ts": {"lines":{"total":116,"covered":0,"skipped":0,"pct":0},"functions":{"total":27,"covered":0,"skipped":0,"pct":0},"statements":{"total":131,"covered":0,"skipped":0,"pct":0},"branches":{"total":37,"covered":0,"skipped":0,"pct":0}}
,"/Users/charlie.hyun/Repositories/picnic-web/utils/retry.ts": {"lines":{"total":97,"covered":0,"skipped":0,"pct":0},"functions":{"total":33,"covered":0,"skipped":0,"pct":0},"statements":{"total":105,"covered":0,"skipped":0,"pct":0},"branches":{"total":42,"covered":0,"skipped":0,"pct":0}}
,"/Users/charlie.hyun/Repositories/picnic-web/utils/server-action-error-handler.ts": {"lines":{"total":50,"covered":0,"skipped":0,"pct":0},"functions":{"total":13,"covered":0,"skipped":0,"pct":0},"statements":{"total":51,"covered":0,"skipped":0,"pct":0},"branches":{"total":28,"covered":0,"skipped":0,"pct":0}}
,"/Users/charlie.hyun/Repositories/picnic-web/utils/supabase-client.ts": {"lines":{"total":36,"covered":0,"skipped":0,"pct":0},"functions":{"total":5,"covered":0,"skipped":0,"pct":0},"statements":{"total":40,"covered":0,"skipped":0,"pct":0},"branches":{"total":13,"covered":0,"skipped":0,"pct":0}}
,"/Users/charlie.hyun/Repositories/picnic-web/utils/supabase-server-client.ts": {"lines":{"total":42,"covered":5,"skipped":0,"pct":11.9},"functions":{"total":21,"covered":0,"skipped":0,"pct":0},"statements":{"total":47,"covered":5,"skipped":0,"pct":10.63},"branches":{"total":3,"covered":0,"skipped":0,"pct":0}}
,"/Users/charlie.hyun/Repositories/picnic-web/utils/transform.ts": {"lines":{"total":26,"covered":0,"skipped":0,"pct":0},"functions":{"total":8,"covered":0,"skipped":0,"pct":0},"statements":{"total":28,"covered":0,"skipped":0,"pct":0},"branches":{"total":12,"covered":0,"skipped":0,"pct":0}}
,"/Users/charlie.hyun/Repositories/picnic-web/utils/translationLogger.ts": {"lines":{"total":64,"covered":6,"skipped":0,"pct":9.37},"functions":{"total":13,"covered":1,"skipped":0,"pct":7.69},"statements":{"total":67,"covered":6,"skipped":0,"pct":8.95},"branches":{"total":39,"covered":3,"skipped":0,"pct":7.69}}
,"/Users/charlie.hyun/Repositories/picnic-web/utils/vote-data-formatter.ts": {"lines":{"total":18,"covered":2,"skipped":0,"pct":11.11},"functions":{"total":5,"covered":0,"skipped":0,"pct":0},"statements":{"total":21,"covered":2,"skipped":0,"pct":9.52},"branches":{"total":16,"covered":0,"skipped":0,"pct":0}}
,"/Users/charlie.hyun/Repositories/picnic-web/utils/vote.ts": {"lines":{"total":7,"covered":0,"skipped":0,"pct":0},"functions":{"total":6,"covered":0,"skipped":0,"pct":0},"statements":{"total":12,"covered":0,"skipped":0,"pct":0},"branches":{"total":10,"covered":0,"skipped":0,"pct":0}}
,"/Users/charlie.hyun/Repositories/picnic-web/utils/api/auth.ts": {"lines":{"total":17,"covered":0,"skipped":0,"pct":0},"functions":{"total":5,"covered":0,"skipped":0,"pct":0},"statements":{"total":24,"covered":0,"skipped":0,"pct":0},"branches":{"total":2,"covered":0,"skipped":0,"pct":0}}
,"/Users/charlie.hyun/Repositories/picnic-web/utils/api/enhanced-retry-utils.ts": {"lines":{"total":129,"covered":0,"skipped":0,"pct":0},"functions":{"total":35,"covered":0,"skipped":0,"pct":0},"statements":{"total":145,"covered":0,"skipped":0,"pct":0},"branches":{"total":36,"covered":0,"skipped":0,"pct":0}}
,"/Users/charlie.hyun/Repositories/picnic-web/utils/api/hydration-safe-data.ts": {"lines":{"total":53,"covered":0,"skipped":0,"pct":0},"functions":{"total":10,"covered":0,"skipped":0,"pct":0},"statements":{"total":59,"covered":0,"skipped":0,"pct":0},"branches":{"total":14,"covered":0,"skipped":0,"pct":0}}
,"/Users/charlie.hyun/Repositories/picnic-web/utils/api/image.ts": {"lines":{"total":25,"covered":2,"skipped":0,"pct":8},"functions":{"total":1,"covered":0,"skipped":0,"pct":0},"statements":{"total":27,"covered":2,"skipped":0,"pct":7.4},"branches":{"total":22,"covered":0,"skipped":0,"pct":0}}
,"/Users/charlie.hyun/Repositories/picnic-web/utils/api/queries.ts": {"lines":{"total":125,"covered":23,"skipped":0,"pct":18.4},"functions":{"total":21,"covered":0,"skipped":0,"pct":0},"statements":{"total":160,"covered":23,"skipped":0,"pct":14.37},"branches":{"total":53,"covered":0,"skipped":0,"pct":0}}
,"/Users/charlie.hyun/Repositories/picnic-web/utils/api/retry-utils.ts": {"lines":{"total":23,"covered":4,"skipped":0,"pct":17.39},"functions":{"total":7,"covered":1,"skipped":0,"pct":14.28},"statements":{"total":26,"covered":4,"skipped":0,"pct":15.38},"branches":{"total":5,"covered":1,"skipped":0,"pct":20}}
,"/Users/charlie.hyun/Repositories/picnic-web/utils/api/serverQueries.ts": {"lines":{"total":35,"covered":0,"skipped":0,"pct":0},"functions":{"total":6,"covered":0,"skipped":0,"pct":0},"statements":{"total":46,"covered":0,"skipped":0,"pct":0},"branches":{"total":12,"covered":0,"skipped":0,"pct":0}}
,"/Users/charlie.hyun/Repositories/picnic-web/utils/api/strings.ts": {"lines":{"total":31,"covered":3,"skipped":0,"pct":9.67},"functions":{"total":2,"covered":0,"skipped":0,"pct":0},"statements":{"total":39,"covered":3,"skipped":0,"pct":7.69},"branches":{"total":22,"covered":0,"skipped":0,"pct":0}}
}
