TN:
SF:app/global-error.tsx
FN:13,GlobalError
FN:20,(anonymous_2)
FN:22,(anonymous_3)
FN:94,(anonymous_4)
FNF:4
FNH:0
FNDA:0,GlobalError
FNDA:0,(anonymous_2)
FNDA:0,(anonymous_3)
FNDA:0,(anonymous_4)
DA:4,0
DA:5,0
DA:13,0
DA:20,0
DA:22,0
DA:23,0
DA:24,0
DA:35,0
DA:38,0
DA:48,0
DA:50,0
DA:54,0
DA:96,0
LF:13
LH:0
BRDA:25,0,0,0
BRDA:25,0,1,0
BRDA:26,1,0,0
BRDA:26,1,1,0
BRDA:74,2,0,0
BRDA:105,3,0,0
BRDA:113,4,0,0
BRDA:116,5,0,0
BRDA:129,6,0,0
BRDA:135,7,0,0
BRDA:135,7,1,0
BRF:11
BRH:0
end_of_record
TN:
SF:app/instrumentation.ts
FN:5,register
FNF:1
FNH:0
FNDA:0,register
DA:2,0
DA:5,0
DA:6,0
LF:3
LH:0
BRDA:14,0,0,0
BRDA:14,0,1,0
BRDA:15,1,0,0
BRDA:15,1,1,0
BRDA:16,2,0,0
BRDA:16,2,1,0
BRF:6
BRH:0
end_of_record
TN:
SF:app/[lang]/ClientLayout.tsx
FN:21,GlobalErrorIntegration
FN:24,(anonymous_5)
FN:29,(anonymous_6)
FN:37,(anonymous_7)
FN:49,(anonymous_8)
FN:59,ClientLayout
FN:72,(anonymous_10)
FNF:7
FNH:0
FNDA:0,GlobalErrorIntegration
FNDA:0,(anonymous_5)
FNDA:0,(anonymous_6)
FNDA:0,(anonymous_7)
FNDA:0,(anonymous_8)
FNDA:0,ClientLayout
FNDA:0,(anonymous_10)
DA:3,0
DA:4,0
DA:5,0
DA:6,0
DA:7,0
DA:8,0
DA:9,0
DA:10,0
DA:11,0
DA:12,0
DA:13,0
DA:22,0
DA:24,0
DA:26,0
DA:29,0
DA:30,0
DA:31,0
DA:37,0
DA:38,0
DA:39,0
DA:46,0
DA:47,0
DA:49,0
DA:51,0
DA:52,0
DA:56,0
DA:59,0
DA:74,0
LF:28
LH:0
BRDA:32,0,0,0
BRDA:32,0,1,0
BRDA:40,1,0,0
BRDA:40,1,1,0
BRF:4
BRH:0
end_of_record
TN:
SF:app/[lang]/Footer.tsx
FN:6,(anonymous_2)
FNF:1
FNH:0
FNDA:0,(anonymous_2)
DA:3,0
DA:4,0
DA:6,0
DA:7,0
DA:9,0
DA:31,0
DA:47,0
LF:7
LH:0
BRDA:31,0,0,0
BRDA:31,0,1,0
BRDA:31,1,0,0
BRDA:31,1,1,0
BRF:4
BRH:0
end_of_record
TN:
SF:app/[lang]/error.tsx
FN:12,Error
FN:19,(anonymous_2)
FN:21,(anonymous_3)
FN:69,(anonymous_4)
FNF:4
FNH:0
FNDA:0,Error
FNDA:0,(anonymous_2)
FNDA:0,(anonymous_3)
FNDA:0,(anonymous_4)
DA:3,0
DA:4,0
DA:12,0
DA:19,0
DA:21,0
DA:22,0
DA:23,0
DA:33,0
DA:35,0
DA:39,0
DA:69,0
LF:11
LH:0
BRDA:24,0,0,0
BRDA:24,0,1,0
BRDA:25,1,0,0
BRDA:25,1,1,0
BRDA:54,2,0,0
BRDA:76,3,0,0
BRDA:83,4,0,0
BRF:7
BRH:0
end_of_record
TN:
SF:app/[lang]/layout.tsx
FN:19,generateMetadata
FN:47,RootLayout
FNF:2
FNH:0
FNDA:0,generateMetadata
FNDA:0,RootLayout
DA:2,0
DA:3,0
DA:4,0
DA:6,0
DA:7,0
DA:9,0
DA:12,0
DA:19,0
DA:25,0
DA:28,0
DA:39,0
DA:47,0
DA:55,0
LF:13
LH:0
BRDA:31,0,0,0
BRDA:31,0,1,0
BRDA:35,1,0,0
BRDA:35,1,1,0
BRDA:58,2,0,0
BRDA:58,2,1,0
BRF:6
BRH:0
end_of_record
TN:
SF:app/[lang]/metadata.ts
FNF:0
FNH:0
DA:2,0
DA:3,0
DA:10,0
LF:3
LH:0
BRF:0
BRH:0
end_of_record
TN:
SF:app/[lang]/not-found.tsx
FN:9,NotFound
FN:14,(anonymous_3)
FN:18,(anonymous_4)
FN:25,(anonymous_5)
FNF:4
FNH:0
FNDA:0,NotFound
FNDA:0,(anonymous_3)
FNDA:0,(anonymous_4)
FNDA:0,(anonymous_5)
DA:3,0
DA:4,0
DA:5,0
DA:6,0
DA:7,0
DA:9,0
DA:10,0
DA:11,0
DA:12,0
DA:14,0
DA:15,0
DA:18,0
DA:20,0
DA:23,0
DA:25,0
DA:26,0
DA:30,0
LF:17
LH:0
BRDA:30,0,0,0
BRF:1
BRH:0
end_of_record
TN:
SF:app/[lang]/page.tsx
FN:3,Home
FNF:1
FNH:0
FNDA:0,Home
DA:1,0
DA:3,0
DA:4,0
DA:5,0
LF:4
LH:0
BRF:0
BRH:0
end_of_record
TN:
SF:app/[lang]/robots.ts
FN:12,robots
FNF:1
FNH:0
FNDA:0,robots
DA:2,0
DA:12,0
DA:13,0
DA:16,0
DA:17,0
DA:26,0
LF:6
LH:0
BRDA:13,0,0,0
BRDA:13,0,1,0
BRDA:16,1,0,0
BRF:3
BRH:0
end_of_record
TN:
SF:app/[lang]/sitemap.ts
FN:18,detectAppPages
FN:23,scanDir
FN:79,sitemap
FN:84,(anonymous_5)
FN:85,(anonymous_6)
FN:98,(anonymous_7)
FN:99,(anonymous_8)
FN:115,(anonymous_9)
FN:116,(anonymous_10)
FNF:9
FNH:0
FNDA:0,detectAppPages
FNDA:0,scanDir
FNDA:0,sitemap
FNDA:0,(anonymous_5)
FNDA:0,(anonymous_6)
FNDA:0,(anonymous_7)
FNDA:0,(anonymous_8)
FNDA:0,(anonymous_9)
FNDA:0,(anonymous_10)
DA:3,0
DA:4,0
DA:5,0
DA:6,0
DA:7,0
DA:19,0
DA:20,0
DA:24,0
DA:26,0
DA:28,0
DA:35,0
DA:38,0
DA:40,0
DA:42,0
DA:43,0
DA:45,0
DA:48,0
DA:50,0
DA:55,0
DA:56,0
DA:62,0
DA:63,0
DA:64,0
DA:66,0
DA:67,0
DA:79,0
DA:81,0
DA:84,0
DA:85,0
DA:94,0
DA:95,0
DA:96,0
DA:98,0
DA:99,0
DA:107,0
DA:111,0
DA:112,0
DA:113,0
DA:115,0
DA:116,0
DA:124,0
DA:128,0
LF:42
LH:0
BRDA:23,0,0,0
BRDA:28,1,0,0
BRDA:29,2,0,0
BRDA:29,2,1,0
BRDA:29,2,2,0
BRDA:29,2,3,0
BRDA:29,2,4,0
BRDA:29,2,5,0
BRDA:29,2,6,0
BRDA:29,2,7,0
BRDA:29,2,8,0
BRDA:40,3,0,0
BRDA:40,3,1,0
BRDA:42,4,0,0
BRDA:42,4,1,0
BRDA:42,5,0,0
BRDA:42,5,1,0
BRDA:45,6,0,0
BRDA:45,6,1,0
BRDA:50,7,0,0
BRDA:51,8,0,0
BRDA:51,8,1,0
BRDA:51,8,2,0
BRDA:55,9,0,0
BRDA:55,10,0,0
BRDA:55,10,1,0
BRDA:86,11,0,0
BRDA:86,11,1,0
BRDA:89,12,0,0
BRDA:89,12,1,0
BRDA:101,13,0,0
BRDA:101,13,1,0
BRDA:118,14,0,0
BRDA:118,14,1,0
BRF:34
BRH:0
end_of_record
TN:
SF:app/[lang]/(auth)/login/page.tsx
FN:34,(anonymous_2)
FN:55,LoginContentInner
FN:72,(anonymous_4)
FN:77,(anonymous_5)
FN:99,(anonymous_6)
FN:113,(anonymous_7)
FN:116,(anonymous_8)
FN:214,(anonymous_9)
FN:289,(anonymous_10)
FN:298,(anonymous_11)
FN:493,(anonymous_12)
FN:559,LoginContent
FN:638,Login
FNF:13
FNH:0
FNDA:0,(anonymous_2)
FNDA:0,LoginContentInner
FNDA:0,(anonymous_4)
FNDA:0,(anonymous_5)
FNDA:0,(anonymous_6)
FNDA:0,(anonymous_7)
FNDA:0,(anonymous_8)
FNDA:0,(anonymous_9)
FNDA:0,(anonymous_10)
FNDA:0,(anonymous_11)
FNDA:0,(anonymous_12)
FNDA:0,LoginContent
FNDA:0,Login
DA:3,0
DA:5,0
DA:6,0
DA:7,0
DA:9,0
DA:10,0
DA:11,0
DA:12,0
DA:13,0
DA:34,0
DA:35,0
DA:36,0
DA:38,0
DA:39,0
DA:45,0
DA:46,0
DA:48,0
DA:56,0
DA:57,0
DA:58,0
DA:66,0
DA:67,0
DA:68,0
DA:69,0
DA:72,0
DA:73,0
DA:77,0
DA:78,0
DA:79,0
DA:99,0
DA:100,0
DA:101,0
DA:102,0
DA:105,0
DA:107,0
DA:113,0
DA:114,0
DA:116,0
DA:117,0
DA:118,0
DA:119,0
DA:120,0
DA:121,0
DA:122,0
DA:124,0
DA:135,0
DA:136,0
DA:137,0
DA:139,0
DA:141,0
DA:142,0
DA:144,0
DA:145,0
DA:148,0
DA:151,0
DA:152,0
DA:160,0
DA:163,0
DA:169,0
DA:170,0
DA:171,0
DA:175,0
DA:176,0
DA:177,0
DA:178,0
DA:179,0
DA:182,0
DA:183,0
DA:184,0
DA:188,0
DA:194,0
DA:200,0
DA:201,0
DA:206,0
DA:207,0
DA:208,0
DA:209,0
DA:210,0
DA:213,0
DA:214,0
DA:215,0
DA:216,0
DA:218,0
DA:220,0
DA:226,0
DA:227,0
DA:232,0
DA:244,0
DA:245,0
DA:246,0
DA:247,0
DA:248,0
DA:249,0
DA:250,0
DA:251,0
DA:254,0
DA:256,0
DA:261,0
DA:268,0
DA:269,0
DA:277,0
DA:281,0
DA:285,0
DA:289,0
DA:290,0
DA:292,0
DA:293,0
DA:294,0
DA:295,0
DA:298,0
DA:299,0
DA:300,0
DA:302,0
DA:306,0
DA:308,0
DA:317,0
DA:318,0
DA:319,0
DA:320,0
DA:322,0
DA:323,0
DA:325,0
DA:329,0
DA:330,0
DA:331,0
DA:333,0
DA:334,0
DA:336,0
DA:341,0
DA:343,0
DA:348,0
DA:350,0
DA:351,0
DA:353,0
DA:360,0
DA:366,0
DA:367,0
DA:368,0
DA:369,0
DA:370,0
DA:371,0
DA:372,0
DA:378,0
DA:388,0
DA:389,0
DA:409,0
DA:410,0
DA:427,0
DA:493,0
DA:638,0
DA:639,0
LF:151
LH:0
BRDA:35,0,0,0
BRDA:35,0,1,0
BRDA:38,1,0,0
BRDA:38,1,1,0
BRDA:78,2,0,0
BRDA:100,3,0,0
BRDA:100,4,0,0
BRDA:100,4,1,0
BRDA:100,4,2,0
BRDA:100,4,3,0
BRDA:105,5,0,0
BRDA:114,6,0,0
BRDA:127,7,0,0
BRDA:127,7,1,0
BRDA:135,8,0,0
BRDA:135,9,0,0
BRDA:135,9,1,0
BRDA:144,10,0,0
BRDA:144,11,0,0
BRDA:144,11,1,0
BRDA:151,12,0,0
BRDA:151,13,0,0
BRDA:151,13,1,0
BRDA:170,14,0,0
BRDA:170,15,0,0
BRDA:170,15,1,0
BRDA:200,16,0,0
BRDA:200,16,1,0
BRDA:200,17,0,0
BRDA:200,17,1,0
BRDA:226,18,0,0
BRDA:244,19,0,0
BRDA:244,19,1,0
BRDA:263,20,0,0
BRDA:263,20,1,0
BRDA:271,21,0,0
BRDA:271,21,1,0
BRDA:290,22,0,0
BRDA:306,23,0,0
BRDA:306,24,0,0
BRDA:306,24,1,0
BRDA:317,25,0,0
BRDA:317,25,1,0
BRDA:319,26,0,0
BRDA:319,26,1,0
BRDA:325,27,0,0
BRDA:325,27,1,0
BRDA:326,28,0,0
BRDA:326,28,1,0
BRDA:330,29,0,0
BRDA:330,29,1,0
BRDA:331,30,0,0
BRDA:331,30,1,0
BRDA:331,30,2,0
BRDA:331,30,3,0
BRDA:331,30,4,0
BRDA:338,31,0,0
BRDA:338,31,1,0
BRDA:344,32,0,0
BRDA:344,32,1,0
BRDA:355,33,0,0
BRDA:355,33,1,0
BRDA:366,34,0,0
BRDA:378,35,0,0
BRDA:388,36,0,0
BRDA:388,37,0,0
BRDA:388,37,1,0
BRDA:394,38,0,0
BRDA:394,38,1,0
BRDA:396,39,0,0
BRDA:402,40,0,0
BRDA:402,40,1,0
BRDA:409,41,0,0
BRDA:459,42,0,0
BRDA:459,42,1,0
BRDA:476,43,0,0
BRDA:476,43,1,0
BRDA:513,44,0,0
BRDA:548,45,0,0
BRDA:548,45,1,0
BRF:80
BRH:0
end_of_record
TN:
SF:app/[lang]/(main)/layout.tsx
FN:22,(anonymous_5)
FN:29,(anonymous_6)
FN:34,(anonymous_7)
FN:35,fetchPopupResource
FN:41,(anonymous_9)
FN:50,(anonymous_10)
FN:67,(anonymous_11)
FN:81,(anonymous_12)
FN:88,(anonymous_13)
FN:99,(anonymous_14)
FN:108,(anonymous_15)
FNF:11
FNH:0
FNDA:0,(anonymous_5)
FNDA:0,(anonymous_6)
FNDA:0,(anonymous_7)
FNDA:0,fetchPopupResource
FNDA:0,(anonymous_9)
FNDA:0,(anonymous_10)
FNDA:0,(anonymous_11)
FNDA:0,(anonymous_12)
FNDA:0,(anonymous_13)
FNDA:0,(anonymous_14)
FNDA:0,(anonymous_15)
DA:3,0
DA:4,0
DA:5,0
DA:6,0
DA:8,0
DA:9,0
DA:10,0
DA:11,0
DA:12,0
DA:13,0
DA:14,0
DA:15,0
DA:16,0
DA:22,0
DA:23,0
DA:24,0
DA:25,0
DA:26,0
DA:27,0
DA:29,0
DA:30,0
DA:31,0
DA:34,0
DA:36,0
DA:37,0
DA:38,0
DA:40,0
DA:41,0
DA:42,0
DA:43,0
DA:45,0
DA:46,0
DA:49,0
DA:50,0
DA:64,0
DA:67,0
DA:68,0
DA:69,0
DA:70,0
DA:71,0
DA:72,0
DA:73,0
DA:74,0
DA:75,0
DA:76,0
DA:77,0
DA:78,0
DA:81,0
DA:82,0
DA:83,0
DA:87,0
DA:88,0
DA:89,0
DA:90,0
DA:91,0
DA:92,0
DA:93,0
DA:94,0
DA:96,0
DA:99,0
DA:108,0
DA:139,0
LF:62
LH:0
BRDA:38,0,0,0
BRDA:38,1,0,0
BRDA:38,1,1,0
BRDA:43,2,0,0
BRDA:43,2,1,0
BRDA:45,3,0,0
BRDA:45,4,0,0
BRDA:45,4,1,0
BRDA:57,5,0,0
BRDA:57,5,1,0
BRDA:68,6,0,0
BRDA:74,7,0,0
BRDA:74,7,1,0
BRDA:75,8,0,0
BRDA:75,9,0,0
BRDA:75,9,1,0
BRDA:76,10,0,0
BRDA:76,11,0,0
BRDA:76,11,1,0
BRDA:77,12,0,0
BRDA:77,13,0,0
BRDA:77,13,1,0
BRDA:82,14,0,0
BRDA:82,15,0,0
BRDA:82,15,1,0
BRDA:89,16,0,0
BRDA:93,17,0,0
BRDA:105,18,0,0
BRF:28
BRH:0
end_of_record
TN:
SF:app/[lang]/(main)/download/DownloadClient.tsx
FN:26,(anonymous_2)
FN:64,DownloadClient
FN:72,(anonymous_7)
FN:121,(anonymous_8)
FN:125,(anonymous_9)
FN:187,(anonymous_10)
FN:235,(anonymous_11)
FNF:7
FNH:0
FNDA:0,(anonymous_2)
FNDA:0,DownloadClient
FNDA:0,(anonymous_7)
FNDA:0,(anonymous_8)
FNDA:0,(anonymous_9)
FNDA:0,(anonymous_10)
FNDA:0,(anonymous_11)
DA:3,0
DA:4,0
DA:5,0
DA:7,0
DA:26,0
DA:27,0
DA:64,0
DA:68,0
DA:69,0
DA:72,0
DA:73,0
DA:74,0
DA:82,0
DA:83,0
DA:84,0
DA:87,0
DA:89,0
DA:91,0
DA:94,0
DA:97,0
DA:105,0
DA:112,0
DA:119,0
DA:121,0
DA:122,0
DA:123,0
DA:124,0
DA:125,0
DA:127,0
DA:187,0
DA:235,0
LF:31
LH:0
BRDA:73,0,0,0
BRDA:83,1,0,0
BRDA:83,1,1,0
BRDA:83,1,2,0
BRDA:84,2,0,0
BRDA:84,2,1,0
BRDA:84,2,2,0
BRDA:89,3,0,0
BRDA:89,3,1,0
BRDA:89,3,2,0
BRDA:91,4,0,0
BRDA:91,4,1,0
BRDA:91,4,2,0
BRDA:97,5,0,0
BRDA:97,5,1,0
BRDA:97,5,2,0
BRDA:97,5,3,0
BRDA:97,5,4,0
BRDA:97,5,5,0
BRDA:105,6,0,0
BRDA:105,6,1,0
BRDA:105,6,2,0
BRDA:105,6,3,0
BRDA:105,6,4,0
BRDA:105,6,5,0
BRDA:162,7,0,0
BRDA:178,8,0,0
BRDA:190,9,0,0
BRDA:190,9,1,0
BRDA:210,10,0,0
BRDA:226,11,0,0
BRDA:238,12,0,0
BRDA:238,12,1,0
BRDA:276,13,0,0
BRF:34
BRH:0
end_of_record
TN:
SF:app/[lang]/(main)/download/page.tsx
FN:15,generateMetadata
FN:56,(anonymous_6)
FN:82,DownloadPage
FNF:3
FNH:0
FNDA:0,generateMetadata
FNDA:0,(anonymous_6)
FNDA:0,DownloadPage
DA:2,0
DA:3,0
DA:4,0
DA:5,0
DA:8,0
DA:15,0
DA:18,0
DA:20,0
DA:28,0
DA:36,0
DA:44,0
DA:45,0
DA:46,0
DA:48,0
DA:56,0
DA:82,0
DA:83,0
DA:86,0
DA:87,0
DA:91,0
LF:20
LH:0
BRDA:44,0,0,0
BRDA:44,0,1,0
BRDA:45,1,0,0
BRDA:45,1,1,0
BRDA:46,2,0,0
BRDA:46,2,1,0
BRDA:86,3,0,0
BRF:7
BRH:0
end_of_record
TN:
SF:app/[lang]/(main)/media/error.tsx
FNF:0
FNH:0
DA:3,0
DA:10,0
LF:2
LH:0
BRF:0
BRH:0
end_of_record
TN:
SF:app/[lang]/(main)/media/loading.tsx
FN:8,MediaLoading
FNF:1
FNH:0
FNDA:0,MediaLoading
DA:1,0
DA:8,0
LF:2
LH:0
BRF:0
BRH:0
end_of_record
TN:
SF:app/[lang]/(main)/media/not-found.tsx
FN:8,MediaNotFound
FNF:1
FNH:0
FNDA:0,MediaNotFound
DA:1,0
DA:8,0
LF:2
LH:0
BRF:0
BRH:0
end_of_record
TN:
SF:app/[lang]/(main)/media/page.tsx
FN:10,MediaPage
FNF:1
FNH:0
FNDA:0,MediaPage
DA:1,0
DA:2,0
DA:3,0
DA:10,0
LF:4
LH:0
BRF:0
BRH:0
end_of_record
TN:
SF:app/[lang]/(main)/rewards/page.tsx
FN:16,generateMetadata
FN:47,RewardsPage
FNF:2
FNH:0
FNDA:0,generateMetadata
FNDA:0,RewardsPage
DA:1,0
DA:2,0
DA:3,0
DA:4,0
DA:6,0
DA:7,0
DA:8,0
DA:9,0
DA:10,0
DA:13,0
DA:16,0
DA:22,0
DA:23,0
DA:26,0
DA:28,0
DA:47,0
DA:53,0
DA:54,0
LF:18
LH:0
BRDA:23,0,0,0
BRDA:23,0,1,0
BRDA:54,1,0,0
BRDA:54,1,1,0
BRF:4
BRH:0
end_of_record
TN:
SF:app/[lang]/(main)/rewards/[id]/page.tsx
FN:22,generateStaticParams
FN:26,(anonymous_10)
FN:32,generateMetadata
FN:90,RewardDetailPage
FNF:4
FNH:0
FNDA:0,generateStaticParams
FNDA:0,(anonymous_10)
FNDA:0,generateMetadata
FNDA:0,RewardDetailPage
DA:1,0
DA:3,0
DA:4,0
DA:8,0
DA:10,0
DA:11,0
DA:12,0
DA:13,0
DA:16,0
DA:22,0
DA:24,0
DA:26,0
DA:32,0
DA:37,0
DA:39,0
DA:40,0
DA:42,0
DA:43,0
DA:51,0
DA:57,0
DA:58,0
DA:60,0
DA:80,0
DA:82,0
DA:90,0
DA:97,0
DA:99,0
DA:101,0
DA:102,0
DA:104,0
DA:105,0
DA:117,0
LF:32
LH:0
BRDA:42,0,0,0
BRDA:51,1,0,0
BRDA:51,1,1,0
BRDA:53,2,0,0
BRDA:53,2,1,0
BRDA:53,3,0,0
BRDA:53,3,1,0
BRDA:54,4,0,0
BRDA:54,4,1,0
BRDA:54,4,2,0
BRDA:57,5,0,0
BRDA:57,5,1,0
BRDA:104,6,0,0
BRF:13
BRH:0
end_of_record
TN:
SF:app/[lang]/(main)/server-components/error.tsx
FNF:0
FNH:0
DA:3,0
DA:8,0
LF:2
LH:0
BRF:0
BRH:0
end_of_record
TN:
SF:app/[lang]/(main)/server-components/layout.tsx
FN:7,ServerComponentsLayout
FNF:1
FNH:0
FNDA:0,ServerComponentsLayout
DA:1,0
DA:2,0
DA:7,0
LF:3
LH:0
BRF:0
BRH:0
end_of_record
TN:
SF:app/[lang]/(main)/server-components/loading.tsx
FN:6,ServerComponentsLoading
FNF:1
FNH:0
FNDA:0,ServerComponentsLoading
DA:1,0
DA:6,0
LF:2
LH:0
BRF:0
BRH:0
end_of_record
TN:
SF:app/[lang]/(main)/server-components/page.tsx
FN:16,ServerComponentsDemo
FN:104,DemoCard
FNF:2
FNH:0
FNDA:0,ServerComponentsDemo
FNDA:0,DemoCard
DA:1,0
DA:2,0
DA:9,0
DA:16,0
LF:4
LH:0
BRF:0
BRH:0
end_of_record
TN:
SF:app/[lang]/(main)/test-redirect/page.tsx
FN:5,TestRedirectPage
FNF:1
FNH:0
FNDA:0,TestRedirectPage
DA:3,0
DA:5,0
LF:2
LH:0
BRF:0
BRH:0
end_of_record
TN:
SF:app/[lang]/(main)/vote/VotePageClient.tsx
FN:11,VotePageClient
FNF:1
FNH:0
FNDA:0,VotePageClient
DA:3,0
DA:4,0
DA:5,0
DA:11,0
DA:12,0
LF:5
LH:0
BRF:0
BRH:0
end_of_record
TN:
SF:app/[lang]/(main)/vote/page.tsx
FN:10,generateMetadata
FN:38,VoteListPage
FNF:2
FNH:0
FNDA:0,generateMetadata
FNDA:0,VoteListPage
DA:2,0
DA:3,0
DA:4,0
DA:5,0
DA:6,0
DA:7,0
DA:8,0
DA:10,0
DA:16,0
DA:17,0
DA:19,0
DA:38,0
DA:42,0
DA:43,0
DA:44,0
LF:15
LH:0
BRDA:17,0,0,0
BRDA:17,0,1,0
BRDA:43,1,0,0
BRDA:43,1,1,0
BRDA:44,2,0,0
BRDA:44,2,1,0
BRF:6
BRH:0
end_of_record
TN:
SF:app/[lang]/(main)/vote/[id]/error.tsx
FNF:0
FNH:0
DA:3,0
DA:11,0
LF:2
LH:0
BRF:0
BRH:0
end_of_record
TN:
SF:app/[lang]/(main)/vote/[id]/loading.tsx
FN:8,VoteDetailLoading
FNF:1
FNH:0
FNDA:0,VoteDetailLoading
DA:1,0
DA:8,0
LF:2
LH:0
BRF:0
BRH:0
end_of_record
TN:
SF:app/[lang]/(main)/vote/[id]/not-found.tsx
FN:8,VoteNotFound
FNF:1
FNH:0
FNDA:0,VoteNotFound
DA:1,0
DA:8,0
LF:2
LH:0
BRF:0
BRH:0
end_of_record
TN:
SF:app/[lang]/(main)/vote/[id]/page.tsx
FN:22,generateStaticParams
FN:27,(anonymous_6)
FN:37,generateMetadata
FN:102,VoteDetailPage
FNF:4
FNH:0
FNDA:0,generateStaticParams
FNDA:0,(anonymous_6)
FNDA:0,generateMetadata
FNDA:0,VoteDetailPage
DA:1,0
DA:3,0
DA:4,0
DA:6,0
DA:11,0
DA:12,0
DA:13,0
DA:16,0
DA:22,0
DA:23,0
DA:25,0
DA:27,0
DA:31,0
DA:32,0
DA:37,0
DA:43,0
DA:44,0
DA:46,0
DA:48,0
DA:49,0
DA:56,0
DA:57,0
DA:58,0
DA:59,0
DA:60,0
DA:62,0
DA:66,0
DA:69,0
DA:84,0
DA:85,0
DA:92,0
DA:98,0
DA:102,0
DA:108,0
DA:109,0
DA:111,0
DA:112,0
DA:113,0
DA:117,0
DA:122,0
DA:125,0
DA:126,0
DA:127,0
DA:130,0
DA:133,0
DA:136,0
DA:137,0
DA:138,0
DA:139,0
DA:140,0
DA:142,0
DA:146,0
DA:148,0
LF:53
LH:0
BRDA:44,0,0,0
BRDA:44,0,1,0
BRDA:48,1,0,0
BRDA:56,2,0,0
BRDA:56,2,1,0
BRDA:58,3,0,0
BRDA:58,3,1,0
BRDA:58,4,0,0
BRDA:58,4,1,0
BRDA:60,5,0,0
BRDA:60,5,1,0
BRDA:60,5,2,0
BRDA:66,6,0,0
BRDA:66,6,1,0
BRDA:84,7,0,0
BRDA:109,8,0,0
BRDA:109,8,1,0
BRDA:115,9,0,0
BRDA:115,9,1,0
BRDA:119,10,0,0
BRDA:119,10,1,0
BRDA:125,11,0,0
BRDA:136,12,0,0
BRDA:136,12,1,0
BRDA:138,13,0,0
BRDA:138,13,1,0
BRDA:138,14,0,0
BRDA:138,14,1,0
BRDA:140,15,0,0
BRDA:140,15,1,0
BRDA:140,15,2,0
BRDA:146,16,0,0
BRDA:146,16,1,0
BRDA:151,17,0,0
BRDA:151,17,1,0
BRDA:152,18,0,0
BRDA:152,18,1,0
BRDA:153,19,0,0
BRDA:153,19,1,0
BRDA:159,20,0,0
BRF:40
BRH:0
end_of_record
TN:
SF:app/[lang]/(main)/vote/debug/page.tsx
FN:3,VoteDebugPage
FN:27,(anonymous_2)
FN:55,(anonymous_3)
FN:83,(anonymous_4)
FNF:4
FNH:0
FNDA:0,VoteDebugPage
FNDA:0,(anonymous_2)
FNDA:0,(anonymous_3)
FNDA:0,(anonymous_4)
DA:1,0
DA:3,0
DA:4,0
DA:5,0
DA:8,0
DA:9,0
DA:10,0
DA:12,0
DA:28,0
DA:56,0
DA:84,0
DA:110,0
LF:12
LH:0
BRDA:34,0,0,0
BRDA:34,0,1,0
BRDA:62,1,0,0
BRDA:62,1,1,0
BRDA:90,2,0,0
BRDA:90,2,1,0
BRDA:120,3,0,0
BRDA:120,3,1,0
BRF:8
BRH:0
end_of_record
TN:
SF:app/[lang]/(mypage)/layout.tsx
FN:11,(anonymous_5)
FN:16,(anonymous_6)
FN:55,MainLayout
FNF:3
FNH:0
FNDA:0,(anonymous_5)
FNDA:0,(anonymous_6)
FNDA:0,MainLayout
DA:3,0
DA:4,0
DA:5,0
DA:6,0
DA:7,0
DA:8,0
DA:9,0
DA:11,0
DA:12,0
DA:13,0
DA:14,0
DA:16,0
DA:18,0
DA:19,0
DA:22,0
DA:25,0
DA:26,0
DA:30,0
DA:55,0
LF:19
LH:0
BRDA:18,0,0,0
BRDA:18,1,0,0
BRDA:18,1,1,0
BRDA:25,2,0,0
BRF:4
BRH:0
end_of_record
TN:
SF:app/[lang]/(mypage)/faq/page.tsx
FN:26,(anonymous_4)
FN:34,(anonymous_5)
FN:35,(anonymous_6)
FN:55,(anonymous_7)
FN:62,(anonymous_8)
FN:70,(anonymous_9)
FN:78,(anonymous_10)
FN:98,(anonymous_11)
FN:108,(anonymous_12)
FN:131,(anonymous_13)
FN:134,(anonymous_14)
FNF:11
FNH:0
FNDA:0,(anonymous_4)
FNDA:0,(anonymous_5)
FNDA:0,(anonymous_6)
FNDA:0,(anonymous_7)
FNDA:0,(anonymous_8)
FNDA:0,(anonymous_9)
FNDA:0,(anonymous_10)
FNDA:0,(anonymous_11)
FNDA:0,(anonymous_12)
FNDA:0,(anonymous_13)
FNDA:0,(anonymous_14)
DA:3,0
DA:4,0
DA:5,0
DA:6,0
DA:7,0
DA:26,0
DA:27,0
DA:28,0
DA:29,0
DA:30,0
DA:31,0
DA:32,0
DA:33,0
DA:34,0
DA:35,0
DA:36,0
DA:37,0
DA:43,0
DA:44,0
DA:46,0
DA:48,0
DA:52,0
DA:55,0
DA:56,0
DA:57,0
DA:62,0
DA:63,0
DA:67,0
DA:70,0
DA:76,0
DA:78,0
DA:80,0
DA:99,0
DA:108,0
DA:132,0
DA:134,0
DA:163,0
LF:37
LH:0
BRDA:32,0,0,0
BRDA:32,0,1,0
BRDA:43,1,0,0
BRDA:44,2,0,0
BRDA:44,2,1,0
BRDA:56,3,0,0
BRDA:58,4,0,0
BRDA:58,4,1,0
BRDA:58,4,2,0
BRDA:58,4,3,0
BRDA:63,5,0,0
BRDA:63,5,1,0
BRDA:76,6,0,0
BRDA:76,6,1,0
BRDA:80,7,0,0
BRDA:114,8,0,0
BRDA:114,8,1,0
BRDA:128,9,0,0
BRDA:144,10,0,0
BRDA:144,10,1,0
BRDA:148,11,0,0
BRF:21
BRH:0
end_of_record
TN:
SF:app/[lang]/(mypage)/mypage/page.tsx
FN:12,(anonymous_5)
FN:18,(anonymous_6)
FN:19,(anonymous_7)
FN:26,(anonymous_8)
FN:30,(anonymous_9)
FN:33,(anonymous_10)
FN:37,(anonymous_11)
FN:42,(anonymous_12)
FN:51,(anonymous_13)
FN:59,(anonymous_14)
FN:69,(anonymous_15)
FNF:11
FNH:0
FNDA:0,(anonymous_5)
FNDA:0,(anonymous_6)
FNDA:0,(anonymous_7)
FNDA:0,(anonymous_8)
FNDA:0,(anonymous_9)
FNDA:0,(anonymous_10)
FNDA:0,(anonymous_11)
FNDA:0,(anonymous_12)
FNDA:0,(anonymous_13)
FNDA:0,(anonymous_14)
FNDA:0,(anonymous_15)
DA:3,0
DA:4,0
DA:5,0
DA:9,0
DA:10,0
DA:12,0
DA:13,0
DA:14,0
DA:15,0
DA:18,0
DA:19,0
DA:20,0
DA:21,0
DA:22,0
DA:26,0
DA:30,0
DA:31,0
DA:33,0
DA:34,0
DA:37,0
DA:42,0
DA:43,0
DA:51,0
DA:52,0
DA:54,0
DA:59,0
DA:60,0
DA:64,0
DA:67,0
DA:69,0
DA:70,0
DA:71,0
DA:72,0
DA:76,0
DA:81,0
DA:84,0
DA:88,0
DA:265,0
LF:38
LH:0
BRDA:20,0,0,0
BRDA:31,1,0,0
BRDA:47,2,0,0
BRDA:47,2,1,0
BRDA:71,3,0,0
BRDA:88,4,0,0
BRDA:102,5,0,0
BRDA:114,6,0,0
BRDA:114,6,1,0
BRDA:117,7,0,0
BRDA:117,7,1,0
BRDA:119,8,0,0
BRDA:122,9,0,0
BRDA:136,10,0,0
BRDA:171,11,0,0
BRDA:207,12,0,0
BRDA:249,13,0,0
BRF:17
BRH:0
end_of_record
TN:
SF:app/[lang]/(mypage)/notice/page.tsx
FN:27,(anonymous_5)
FN:30,(anonymous_6)
FN:31,(anonymous_7)
FN:32,(anonymous_8)
FN:52,(anonymous_9)
FN:74,(anonymous_10)
FNF:6
FNH:0
FNDA:0,(anonymous_5)
FNDA:0,(anonymous_6)
FNDA:0,(anonymous_7)
FNDA:0,(anonymous_8)
FNDA:0,(anonymous_9)
FNDA:0,(anonymous_10)
DA:3,0
DA:4,0
DA:5,0
DA:6,0
DA:7,0
DA:8,0
DA:27,0
DA:28,0
DA:29,0
DA:30,0
DA:31,0
DA:32,0
DA:33,0
DA:34,0
DA:40,0
DA:41,0
DA:43,0
DA:45,0
DA:49,0
DA:52,0
DA:53,0
DA:54,0
DA:57,0
DA:75,0
DA:111,0
LF:25
LH:0
BRDA:40,0,0,0
BRDA:41,1,0,0
BRDA:41,1,1,0
BRDA:53,2,0,0
BRDA:54,3,0,0
BRDA:54,3,1,0
BRDA:54,3,2,0
BRDA:54,3,3,0
BRDA:57,4,0,0
BRDA:71,5,0,0
BRDA:83,6,0,0
BRDA:93,7,0,0
BRDA:93,7,1,0
BRDA:96,8,0,0
BRDA:96,8,1,0
BRF:15
BRH:0
end_of_record
TN:
SF:app/[lang]/(mypage)/notice/[id]/page.tsx
FN:27,(anonymous_5)
FN:35,(anonymous_6)
FN:36,(anonymous_7)
FN:59,(anonymous_8)
FNF:4
FNH:0
FNDA:0,(anonymous_5)
FNDA:0,(anonymous_6)
FNDA:0,(anonymous_7)
FNDA:0,(anonymous_8)
DA:3,0
DA:4,0
DA:5,0
DA:6,0
DA:7,0
DA:8,0
DA:27,0
DA:28,0
DA:29,0
DA:30,0
DA:31,0
DA:32,0
DA:33,0
DA:35,0
DA:36,0
DA:37,0
DA:38,0
DA:44,0
DA:45,0
DA:47,0
DA:48,0
DA:50,0
DA:54,0
DA:55,0
DA:59,0
DA:60,0
DA:61,0
DA:64,0
DA:72,0
DA:116,0
LF:30
LH:0
BRDA:31,0,0,0
BRDA:31,0,1,0
BRDA:44,1,0,0
BRDA:54,2,0,0
BRDA:60,3,0,0
BRDA:61,4,0,0
BRDA:61,4,1,0
BRDA:61,4,2,0
BRDA:61,4,3,0
BRDA:64,5,0,0
BRDA:72,6,0,0
BRDA:96,7,0,0
BRDA:104,8,0,0
BRDA:104,8,1,0
BRF:14
BRH:0
end_of_record
TN:
SF:app/[lang]/test-translation/page.tsx
FN:6,TestTranslationPage
FN:12,(anonymous_2)
FN:35,(anonymous_3)
FN:41,(anonymous_4)
FN:46,(anonymous_5)
FN:96,(anonymous_6)
FN:102,(anonymous_7)
FN:157,(anonymous_8)
FNF:8
FNH:0
FNDA:0,TestTranslationPage
FNDA:0,(anonymous_2)
FNDA:0,(anonymous_3)
FNDA:0,(anonymous_4)
FNDA:0,(anonymous_5)
FNDA:0,(anonymous_6)
FNDA:0,(anonymous_7)
FNDA:0,(anonymous_8)
DA:3,0
DA:4,0
DA:6,0
DA:7,0
DA:8,0
DA:9,0
DA:12,0
DA:13,0
DA:14,0
DA:15,0
DA:16,0
DA:17,0
DA:25,0
DA:27,0
DA:30,0
DA:35,0
DA:36,0
DA:37,0
DA:41,0
DA:42,0
DA:43,0
DA:46,0
DA:47,0
DA:48,0
DA:49,0
DA:50,0
DA:51,0
DA:52,0
DA:53,0
DA:56,0
DA:59,0
DA:62,0
DA:66,0
DA:67,0
DA:96,0
DA:102,0
DA:158,0
LF:37
LH:0
BRDA:15,0,0,0
BRDA:15,0,1,0
BRDA:30,1,0,0
BRDA:30,1,1,0
BRDA:52,2,0,0
BRDA:52,2,1,0
BRDA:62,3,0,0
BRDA:66,4,0,0
BRDA:66,4,1,0
BRDA:78,5,0,0
BRDA:78,5,1,0
BRDA:81,6,0,0
BRDA:81,6,1,0
BRDA:120,7,0,0
BRDA:123,8,0,0
BRDA:123,8,1,0
BRDA:124,9,0,0
BRDA:124,9,1,0
BRDA:152,10,0,0
BRF:19
BRH:0
end_of_record
TN:
SF:app/[lang]/utils/lang.ts
FN:8,useLang
FN:13,(anonymous_4)
FN:25,getLangPath
FNF:3
FNH:0
FNDA:0,useLang
FNDA:0,(anonymous_4)
FNDA:0,getLangPath
DA:3,0
DA:4,0
DA:8,0
DA:9,0
DA:10,0
DA:11,0
DA:13,0
DA:14,0
DA:15,0
DA:18,0
DA:25,0
DA:26,0
LF:12
LH:0
BRF:0
BRH:0
end_of_record
TN:
SF:app/[lang]/utils/metadata-utils.ts
FN:105,createPageMetadata
FN:139,createImageMetadata
FN:180,createDynamicPageMetadata
FN:212,createDynamicPathMetadata
FN:237,createJsonLd
FNF:5
FNH:0
FNDA:0,createPageMetadata
FNDA:0,createImageMetadata
FNDA:0,createDynamicPageMetadata
FNDA:0,createDynamicPathMetadata
FNDA:0,createJsonLd
DA:8,0
DA:13,0
DA:105,0
DA:110,0
DA:139,0
DA:146,0
DA:150,0
DA:180,0
DA:187,0
DA:189,0
DA:190,0
DA:197,0
DA:203,0
DA:212,0
DA:216,0
DA:217,0
DA:220,0
DA:221,0
DA:223,0
DA:237,0
DA:238,0
DA:244,0
LF:22
LH:0
BRDA:142,0,0,0
BRDA:143,1,0,0
BRDA:146,2,0,0
BRDA:146,2,1,0
BRDA:189,3,0,0
BRDA:192,4,0,0
BRDA:192,4,1,0
BRDA:225,5,0,0
BRDA:225,5,1,0
BRF:9
BRH:0
end_of_record
TN:
SF:app/[lang]/utils/rendering-utils.ts
FN:11,generateStaticPathsHelper
FN:17,(anonymous_12)
FN:31,createISRMetadata
FN:42,revalidateTagHelper
FN:45,(anonymous_15)
FN:59,revalidatePathHelper
FN:62,(anonymous_17)
FN:77,shouldUseServerRendering
FN:82,(anonymous_19)
FN:94,createCacheControlHeader
FN:115,createStaticAssetCacheHeader
FNF:11
FNH:0
FNDA:0,generateStaticPathsHelper
FNDA:0,(anonymous_12)
FNDA:0,createISRMetadata
FNDA:0,revalidateTagHelper
FNDA:0,(anonymous_15)
FNDA:0,revalidatePathHelper
FNDA:0,(anonymous_17)
FNDA:0,shouldUseServerRendering
FNDA:0,(anonymous_19)
FNDA:0,createCacheControlHeader
FNDA:0,createStaticAssetCacheHeader
DA:11,0
DA:15,0
DA:16,0
DA:17,0
DA:21,0
DA:22,0
DA:31,0
DA:32,0
DA:42,0
DA:43,0
DA:45,0
DA:46,0
DA:47,0
DA:49,0
DA:50,0
DA:59,0
DA:60,0
DA:62,0
DA:63,0
DA:64,0
DA:66,0
DA:67,0
DA:77,0
DA:82,0
DA:83,0
DA:94,0
DA:99,0
DA:100,0
DA:102,0
DA:103,0
DA:106,0
DA:115,0
DA:119,0
DA:121,0
DA:122,0
DA:125,0
LF:36
LH:0
BRDA:18,0,0,0
BRDA:18,0,1,0
BRDA:31,1,0,0
BRDA:79,2,0,0
BRDA:83,3,0,0
BRDA:83,3,1,0
BRDA:97,4,0,0
BRDA:99,5,0,0
BRDA:99,5,1,0
BRDA:102,6,0,0
BRDA:116,7,0,0
BRDA:117,8,0,0
BRDA:121,9,0,0
BRF:13
BRH:0
end_of_record
TN:
SF:app/[lang]/utils/seo-utils.ts
FN:10,createWebsiteSchema
FN:28,createOrganizationSchema
FN:47,createBreadcrumbSchema
FN:51,(anonymous_11)
FN:63,createFAQSchema
FN:67,(anonymous_13)
FN:81,createVoteSchema
FN:123,createProductSchema
FN:156,createMediaSchema
FNF:9
FNH:0
FNDA:0,createWebsiteSchema
FNDA:0,createOrganizationSchema
FNDA:0,createBreadcrumbSchema
FNDA:0,(anonymous_11)
FNDA:0,createFAQSchema
FNDA:0,(anonymous_13)
FNDA:0,createVoteSchema
FNDA:0,createProductSchema
FNDA:0,createMediaSchema
DA:10,0
DA:11,0
DA:28,0
DA:34,0
DA:47,0
DA:48,0
DA:51,0
DA:63,0
DA:64,0
DA:67,0
DA:81,0
DA:89,0
DA:123,0
DA:132,0
DA:156,0
DA:164,0
LF:16
LH:0
BRDA:39,0,0,0
BRDA:39,0,1,0
BRDA:40,1,0,0
BRDA:40,1,1,0
BRDA:94,2,0,0
BRDA:94,2,1,0
BRDA:95,3,0,0
BRDA:95,3,1,0
BRDA:96,4,0,0
BRDA:96,4,1,0
BRDA:97,5,0,0
BRDA:97,5,1,0
BRDA:102,6,0,0
BRDA:102,6,1,0
BRDA:114,7,0,0
BRDA:114,7,1,0
BRDA:128,8,0,0
BRDA:129,9,0,0
BRDA:137,10,0,0
BRDA:137,10,1,0
BRDA:138,11,0,0
BRDA:138,11,1,0
BRDA:141,12,0,0
BRDA:141,12,1,0
BRDA:144,13,0,0
BRDA:144,13,1,0
BRDA:169,14,0,0
BRDA:169,14,1,0
BRDA:170,15,0,0
BRDA:170,15,1,0
BRDA:171,16,0,0
BRDA:171,16,1,0
BRDA:172,17,0,0
BRDA:172,17,1,0
BRF:34
BRH:0
end_of_record
TN:
SF:app/api/auth/apple/route.ts
FN:10,POST
FNF:1
FNH:0
FNDA:0,POST
DA:1,0
DA:2,0
DA:10,0
DA:11,0
DA:12,0
DA:13,0
DA:15,0
DA:16,0
DA:23,0
DA:29,0
DA:31,0
DA:32,0
DA:33,0
DA:39,0
DA:40,0
DA:46,0
DA:56,0
DA:57,0
LF:18
LH:0
BRDA:15,0,0,0
BRDA:31,1,0,0
BRDA:39,2,0,0
BRF:3
BRH:0
end_of_record
TN:
SF:app/api/auth/google/route.ts
FN:20,GET
FN:81,POST
FNF:2
FNH:0
FNDA:0,GET
FNDA:0,POST
DA:1,0
DA:2,0
DA:7,0
DA:11,0
DA:20,0
DA:21,0
DA:23,0
DA:29,0
DA:30,0
DA:31,0
DA:34,0
DA:37,0
DA:48,0
DA:49,0
DA:50,0
DA:57,0
DA:58,0
DA:61,0
DA:66,0
DA:67,0
DA:81,0
DA:82,0
DA:83,0
DA:84,0
DA:87,0
DA:88,0
DA:95,0
DA:107,0
DA:108,0
DA:109,0
DA:110,0
DA:112,0
DA:117,0
DA:118,0
DA:130,0
DA:131,0
DA:134,0
DA:135,0
DA:136,0
DA:137,0
DA:139,0
DA:140,0
DA:147,0
DA:162,0
DA:163,0
DA:164,0
DA:165,0
DA:171,0
DA:174,0
DA:184,0
DA:185,0
DA:186,0
DA:187,0
DA:193,0
DA:194,0
DA:196,0
DA:207,0
DA:208,0
LF:58
LH:0
BRDA:29,0,0,0
BRDA:29,0,1,0
BRDA:30,1,0,0
BRDA:30,1,1,0
BRDA:48,2,0,0
BRDA:57,3,0,0
BRDA:87,4,0,0
BRDA:87,5,0,0
BRDA:87,5,1,0
BRDA:107,6,0,0
BRDA:134,7,0,0
BRDA:134,7,1,0
BRDA:135,8,0,0
BRDA:135,8,1,0
BRDA:139,9,0,0
BRDA:139,10,0,0
BRDA:139,10,1,0
BRDA:162,11,0,0
BRDA:184,12,0,0
BRF:19
BRH:0
end_of_record
TN:
SF:app/api/auth/kakao/route.ts
FN:12,POST
FN:128,(anonymous_4)
FN:163,DELETE
FNF:3
FNH:0
FNDA:0,POST
FNDA:0,(anonymous_4)
FNDA:0,DELETE
DA:1,0
DA:2,0
DA:4,0
DA:12,0
DA:13,0
DA:14,0
DA:17,0
DA:29,0
DA:30,0
DA:32,0
DA:33,0
DA:34,0
DA:40,0
DA:43,0
DA:44,0
DA:48,0
DA:62,0
DA:63,0
DA:64,0
DA:65,0
DA:71,0
DA:72,0
DA:74,0
DA:75,0
DA:76,0
DA:83,0
DA:84,0
DA:91,0
DA:99,0
DA:100,0
DA:101,0
DA:102,0
DA:108,0
DA:111,0
DA:114,0
DA:115,0
DA:117,0
DA:119,0
DA:120,0
DA:121,0
DA:128,0
DA:129,0
DA:131,0
DA:133,0
DA:141,0
DA:146,0
DA:152,0
DA:153,0
DA:163,0
DA:164,0
DA:165,0
DA:167,0
DA:168,0
DA:175,0
DA:183,0
DA:184,0
DA:185,0
DA:186,0
DA:192,0
DA:194,0
DA:199,0
DA:200,0
LF:62
LH:0
BRDA:32,0,0,0
BRDA:43,1,0,0
BRDA:43,2,0,0
BRDA:43,2,1,0
BRDA:44,3,0,0
BRDA:44,3,1,0
BRDA:56,4,0,0
BRDA:56,4,1,0
BRDA:57,5,0,0
BRDA:57,5,1,0
BRDA:62,6,0,0
BRDA:74,7,0,0
BRDA:83,8,0,0
BRDA:99,9,0,0
BRDA:114,10,0,0
BRDA:119,11,0,0
BRDA:129,12,0,0
BRDA:129,12,1,0
BRDA:131,13,0,0
BRDA:167,14,0,0
BRDA:183,15,0,0
BRF:21
BRH:0
end_of_record
TN:
SF:app/api/auth/logout/route.ts
FN:35,POST
FN:106,(anonymous_5)
FN:203,GET
FN:242,OPTIONS
FNF:4
FNH:0
FNDA:0,POST
FNDA:0,(anonymous_5)
FNDA:0,GET
FNDA:0,OPTIONS
DA:8,0
DA:9,0
DA:35,0
DA:36,0
DA:37,0
DA:39,0
DA:42,0
DA:43,0
DA:44,0
DA:46,0
DA:49,0
DA:52,0
DA:63,0
DA:66,0
DA:67,0
DA:68,0
DA:70,0
DA:72,0
DA:73,0
DA:74,0
DA:77,0
DA:78,0
DA:80,0
DA:83,0
DA:86,0
DA:92,0
DA:93,0
DA:96,0
DA:106,0
DA:107,0
DA:109,0
DA:111,0
DA:115,0
DA:117,0
DA:121,0
DA:122,0
DA:124,0
DA:139,0
DA:142,0
DA:143,0
DA:144,0
DA:146,0
DA:154,0
DA:159,0
DA:161,0
DA:165,0
DA:166,0
DA:167,0
DA:175,0
DA:178,0
DA:181,0
DA:183,0
DA:190,0
DA:191,0
DA:203,0
DA:204,0
DA:205,0
DA:206,0
DA:208,0
DA:210,0
DA:224,0
DA:229,0
DA:230,0
DA:242,0
DA:243,0
LF:65
LH:0
BRDA:49,0,0,0
BRDA:66,1,0,0
BRDA:66,2,0,0
BRDA:66,2,1,0
BRDA:70,3,0,0
BRDA:70,3,1,0
BRDA:73,4,0,0
BRDA:73,4,1,0
BRDA:80,5,0,0
BRDA:127,6,0,0
BRDA:127,6,1,0
BRDA:128,7,0,0
BRDA:128,7,1,0
BRDA:129,8,0,0
BRDA:129,8,1,0
BRDA:129,8,2,0
BRDA:129,8,3,0
BRDA:133,9,0,0
BRDA:133,9,1,0
BRDA:143,10,0,0
BRDA:166,11,0,0
BRDA:166,12,0,0
BRDA:166,12,1,0
BRDA:208,13,0,0
BRDA:208,14,0,0
BRDA:208,14,1,0
BRF:26
BRH:0
end_of_record
TN:
SF:app/api/auth/v1/callback/route.ts
FN:9,GET
FN:21,(anonymous_4)
FN:48,POST
FNF:3
FNH:0
FNDA:0,GET
FNDA:0,(anonymous_4)
FNDA:0,POST
DA:1,0
DA:9,0
DA:10,0
DA:11,0
DA:13,0
DA:14,0
DA:20,0
DA:21,0
DA:22,0
DA:26,0
DA:27,0
DA:28,0
DA:31,0
DA:33,0
DA:35,0
DA:37,0
DA:40,0
DA:41,0
DA:42,0
DA:44,0
DA:48,0
DA:50,0
LF:22
LH:0
BRDA:26,0,0,0
BRDA:26,0,1,0
BRDA:27,1,0,0
BRDA:27,1,1,0
BRDA:40,2,0,0
BRDA:40,2,1,0
BRDA:41,3,0,0
BRDA:41,3,1,0
BRF:8
BRH:0
end_of_record
TN:
SF:app/api/auth/verify/route.ts
FN:9,GET
FN:17,(anonymous_4)
FN:21,(anonymous_5)
FN:166,OPTIONS
FNF:4
FNH:0
FNDA:0,GET
FNDA:0,(anonymous_4)
FNDA:0,(anonymous_5)
FNDA:0,OPTIONS
DA:1,0
DA:2,0
DA:3,0
DA:9,0
DA:10,0
DA:11,0
DA:14,0
DA:16,0
DA:18,0
DA:19,0
DA:22,0
DA:26,0
DA:29,0
DA:31,0
DA:37,0
DA:38,0
DA:39,0
DA:50,0
DA:51,0
DA:52,0
DA:63,0
DA:64,0
DA:66,0
DA:67,0
DA:68,0
DA:79,0
DA:81,0
DA:82,0
DA:83,0
DA:94,0
DA:95,0
DA:101,0
DA:102,0
DA:106,0
DA:107,0
DA:108,0
DA:118,0
DA:123,0
DA:124,0
DA:125,0
DA:131,0
DA:138,0
DA:150,0
DA:152,0
DA:166,0
DA:167,0
LF:46
LH:0
BRDA:19,0,0,0
BRDA:19,0,1,0
BRDA:37,1,0,0
BRDA:50,2,0,0
BRDA:50,3,0,0
BRDA:50,3,1,0
BRDA:66,4,0,0
BRDA:81,5,0,0
BRDA:81,6,0,0
BRDA:81,6,1,0
BRDA:101,7,0,0
BRDA:101,8,0,0
BRDA:101,8,1,0
BRDA:106,9,0,0
BRDA:124,10,0,0
BRDA:134,11,0,0
BRDA:134,11,1,0
BRDA:143,12,0,0
BRDA:143,12,1,0
BRF:19
BRH:0
end_of_record
TN:
SF:app/api/auth/wechat/route.ts
FN:19,checkRateLimit
FN:51,validateInput
FN:87,handleWeChatApiError
FN:132,setSecurityHeaders
FN:158,POST
FN:533,PUT
FN:725,OPTIONS
FN:734,generateJwtToken
FNF:8
FNH:0
FNDA:0,checkRateLimit
FNDA:0,validateInput
FNDA:0,handleWeChatApiError
FNDA:0,setSecurityHeaders
FNDA:0,POST
FNDA:0,PUT
FNDA:0,OPTIONS
FNDA:0,generateJwtToken
DA:1,0
DA:2,0
DA:5,0
DA:6,0
DA:9,0
DA:10,0
DA:11,0
DA:20,0
DA:21,0
DA:24,0
DA:25,0
DA:26,0
DA:27,0
DA:31,0
DA:33,0
DA:34,0
DA:37,0
DA:53,0
DA:54,0
DA:57,0
DA:58,0
DA:62,0
DA:63,0
DA:67,0
DA:68,0
DA:69,0
DA:72,0
DA:73,0
DA:77,0
DA:88,0
DA:90,0
DA:123,0
DA:134,0
DA:135,0
DA:136,0
DA:139,0
DA:140,0
DA:141,0
DA:142,0
DA:145,0
DA:146,0
DA:147,0
DA:149,0
DA:158,0
DA:159,0
DA:161,0
DA:163,0
DA:167,0
DA:174,0
DA:175,0
DA:176,0
DA:181,0
DA:189,0
DA:190,0
DA:191,0
DA:192,0
DA:194,0
DA:199,0
DA:200,0
DA:202,0
DA:203,0
DA:207,0
DA:210,0
DA:213,0
DA:214,0
DA:215,0
DA:216,0
DA:220,0
DA:224,0
DA:225,0
DA:227,0
DA:228,0
DA:229,0
DA:233,0
DA:238,0
DA:239,0
DA:250,0
DA:251,0
DA:255,0
DA:258,0
DA:261,0
DA:264,0
DA:265,0
DA:275,0
DA:276,0
DA:280,0
DA:283,0
DA:284,0
DA:289,0
DA:296,0
DA:300,0
DA:301,0
DA:303,0
DA:304,0
DA:308,0
DA:312,0
DA:313,0
DA:314,0
DA:320,0
DA:327,0
DA:330,0
DA:331,0
DA:332,0
DA:333,0
DA:335,0
DA:336,0
DA:341,0
DA:345,0
DA:348,0
DA:349,0
DA:352,0
DA:355,0
DA:356,0
DA:366,0
DA:367,0
DA:371,0
DA:374,0
DA:375,0
DA:380,0
DA:387,0
DA:391,0
DA:392,0
DA:394,0
DA:395,0
DA:399,0
DA:403,0
DA:404,0
DA:405,0
DA:411,0
DA:418,0
DA:421,0
DA:425,0
DA:426,0
DA:428,0
DA:429,0
DA:433,0
DA:438,0
DA:439,0
DA:447,0
DA:448,0
DA:452,0
DA:456,0
DA:458,0
DA:464,0
DA:466,0
DA:468,0
DA:474,0
DA:475,0
DA:478,0
DA:482,0
DA:483,0
DA:488,0
DA:504,0
DA:505,0
DA:506,0
DA:508,0
DA:511,0
DA:512,0
DA:518,0
DA:526,0
DA:533,0
DA:534,0
DA:536,0
DA:538,0
DA:542,0
DA:548,0
DA:549,0
DA:550,0
DA:552,0
DA:560,0
DA:561,0
DA:566,0
DA:567,0
DA:569,0
DA:570,0
DA:574,0
DA:577,0
DA:580,0
DA:581,0
DA:585,0
DA:588,0
DA:589,0
DA:593,0
DA:597,0
DA:599,0
DA:600,0
DA:601,0
DA:605,0
DA:608,0
DA:611,0
DA:614,0
DA:615,0
DA:625,0
DA:626,0
DA:630,0
DA:633,0
DA:634,0
DA:639,0
DA:646,0
DA:650,0
DA:651,0
DA:653,0
DA:654,0
DA:658,0
DA:662,0
DA:663,0
DA:664,0
DA:670,0
DA:677,0
DA:680,0
DA:681,0
DA:686,0
DA:700,0
DA:703,0
DA:704,0
DA:710,0
DA:718,0
DA:725,0
DA:726,0
DA:727,0
DA:736,0
DA:741,0
DA:742,0
DA:745,0
DA:746,0
DA:748,0
DA:757,0
DA:758,0
DA:762,0
DA:763,0
LF:230
LH:0
BRDA:24,0,0,0
BRDA:24,1,0,0
BRDA:24,1,1,0
BRDA:33,2,0,0
BRDA:53,3,0,0
BRDA:53,4,0,0
BRDA:53,4,1,0
BRDA:57,5,0,0
BRDA:57,6,0,0
BRDA:57,6,1,0
BRDA:62,7,0,0
BRDA:67,8,0,0
BRDA:67,9,0,0
BRDA:67,9,1,0
BRDA:68,10,0,0
BRDA:72,11,0,0
BRDA:123,12,0,0
BRDA:123,12,1,0
BRDA:134,13,0,0
BRDA:134,13,1,0
BRDA:163,14,0,0
BRDA:163,14,1,0
BRDA:163,14,2,0
BRDA:175,15,0,0
BRDA:214,16,0,0
BRDA:227,17,0,0
BRDA:227,18,0,0
BRDA:227,18,1,0
BRDA:283,19,0,0
BRDA:312,20,0,0
BRDA:335,21,0,0
BRDA:335,22,0,0
BRDA:335,22,1,0
BRDA:374,23,0,0
BRDA:403,24,0,0
BRDA:464,25,0,0
BRDA:464,26,0,0
BRDA:464,26,1,0
BRDA:513,27,0,0
BRDA:513,27,1,0
BRDA:514,28,0,0
BRDA:514,28,1,0
BRDA:538,29,0,0
BRDA:538,29,1,0
BRDA:538,29,2,0
BRDA:549,30,0,0
BRDA:580,31,0,0
BRDA:580,32,0,0
BRDA:580,32,1,0
BRDA:588,33,0,0
BRDA:588,34,0,0
BRDA:588,34,1,0
BRDA:599,35,0,0
BRDA:633,36,0,0
BRDA:662,37,0,0
BRDA:705,38,0,0
BRDA:705,38,1,0
BRDA:706,39,0,0
BRDA:706,39,1,0
BRDA:736,40,0,0
BRDA:736,40,1,0
BRDA:736,40,2,0
BRDA:736,40,3,0
BRDA:741,41,0,0
BRF:64
BRH:0
end_of_record
TN:
SF:app/api/translations/report-missing/route.ts
FN:19,POST
FN:38,(anonymous_7)
FN:52,(anonymous_8)
FN:53,(anonymous_9)
FN:87,(anonymous_10)
FN:91,(anonymous_11)
FN:118,GET
FN:127,(anonymous_13)
FN:128,(anonymous_14)
FN:139,(anonymous_15)
FN:143,(anonymous_16)
FN:148,(anonymous_17)
FNF:12
FNH:0
FNDA:0,POST
FNDA:0,(anonymous_7)
FNDA:0,(anonymous_8)
FNDA:0,(anonymous_9)
FNDA:0,(anonymous_10)
FNDA:0,(anonymous_11)
FNDA:0,GET
FNDA:0,(anonymous_13)
FNDA:0,(anonymous_14)
FNDA:0,(anonymous_15)
FNDA:0,(anonymous_16)
FNDA:0,(anonymous_17)
DA:1,0
DA:19,0
DA:20,0
DA:21,0
DA:24,0
DA:25,0
DA:32,0
DA:33,0
DA:34,0
DA:35,0
DA:36,0
DA:38,0
DA:39,0
DA:40,0
DA:41,0
DA:47,0
DA:52,0
DA:53,0
DA:55,0
DA:56,0
DA:57,0
DA:59,0
DA:60,0
DA:66,0
DA:67,0
DA:68,0
DA:69,0
DA:75,0
DA:78,0
DA:80,0
DA:85,0
DA:88,0
DA:89,0
DA:92,0
DA:93,0
DA:94,0
DA:98,0
DA:105,0
DA:107,0
DA:118,0
DA:119,0
DA:120,0
DA:126,0
DA:127,0
DA:128,0
DA:130,0
DA:131,0
DA:132,0
DA:134,0
DA:135,0
DA:136,0
DA:139,0
DA:140,0
DA:144,0
DA:145,0
DA:148,0
DA:152,0
DA:154,0
DA:162,0
LF:59
LH:0
BRDA:24,0,0,0
BRDA:24,1,0,0
BRDA:24,1,1,0
BRDA:32,2,0,0
BRDA:39,3,0,0
BRDA:39,3,1,0
BRDA:40,4,0,0
BRDA:47,5,0,0
BRDA:88,6,0,0
BRDA:88,6,1,0
BRDA:92,7,0,0
BRDA:92,7,1,0
BRDA:93,8,0,0
BRDA:93,8,1,0
BRDA:110,9,0,0
BRDA:110,9,1,0
BRDA:119,10,0,0
BRDA:139,11,0,0
BRDA:139,11,1,0
BRDA:144,12,0,0
BRDA:144,12,1,0
BRF:21
BRH:0
end_of_record
TN:
SF:app/api/translations/sync/route.ts
FN:16,POST
FN:53,(anonymous_5)
FN:114,GET
FNF:3
FNH:0
FNDA:0,POST
FNDA:0,(anonymous_5)
FNDA:0,GET
DA:1,0
DA:2,0
DA:3,0
DA:4,0
DA:5,0
DA:8,0
DA:16,0
DA:17,0
DA:19,0
DA:20,0
DA:22,0
DA:23,0
DA:29,0
DA:31,0
DA:32,0
DA:37,0
DA:38,0
DA:41,0
DA:42,0
DA:43,0
DA:44,0
DA:46,0
DA:50,0
DA:52,0
DA:53,0
DA:54,0
DA:58,0
DA:64,0
DA:65,0
DA:66,0
DA:72,0
DA:73,0
DA:79,0
DA:85,0
DA:91,0
DA:100,0
DA:106,0
DA:107,0
DA:114,0
DA:115,0
LF:40
LH:0
BRDA:22,0,0,0
BRDA:22,1,0,0
BRDA:22,1,1,0
BRDA:31,2,0,0
BRDA:43,3,0,0
BRDA:43,3,1,0
BRDA:50,4,0,0
BRDA:50,4,1,0
BRDA:50,5,0,0
BRDA:50,5,1,0
BRDA:54,6,0,0
BRDA:55,7,0,0
BRDA:55,7,1,0
BRDA:55,7,2,0
BRDA:58,8,0,0
BRDA:58,8,1,0
BRDA:93,9,0,0
BRDA:93,9,1,0
BRDA:109,10,0,0
BRDA:109,10,1,0
BRF:20
BRH:0
end_of_record
TN:
SF:app/api/vote/can-vote/route.ts
FN:19,canVoteHandler
FN:105,canVoteGetHandler
FN:129,(anonymous_5)
FN:142,POST
FN:146,GET
FNF:5
FNH:0
FNDA:0,canVoteHandler
FNDA:0,canVoteGetHandler
FNDA:0,(anonymous_5)
FNDA:0,POST
FNDA:0,GET
DA:1,0
DA:2,0
DA:20,0
DA:21,0
DA:22,0
DA:25,0
DA:26,0
DA:32,0
DA:33,0
DA:39,0
DA:42,0
DA:47,0
DA:48,0
DA:51,0
DA:52,0
DA:58,0
DA:59,0
DA:65,0
DA:72,0
DA:78,0
DA:79,0
DA:80,0
DA:86,0
DA:95,0
DA:97,0
DA:98,0
DA:106,0
DA:107,0
DA:108,0
DA:109,0
DA:111,0
DA:112,0
DA:118,0
DA:119,0
DA:120,0
DA:127,0
DA:129,0
DA:132,0
DA:134,0
DA:135,0
DA:142,0
DA:143,0
DA:146,0
DA:147,0
LF:44
LH:0
BRDA:25,0,0,0
BRDA:25,1,0,0
BRDA:25,1,1,0
BRDA:32,2,0,0
BRDA:47,3,0,0
BRDA:51,4,0,0
BRDA:58,5,0,0
BRDA:78,6,0,0
BRDA:88,7,0,0
BRDA:88,7,1,0
BRDA:89,8,0,0
BRDA:89,8,1,0
BRDA:90,9,0,0
BRDA:90,9,1,0
BRDA:91,10,0,0
BRDA:91,10,1,0
BRDA:91,11,0,0
BRDA:91,11,1,0
BRDA:111,12,0,0
BRDA:111,13,0,0
BRDA:111,13,1,0
BRDA:119,14,0,0
BRDA:119,15,0,0
BRDA:119,15,1,0
BRF:24
BRH:0
end_of_record
TN:
SF:app/api/vote/results/route.ts
FN:31,GET
FN:134,(anonymous_4)
FN:138,(anonymous_5)
FN:184,POST
FNF:4
FNH:0
FNDA:0,GET
FNDA:0,(anonymous_4)
FNDA:0,(anonymous_5)
FNDA:0,POST
DA:1,0
DA:2,0
DA:31,0
DA:32,0
DA:33,0
DA:34,0
DA:36,0
DA:37,0
DA:43,0
DA:44,0
DA:45,0
DA:51,0
DA:54,0
DA:67,0
DA:68,0
DA:69,0
DA:70,0
DA:75,0
DA:81,0
DA:82,0
DA:89,0
DA:90,0
DA:91,0
DA:94,0
DA:95,0
DA:96,0
DA:97,0
DA:99,0
DA:103,0
DA:125,0
DA:126,0
DA:127,0
DA:134,0
DA:135,0
DA:138,0
DA:139,0
DA:140,0
DA:144,0
DA:163,0
DA:171,0
DA:176,0
DA:177,0
DA:184,0
DA:185,0
LF:44
LH:0
BRDA:36,0,0,0
BRDA:44,1,0,0
BRDA:44,2,0,0
BRDA:44,2,1,0
BRDA:67,3,0,0
BRDA:69,4,0,0
BRDA:81,5,0,0
BRDA:94,6,0,0
BRDA:94,6,1,0
BRDA:96,7,0,0
BRDA:96,7,1,0
BRDA:96,8,0,0
BRDA:96,8,1,0
BRDA:125,9,0,0
BRDA:134,10,0,0
BRDA:134,10,1,0
BRDA:135,11,0,0
BRDA:135,11,1,0
BRDA:138,12,0,0
BRDA:138,12,1,0
BRDA:139,13,0,0
BRDA:139,13,1,0
BRDA:140,14,0,0
BRDA:140,14,1,0
BRDA:150,15,0,0
BRDA:150,15,1,0
BRF:26
BRH:0
end_of_record
TN:
SF:app/api/vote/submit/route.ts
FN:12,POST
FN:130,GET
FNF:2
FNH:0
FNDA:0,POST
FNDA:0,GET
DA:1,0
DA:2,0
DA:12,0
DA:13,0
DA:14,0
DA:15,0
DA:18,0
DA:19,0
DA:25,0
DA:26,0
DA:32,0
DA:35,0
DA:36,0
DA:42,0
DA:43,0
DA:45,0
DA:46,0
DA:52,0
DA:53,0
DA:59,0
DA:65,0
DA:66,0
DA:72,0
DA:75,0
DA:77,0
DA:78,0
DA:84,0
DA:85,0
DA:91,0
DA:98,0
DA:106,0
DA:107,0
DA:108,0
DA:114,0
DA:116,0
DA:122,0
DA:123,0
DA:130,0
DA:131,0
LF:39
LH:0
BRDA:18,0,0,0
BRDA:18,1,0,0
BRDA:18,1,1,0
BRDA:18,1,2,0
BRDA:18,1,3,0
BRDA:18,1,4,0
BRDA:25,2,0,0
BRDA:42,3,0,0
BRDA:45,4,0,0
BRDA:52,5,0,0
BRDA:65,6,0,0
BRDA:77,7,0,0
BRDA:84,8,0,0
BRDA:106,9,0,0
BRF:14
BRH:0
end_of_record
TN:
SF:app/auth/layout.tsx
FN:1,AuthLayout
FNF:1
FNH:0
FNDA:0,AuthLayout
DA:1,0
LF:1
LH:0
BRF:0
BRH:0
end_of_record
TN:
SF:app/auth/callback/page.tsx
FN:10,AuthCallbackPage
FNF:1
FNH:0
FNDA:0,AuthCallbackPage
DA:1,0
DA:2,0
DA:10,0
LF:3
LH:0
BRF:0
BRH:0
end_of_record
TN:
SF:app/auth/callback/[provider]/page.tsx
FN:15,AuthCallbackPage
FNF:1
FNH:0
FNDA:0,AuthCallbackPage
DA:1,0
DA:2,0
DA:15,0
DA:16,0
LF:4
LH:0
BRF:0
BRH:0
end_of_record
TN:
SF:app/test-auth/layout.tsx
FN:1,TestAuthLayout
FNF:1
FNH:0
FNDA:0,TestAuthLayout
DA:1,0
LF:1
LH:0
BRF:0
BRH:0
end_of_record
TN:
SF:app/test-auth/page.tsx
FN:6,TestAuth
FNF:1
FNH:0
FNDA:0,TestAuth
DA:3,0
DA:4,0
DA:6,0
LF:3
LH:0
BRF:0
BRH:0
end_of_record
TN:
SF:components/PortalGuard.tsx
FN:13,PortalGuard
FN:17,(anonymous_2)
FN:18,(anonymous_3)
FNF:3
FNH:0
FNDA:0,PortalGuard
FNDA:0,(anonymous_2)
FNDA:0,(anonymous_3)
DA:3,0
DA:4,0
DA:5,0
DA:6,0
DA:13,0
DA:14,0
DA:15,0
DA:17,0
DA:18,0
DA:19,0
DA:22,0
DA:23,0
DA:24,0
DA:25,0
DA:29,0
LF:15
LH:0
BRDA:13,0,0,0
BRDA:22,1,0,0
BRDA:22,1,1,0
BRDA:22,2,0,0
BRDA:22,2,1,0
BRDA:24,3,0,0
BRDA:24,4,0,0
BRDA:24,4,1,0
BRF:8
BRH:0
end_of_record
TN:
SF:components/index.ts
FNF:0
FNH:0
DA:9,0
DA:12,0
DA:15,0
DA:23,0
LF:4
LH:0
BRF:0
BRH:0
end_of_record
TN:
SF:components/admin/PerformanceDashboard.tsx
FN:61,(anonymous_8)
FN:86,(anonymous_9)
FN:119,PerformanceDashboard
FN:136,(anonymous_11)
FN:166,(anonymous_12)
FN:171,(anonymous_13)
FN:176,(anonymous_14)
FN:182,(anonymous_15)
FN:189,(anonymous_16)
FN:199,(anonymous_17)
FN:211,(anonymous_18)
FN:229,(anonymous_19)
FN:306,(anonymous_20)
FN:335,(anonymous_21)
FN:363,(anonymous_22)
FNF:15
FNH:0
FNDA:0,(anonymous_8)
FNDA:0,(anonymous_9)
FNDA:0,PerformanceDashboard
FNDA:0,(anonymous_11)
FNDA:0,(anonymous_12)
FNDA:0,(anonymous_13)
FNDA:0,(anonymous_14)
FNDA:0,(anonymous_15)
FNDA:0,(anonymous_16)
FNDA:0,(anonymous_17)
FNDA:0,(anonymous_18)
FNDA:0,(anonymous_19)
FNDA:0,(anonymous_20)
FNDA:0,(anonymous_21)
FNDA:0,(anonymous_22)
DA:10,0
DA:16,0
DA:61,0
DA:70,0
DA:86,0
DA:99,0
DA:100,0
DA:104,0
DA:119,0
DA:120,0
DA:132,0
DA:133,0
DA:136,0
DA:137,0
DA:138,0
DA:140,0
DA:141,0
DA:142,0
DA:145,0
DA:152,0
DA:159,0
DA:161,0
DA:166,0
DA:167,0
DA:169,0
DA:170,0
DA:171,0
DA:176,0
DA:177,0
DA:178,0
DA:182,0
DA:184,0
DA:185,0
DA:189,0
DA:190,0
DA:191,0
DA:192,0
DA:193,0
DA:194,0
DA:199,0
DA:200,0
DA:201,0
DA:202,0
DA:205,0
DA:212,0
DA:229,0
DA:307,0
DA:336,0
DA:364,0
LF:49
LH:0
BRDA:36,0,0,0
BRDA:42,1,0,0
BRDA:48,2,0,0
BRDA:54,3,0,0
BRDA:63,4,0,0
BRDA:64,5,0,0
BRDA:89,6,0,0
BRDA:90,7,0,0
BRDA:91,8,0,0
BRDA:169,9,0,0
BRDA:190,10,0,0
BRDA:190,10,1,0
BRDA:190,10,2,0
BRDA:190,10,3,0
BRDA:200,11,0,0
BRDA:201,12,0,0
BRDA:205,13,0,0
BRDA:231,14,0,0
BRDA:231,14,1,0
BRDA:303,15,0,0
BRDA:332,16,0,0
BRDA:340,17,0,0
BRDA:340,17,1,0
BRDA:340,18,0,0
BRDA:340,18,1,0
BRDA:345,19,0,0
BRDA:345,19,1,0
BRDA:356,20,0,0
BRF:28
BRH:0
end_of_record
TN:
SF:components/admin/TranslationSyncPanel.tsx
FN:26,TranslationSyncPanel
FN:31,(anonymous_5)
FN:100,(anonymous_6)
FNF:3
FNH:0
FNDA:0,TranslationSyncPanel
FNDA:0,(anonymous_5)
FNDA:0,(anonymous_6)
DA:3,0
DA:26,0
DA:27,0
DA:28,0
DA:29,0
DA:31,0
DA:32,0
DA:33,0
DA:34,0
DA:36,0
DA:37,0
DA:38,0
DA:39,0
DA:40,0
DA:43,0
DA:51,0
DA:53,0
DA:54,0
DA:57,0
DA:59,0
DA:61,0
DA:101,0
DA:102,0
LF:23
LH:0
BRDA:38,0,0,0
BRDA:53,1,0,0
BRDA:54,2,0,0
BRDA:54,2,1,0
BRDA:59,3,0,0
BRDA:59,3,1,0
BRDA:77,4,0,0
BRDA:77,4,1,0
BRDA:82,5,0,0
BRDA:82,5,1,0
BRDA:86,6,0,0
BRDA:92,7,0,0
BRDA:106,8,0,0
BRDA:106,8,1,0
BRDA:113,9,0,0
BRDA:115,10,0,0
BRF:16
BRH:0
end_of_record
TN:
SF:components/auth/AuthRedirectHandler.tsx
FN:40,AuthRedirectHandler
FN:57,(anonymous_2)
FN:99,(anonymous_3)
FN:116,(anonymous_4)
FN:143,(anonymous_5)
FN:160,(anonymous_6)
FN:208,(anonymous_7)
FN:234,(anonymous_8)
FN:265,(anonymous_9)
FN:295,(anonymous_10)
FN:300,(anonymous_11)
FN:308,(anonymous_12)
FN:311,(anonymous_13)
FN:347,(anonymous_14)
FN:404,(anonymous_15)
FN:415,(anonymous_16)
FN:452,(anonymous_17)
FN:453,(anonymous_18)
FNF:18
FNH:0
FNDA:0,AuthRedirectHandler
FNDA:0,(anonymous_2)
FNDA:0,(anonymous_3)
FNDA:0,(anonymous_4)
FNDA:0,(anonymous_5)
FNDA:0,(anonymous_6)
FNDA:0,(anonymous_7)
FNDA:0,(anonymous_8)
FNDA:0,(anonymous_9)
FNDA:0,(anonymous_10)
FNDA:0,(anonymous_11)
FNDA:0,(anonymous_12)
FNDA:0,(anonymous_13)
FNDA:0,(anonymous_14)
FNDA:0,(anonymous_15)
FNDA:0,(anonymous_16)
FNDA:0,(anonymous_17)
FNDA:0,(anonymous_18)
DA:3,0
DA:4,0
DA:5,0
DA:11,0
DA:16,0
DA:19,0
DA:40,0
DA:41,0
DA:42,0
DA:43,0
DA:44,0
DA:45,0
DA:46,0
DA:49,0
DA:50,0
DA:51,0
DA:52,0
DA:57,0
DA:58,0
DA:60,0
DA:64,0
DA:67,0
DA:81,0
DA:82,0
DA:84,0
DA:88,0
DA:89,0
DA:90,0
DA:91,0
DA:94,0
DA:95,0
DA:96,0
DA:99,0
DA:100,0
DA:101,0
DA:102,0
DA:103,0
DA:104,0
DA:105,0
DA:108,0
DA:113,0
DA:116,0
DA:117,0
DA:118,0
DA:123,0
DA:126,0
DA:127,0
DA:128,0
DA:129,0
DA:131,0
DA:132,0
DA:135,0
DA:143,0
DA:145,0
DA:146,0
DA:147,0
DA:151,0
DA:152,0
DA:153,0
DA:156,0
DA:158,0
DA:159,0
DA:160,0
DA:163,0
DA:164,0
DA:165,0
DA:166,0
DA:170,0
DA:171,0
DA:176,0
DA:177,0
DA:178,0
DA:182,0
DA:183,0
DA:184,0
DA:186,0
DA:187,0
DA:189,0
DA:190,0
DA:196,0
DA:198,0
DA:199,0
DA:201,0
DA:202,0
DA:203,0
DA:204,0
DA:207,0
DA:208,0
DA:210,0
DA:216,0
DA:218,0
DA:219,0
DA:220,0
DA:222,0
DA:223,0
DA:227,0
DA:228,0
DA:229,0
DA:230,0
DA:233,0
DA:234,0
DA:235,0
DA:238,0
DA:240,0
DA:241,0
DA:242,0
DA:243,0
DA:245,0
DA:247,0
DA:248,0
DA:252,0
DA:253,0
DA:255,0
DA:258,0
DA:259,0
DA:261,0
DA:262,0
DA:265,0
DA:270,0
DA:271,0
DA:272,0
DA:275,0
DA:278,0
DA:279,0
DA:280,0
DA:281,0
DA:284,0
DA:285,0
DA:286,0
DA:288,0
DA:295,0
DA:296,0
DA:297,0
DA:300,0
DA:301,0
DA:308,0
DA:309,0
DA:311,0
DA:312,0
DA:316,0
DA:317,0
DA:321,0
DA:325,0
DA:327,0
DA:328,0
DA:334,0
DA:336,0
DA:339,0
DA:343,0
DA:347,0
DA:348,0
DA:360,0
DA:361,0
DA:362,0
DA:366,0
DA:367,0
DA:368,0
DA:372,0
DA:373,0
DA:378,0
DA:381,0
DA:382,0
DA:384,0
DA:387,0
DA:393,0
DA:394,0
DA:396,0
DA:400,0
DA:401,0
DA:404,0
DA:405,0
DA:406,0
DA:410,0
DA:414,0
DA:415,0
DA:416,0
DA:419,0
DA:425,0
DA:427,0
DA:439,0
DA:441,0
DA:452,0
DA:453,0
DA:454,0
DA:455,0
LF:185
LH:0
BRDA:95,0,0,0
BRDA:102,1,0,0
BRDA:102,1,1,0
BRDA:102,2,0,0
BRDA:102,2,1,0
BRDA:104,3,0,0
BRDA:104,4,0,0
BRDA:104,4,1,0
BRDA:117,5,0,0
BRDA:131,6,0,0
BRDA:143,7,0,0
BRDA:145,8,0,0
BRDA:145,9,0,0
BRDA:145,9,1,0
BRDA:151,10,0,0
BRDA:151,11,0,0
BRDA:151,11,1,0
BRDA:163,12,0,0
BRDA:170,13,0,0
BRDA:170,14,0,0
BRDA:170,14,1,0
BRDA:170,14,2,0
BRDA:182,15,0,0
BRDA:186,16,0,0
BRDA:218,17,0,0
BRDA:219,18,0,0
BRDA:227,19,0,0
BRDA:240,20,0,0
BRDA:240,20,1,0
BRDA:252,21,0,0
BRDA:252,21,1,0
BRDA:258,22,0,0
BRDA:278,23,0,0
BRDA:278,24,0,0
BRDA:278,24,1,0
BRDA:278,24,2,0
BRDA:295,25,0,0
BRDA:295,26,0,0
BRDA:296,27,0,0
BRDA:309,28,0,0
BRDA:316,29,0,0
BRDA:316,30,0,0
BRDA:316,30,1,0
BRDA:325,31,0,0
BRDA:325,32,0,0
BRDA:325,32,1,0
BRDA:325,32,2,0
BRDA:327,33,0,0
BRDA:327,33,1,0
BRDA:327,34,0,0
BRDA:327,34,1,0
BRDA:360,35,0,0
BRDA:360,36,0,0
BRDA:360,36,1,0
BRDA:366,37,0,0
BRDA:366,38,0,0
BRDA:366,38,1,0
BRDA:372,39,0,0
BRDA:381,40,0,0
BRDA:381,41,0,0
BRDA:381,41,1,0
BRDA:381,41,2,0
BRDA:396,42,0,0
BRDA:396,42,1,0
BRDA:397,43,0,0
BRDA:397,43,1,0
BRDA:410,44,0,0
BRDA:410,44,1,0
BRDA:411,45,0,0
BRDA:411,45,1,0
BRDA:425,46,0,0
BRDA:425,46,1,0
BRDA:425,47,0,0
BRDA:425,47,1,0
BRDA:439,48,0,0
BRDA:439,49,0,0
BRDA:439,49,1,0
BRDA:454,50,0,0
BRF:78
BRH:0
end_of_record
TN:
SF:components/auth/withAuthGuard.tsx
FN:19,withAuthGuard
FN:32,(anonymous_8)
FN:40,(anonymous_9)
FN:41,(anonymous_10)
FN:148,withRequireAuth
FN:155,withOptionalAuth
FNF:6
FNH:0
FNDA:0,withAuthGuard
FNDA:0,(anonymous_8)
FNDA:0,(anonymous_9)
FNDA:0,(anonymous_10)
FNDA:0,withRequireAuth
FNDA:0,withOptionalAuth
DA:3,0
DA:4,0
DA:5,0
DA:6,0
DA:7,0
DA:8,0
DA:19,0
DA:30,0
DA:32,0
DA:33,0
DA:34,0
DA:35,0
DA:36,0
DA:37,0
DA:38,0
DA:40,0
DA:41,0
DA:43,0
DA:44,0
DA:48,0
DA:49,0
DA:50,0
DA:54,0
DA:55,0
DA:56,0
DA:58,0
DA:59,0
DA:63,0
DA:66,0
DA:67,0
DA:70,0
DA:71,0
DA:72,0
DA:76,0
DA:84,0
DA:86,0
DA:90,0
DA:102,0
DA:103,0
DA:104,0
DA:115,0
DA:116,0
DA:117,0
DA:140,0
DA:144,0
DA:148,0
DA:152,0
DA:155,0
DA:159,0
LF:49
LH:0
BRDA:21,0,0,0
BRDA:29,1,0,0
BRDA:43,2,0,0
BRDA:48,3,0,0
BRDA:54,4,0,0
BRDA:54,5,0,0
BRDA:54,5,1,0
BRDA:55,6,0,0
BRDA:63,7,0,0
BRDA:63,7,1,0
BRDA:66,8,0,0
BRDA:70,9,0,0
BRDA:78,10,0,0
BRDA:78,10,1,0
BRDA:80,11,0,0
BRDA:80,11,1,0
BRDA:84,12,0,0
BRDA:102,13,0,0
BRDA:102,14,0,0
BRDA:102,14,1,0
BRDA:103,15,0,0
BRDA:115,16,0,0
BRDA:115,17,0,0
BRDA:115,17,1,0
BRDA:116,18,0,0
BRDA:124,19,0,0
BRDA:124,19,1,0
BRDA:127,20,0,0
BRDA:127,20,1,0
BRDA:141,21,0,0
BRDA:141,21,1,0
BRDA:141,21,2,0
BRF:32
BRH:0
end_of_record
TN:
SF:components/client/ClientNavigationSetter.tsx
FN:16,(anonymous_4)
FN:19,(anonymous_5)
FNF:2
FNH:0
FNDA:0,(anonymous_4)
FNDA:0,(anonymous_5)
DA:3,1
DA:4,1
DA:16,1
DA:17,0
DA:19,0
DA:20,0
DA:24,0
LF:7
LH:3
BRF:0
BRH:0
end_of_record
TN:
SF:components/client/NavigationLink.tsx
FN:15,NavigationLink
FNF:1
FNH:0
FNDA:0,NavigationLink
DA:3,0
DA:4,0
DA:15,0
DA:21,0
LF:4
LH:0
BRDA:18,0,0,0
BRDA:54,1,0,0
BRDA:54,1,1,0
BRDA:61,2,0,0
BRF:4
BRH:0
end_of_record
TN:
SF:components/client/RetryButton.tsx
FN:16,RetryButton
FN:20,(anonymous_3)
FNF:2
FNH:0
FNDA:0,RetryButton
FNDA:0,(anonymous_3)
DA:3,1
DA:4,1
DA:5,1
DA:16,0
DA:17,0
DA:18,0
DA:20,0
DA:21,0
LF:8
LH:3
BRDA:16,0,0,0
BRF:1
BRH:0
end_of_record
TN:
SF:components/client/VoteClientComponent.tsx
FN:25,VoteClientComponent
FN:30,(anonymous_5)
FN:37,(anonymous_6)
FN:42,(anonymous_7)
FN:43,(anonymous_8)
FN:65,(anonymous_9)
FN:71,(anonymous_10)
FNF:7
FNH:0
FNDA:0,VoteClientComponent
FNDA:0,(anonymous_5)
FNDA:0,(anonymous_6)
FNDA:0,(anonymous_7)
FNDA:0,(anonymous_8)
FNDA:0,(anonymous_9)
FNDA:0,(anonymous_10)
DA:3,1
DA:25,0
DA:26,0
DA:27,0
DA:30,0
DA:31,0
DA:32,0
DA:33,0
DA:37,0
DA:38,0
DA:42,0
DA:43,0
DA:66,0
DA:71,0
LF:14
LH:1
BRDA:33,0,0,0
BRDA:33,0,1,0
BRDA:43,1,0,0
BRDA:43,1,1,0
BRDA:54,2,0,0
BRDA:54,2,1,0
BRDA:62,3,0,0
BRDA:69,4,0,0
BRDA:69,4,1,0
BRDA:87,5,0,0
BRF:10
BRH:0
end_of_record
TN:
SF:components/client/index.ts
FNF:0
FNH:0
DA:11,1
DA:12,1
DA:13,1
DA:14,1
DA:15,1
DA:18,1
DA:19,1
DA:20,1
DA:21,1
DA:22,1
LF:10
LH:10
BRF:0
BRH:0
end_of_record
TN:
SF:components/client/auth/SocialLoginButtons.tsx
FN:18,SocialLoginButtons
FN:30,(anonymous_6)
FN:122,(anonymous_7)
FN:129,(anonymous_8)
FN:149,(anonymous_9)
FNF:5
FNH:0
FNDA:0,SocialLoginButtons
FNDA:0,(anonymous_6)
FNDA:0,(anonymous_7)
FNDA:0,(anonymous_8)
FNDA:0,(anonymous_9)
DA:3,1
DA:4,1
DA:5,1
DA:6,1
DA:7,1
DA:18,0
DA:25,0
DA:26,0
DA:27,0
DA:29,0
DA:31,0
DA:33,0
DA:35,0
DA:38,0
DA:41,0
DA:42,0
DA:45,0
DA:46,0
DA:50,0
DA:53,0
DA:56,0
DA:57,0
DA:59,0
DA:60,0
DA:63,0
DA:64,0
DA:71,0
DA:88,0
DA:123,0
DA:126,0
DA:129,0
DA:130,0
DA:132,0
DA:134,0
DA:136,0
DA:138,0
DA:140,0
DA:144,0
DA:149,0
LF:39
LH:5
BRDA:22,0,0,0
BRDA:23,1,0,0
BRDA:53,2,0,0
BRDA:53,2,1,0
BRDA:57,3,0,0
BRDA:65,4,0,0
BRDA:65,4,1,0
BRDA:126,5,0,0
BRDA:126,5,1,0
BRDA:126,6,0,0
BRDA:126,6,1,0
BRDA:130,7,0,0
BRDA:130,7,1,0
BRDA:130,7,2,0
BRDA:130,7,3,0
BRDA:130,7,4,0
BRDA:153,8,0,0
BRDA:160,9,0,0
BRDA:160,9,1,0
BRDA:160,10,0,0
BRDA:160,10,1,0
BRDA:164,11,0,0
BRDA:164,11,1,0
BRDA:165,12,0,0
BRDA:165,12,1,0
BRDA:166,13,0,0
BRDA:166,13,1,0
BRDA:166,14,0,0
BRDA:166,14,1,0
BRDA:171,15,0,0
BRDA:171,15,1,0
BRDA:172,16,0,0
BRDA:172,16,1,0
BRF:33
BRH:0
end_of_record
TN:
SF:components/client/auth/index.ts
FNF:0
FNH:0
DA:8,1
DA:9,1
DA:10,1
DA:11,1
DA:12,0
LF:5
LH:4
BRF:0
BRH:0
end_of_record
TN:
SF:components/client/auth/utils.ts
FN:6,validateEmail
FN:14,validatePassword
FN:49,getAuthErrorMessage
FN:67,getProviderInfo
FN:97,isTokenExpired
FNF:5
FNH:0
FNDA:0,validateEmail
FNDA:0,validatePassword
FNDA:0,getAuthErrorMessage
FNDA:0,getProviderInfo
FNDA:0,isTokenExpired
DA:6,0
DA:7,0
DA:8,0
DA:14,0
DA:18,0
DA:20,0
DA:21,0
DA:24,0
DA:25,0
DA:28,0
DA:29,0
DA:32,0
DA:33,0
DA:36,0
DA:37,0
DA:40,0
DA:49,0
DA:50,0
DA:61,0
DA:67,0
DA:68,0
DA:91,0
DA:97,0
DA:98,0
DA:99,0
DA:100,0
LF:26
LH:0
BRDA:20,0,0,0
BRDA:24,1,0,0
BRDA:28,2,0,0
BRDA:32,3,0,0
BRDA:36,4,0,0
BRDA:61,5,0,0
BRDA:61,5,1,0
BRDA:61,5,2,0
BRDA:99,6,0,0
BRDA:99,6,1,0
BRF:10
BRH:0
end_of_record
TN:
SF:components/client/auth/AuthCallback/AuthCallback.tsx
FN:6,(anonymous_5)
FN:6,(anonymous_6)
FN:27,AuthCallback
FNF:3
FNH:0
FNDA:0,(anonymous_5)
FNDA:0,(anonymous_6)
FNDA:0,AuthCallback
DA:3,1
DA:6,0
DA:27,0
LF:3
LH:1
BRF:0
BRH:0
end_of_record
TN:
SF:components/client/auth/AuthCallback/AuthCallbackClient.tsx
FN:12,AuthCallbackClient
FN:20,(anonymous_5)
FN:24,(anonymous_6)
FN:30,(anonymous_7)
FN:88,(anonymous_8)
FN:99,(anonymous_9)
FN:107,(anonymous_10)
FN:150,(anonymous_11)
FN:156,(anonymous_12)
FN:179,(anonymous_13)
FN:297,(anonymous_14)
FN:371,(anonymous_15)
FN:424,(anonymous_16)
FN:497,(anonymous_17)
FN:638,(anonymous_18)
FN:736,(anonymous_19)
FN:780,(anonymous_20)
FN:795,(anonymous_21)
FN:799,(anonymous_22)
FN:827,(anonymous_23)
FN:837,(anonymous_24)
FN:874,(anonymous_25)
FN:892,(anonymous_26)
FN:899,(anonymous_27)
FN:936,(anonymous_28)
FNF:25
FNH:0
FNDA:0,AuthCallbackClient
FNDA:0,(anonymous_5)
FNDA:0,(anonymous_6)
FNDA:0,(anonymous_7)
FNDA:0,(anonymous_8)
FNDA:0,(anonymous_9)
FNDA:0,(anonymous_10)
FNDA:0,(anonymous_11)
FNDA:0,(anonymous_12)
FNDA:0,(anonymous_13)
FNDA:0,(anonymous_14)
FNDA:0,(anonymous_15)
FNDA:0,(anonymous_16)
FNDA:0,(anonymous_17)
FNDA:0,(anonymous_18)
FNDA:0,(anonymous_19)
FNDA:0,(anonymous_20)
FNDA:0,(anonymous_21)
FNDA:0,(anonymous_22)
FNDA:0,(anonymous_23)
FNDA:0,(anonymous_24)
FNDA:0,(anonymous_25)
FNDA:0,(anonymous_26)
FNDA:0,(anonymous_27)
FNDA:0,(anonymous_28)
DA:3,1
DA:4,1
DA:6,1
DA:12,0
DA:15,0
DA:16,0
DA:17,0
DA:18,0
DA:20,0
DA:22,0
DA:24,0
DA:25,0
DA:27,0
DA:30,0
DA:31,0
DA:37,0
DA:38,0
DA:40,0
DA:47,0
DA:48,0
DA:50,0
DA:52,0
DA:54,0
DA:55,0
DA:58,0
DA:59,0
DA:60,0
DA:65,0
DA:66,0
DA:68,0
DA:71,0
DA:74,0
DA:77,0
DA:80,0
DA:81,0
DA:82,0
DA:83,0
DA:84,0
DA:88,0
DA:89,0
DA:90,0
DA:92,0
DA:96,0
DA:98,0
DA:99,0
DA:100,0
DA:101,0
DA:102,0
DA:107,0
DA:108,0
DA:110,0
DA:111,0
DA:112,0
DA:114,0
DA:117,0
DA:121,0
DA:122,0
DA:123,0
DA:124,0
DA:125,0
DA:128,0
DA:131,0
DA:133,0
DA:134,0
DA:137,0
DA:138,0
DA:139,0
DA:140,0
DA:143,0
DA:145,0
DA:150,0
DA:151,0
DA:152,0
DA:156,0
DA:157,0
DA:158,0
DA:160,0
DA:164,0
DA:165,0
DA:168,0
DA:169,0
DA:173,0
DA:174,0
DA:179,0
DA:180,0
DA:182,0
DA:184,0
DA:186,0
DA:187,0
DA:190,0
DA:191,0
DA:192,0
DA:195,0
DA:197,0
DA:198,0
DA:202,0
DA:203,0
DA:204,0
DA:207,0
DA:210,0
DA:211,0
DA:212,0
DA:213,0
DA:219,0
DA:224,0
DA:228,0
DA:229,0
DA:235,0
DA:236,0
DA:238,0
DA:239,0
DA:240,0
DA:243,0
DA:248,0
DA:250,0
DA:251,0
DA:256,0
DA:261,0
DA:263,0
DA:271,0
DA:278,0
DA:279,0
DA:280,0
DA:282,0
DA:283,0
DA:284,0
DA:285,0
DA:288,0
DA:289,0
DA:292,0
DA:293,0
DA:295,0
DA:297,0
DA:298,0
DA:303,0
DA:306,0
DA:307,0
DA:310,0
DA:315,0
DA:316,0
DA:317,0
DA:318,0
DA:319,0
DA:322,0
DA:337,0
DA:338,0
DA:339,0
DA:341,0
DA:342,0
DA:345,0
DA:346,0
DA:350,0
DA:351,0
DA:352,0
DA:357,0
DA:359,0
DA:365,0
DA:366,0
DA:367,0
DA:371,0
DA:372,0
DA:373,0
DA:376,0
DA:381,0
DA:382,0
DA:384,0
DA:388,0
DA:389,0
DA:396,0
DA:397,0
DA:398,0
DA:400,0
DA:401,0
DA:407,0
DA:410,0
DA:412,0
DA:418,0
DA:419,0
DA:420,0
DA:424,0
DA:425,0
DA:426,0
DA:428,0
DA:431,0
DA:432,0
DA:433,0
DA:435,0
DA:436,0
DA:437,0
DA:440,0
DA:446,0
DA:448,0
DA:449,0
DA:455,0
DA:461,0
DA:463,0
DA:471,0
DA:478,0
DA:479,0
DA:480,0
DA:482,0
DA:483,0
DA:484,0
DA:485,0
DA:488,0
DA:489,0
DA:492,0
DA:493,0
DA:495,0
DA:497,0
DA:498,0
DA:504,0
DA:507,0
DA:509,0
DA:511,0
DA:512,0
DA:513,0
DA:514,0
DA:515,0
DA:520,0
DA:524,0
DA:527,0
DA:528,0
DA:529,0
DA:530,0
DA:536,0
DA:537,0
DA:538,0
DA:539,0
DA:541,0
DA:544,0
DA:549,0
DA:550,0
DA:551,0
DA:552,0
DA:558,0
DA:559,0
DA:560,0
DA:561,0
DA:563,0
DA:566,0
DA:571,0
DA:572,0
DA:573,0
DA:574,0
DA:580,0
DA:581,0
DA:582,0
DA:583,0
DA:585,0
DA:588,0
DA:593,0
DA:594,0
DA:595,0
DA:597,0
DA:598,0
DA:603,0
DA:604,0
DA:605,0
DA:606,0
DA:609,0
DA:614,0
DA:615,0
DA:616,0
DA:617,0
DA:632,0
DA:633,0
DA:635,0
DA:638,0
DA:639,0
DA:640,0
DA:641,0
DA:642,0
DA:643,0
DA:647,0
DA:650,0
DA:655,0
DA:656,0
DA:657,0
DA:659,0
DA:662,0
DA:676,0
DA:677,0
DA:680,0
DA:685,0
DA:686,0
DA:687,0
DA:688,0
DA:690,0
DA:692,0
DA:693,0
DA:697,0
DA:701,0
DA:702,0
DA:703,0
DA:706,0
DA:709,0
DA:714,0
DA:715,0
DA:716,0
DA:717,0
DA:718,0
DA:720,0
DA:721,0
DA:736,0
DA:737,0
DA:739,0
DA:742,0
DA:746,0
DA:748,0
DA:753,0
DA:755,0
DA:756,0
DA:757,0
DA:761,0
DA:762,0
DA:763,0
DA:768,0
DA:769,0
DA:771,0
DA:774,0
DA:777,0
DA:780,0
DA:781,0
DA:784,0
DA:789,0
DA:792,0
DA:794,0
DA:795,0
DA:796,0
DA:799,0
DA:800,0
DA:805,0
DA:806,0
DA:807,0
DA:809,0
DA:810,0
DA:811,0
DA:813,0
DA:815,0
DA:820,0
DA:824,0
DA:826,0
DA:827,0
DA:828,0
DA:831,0
DA:837,0
DA:838,0
DA:843,0
DA:845,0
DA:846,0
DA:849,0
DA:850,0
DA:851,0
DA:856,0
DA:857,0
DA:859,0
DA:862,0
DA:865,0
DA:867,0
DA:868,0
DA:871,0
DA:874,0
DA:875,0
DA:877,0
DA:878,0
DA:881,0
DA:885,0
DA:887,0
DA:888,0
DA:891,0
DA:892,0
DA:893,0
DA:896,0
DA:899,0
DA:900,0
DA:903,0
DA:906,0
DA:907,0
DA:909,0
DA:910,0
DA:911,0
DA:914,0
DA:915,0
DA:916,0
DA:917,0
DA:921,0
DA:924,0
DA:925,0
DA:928,0
DA:929,0
DA:933,0
DA:936,0
DA:937,0
DA:939,0
DA:942,0
LF:396
LH:3
BRDA:22,0,0,0
BRDA:41,1,0,0
BRDA:41,1,1,0
BRDA:41,1,2,0
BRDA:41,1,3,0
BRDA:47,2,0,0
BRDA:47,2,1,0
BRDA:54,3,0,0
BRDA:54,4,0,0
BRDA:54,4,1,0
BRDA:65,5,0,0
BRDA:65,5,1,0
BRDA:77,6,0,0
BRDA:77,6,1,0
BRDA:77,7,0,0
BRDA:77,7,1,0
BRDA:78,8,0,0
BRDA:78,8,1,0
BRDA:80,9,0,0
BRDA:80,10,0,0
BRDA:80,10,1,0
BRDA:82,11,0,0
BRDA:82,11,1,0
BRDA:100,12,0,0
BRDA:110,13,0,0
BRDA:110,14,0,0
BRDA:110,14,1,0
BRDA:110,14,2,0
BRDA:117,15,0,0
BRDA:117,15,1,0
BRDA:117,16,0,0
BRDA:117,16,1,0
BRDA:118,17,0,0
BRDA:118,17,1,0
BRDA:121,18,0,0
BRDA:121,19,0,0
BRDA:121,19,1,0
BRDA:123,20,0,0
BRDA:123,20,1,0
BRDA:137,21,0,0
BRDA:137,22,0,0
BRDA:137,22,1,0
BRDA:157,23,0,0
BRDA:184,24,0,0
BRDA:190,25,0,0
BRDA:190,25,1,0
BRDA:195,26,0,0
BRDA:202,27,0,0
BRDA:212,28,0,0
BRDA:217,29,0,0
BRDA:217,29,1,0
BRDA:221,30,0,0
BRDA:221,30,1,0
BRDA:228,31,0,0
BRDA:230,32,0,0
BRDA:230,32,1,0
BRDA:238,33,0,0
BRDA:244,34,0,0
BRDA:244,34,1,0
BRDA:245,35,0,0
BRDA:245,35,1,0
BRDA:252,36,0,0
BRDA:252,36,1,0
BRDA:253,37,0,0
BRDA:253,37,1,0
BRDA:288,38,0,0
BRDA:288,38,1,0
BRDA:288,39,0,0
BRDA:288,39,1,0
BRDA:292,40,0,0
BRDA:292,41,0,0
BRDA:292,41,1,0
BRDA:315,42,0,0
BRDA:315,42,1,0
BRDA:315,43,0,0
BRDA:315,43,1,0
BRDA:318,44,0,0
BRDA:318,44,1,0
BRDA:327,45,0,0
BRDA:327,45,1,0
BRDA:337,46,0,0
BRDA:337,46,1,0
BRDA:337,47,0,0
BRDA:337,47,1,0
BRDA:342,48,0,0
BRDA:342,48,1,0
BRDA:346,49,0,0
BRDA:346,49,1,0
BRDA:351,50,0,0
BRDA:351,50,1,0
BRDA:357,51,0,0
BRDA:357,51,1,0
BRDA:357,52,0,0
BRDA:357,52,1,0
BRDA:358,53,0,0
BRDA:358,53,1,0
BRDA:361,54,0,0
BRDA:361,54,1,0
BRDA:361,55,0,0
BRDA:361,55,1,0
BRDA:365,56,0,0
BRDA:365,57,0,0
BRDA:365,57,1,0
BRDA:377,58,0,0
BRDA:377,58,1,0
BRDA:382,59,0,0
BRDA:382,59,1,0
BRDA:388,60,0,0
BRDA:390,61,0,0
BRDA:390,61,1,0
BRDA:400,62,0,0
BRDA:402,63,0,0
BRDA:402,63,1,0
BRDA:403,64,0,0
BRDA:403,64,1,0
BRDA:404,65,0,0
BRDA:404,65,1,0
BRDA:410,66,0,0
BRDA:410,66,1,0
BRDA:410,67,0,0
BRDA:410,67,1,0
BRDA:411,68,0,0
BRDA:411,68,1,0
BRDA:414,69,0,0
BRDA:414,69,1,0
BRDA:414,70,0,0
BRDA:414,70,1,0
BRDA:418,71,0,0
BRDA:418,72,0,0
BRDA:418,72,1,0
BRDA:435,73,0,0
BRDA:441,74,0,0
BRDA:441,74,1,0
BRDA:442,75,0,0
BRDA:442,75,1,0
BRDA:443,76,0,0
BRDA:443,76,1,0
BRDA:450,77,0,0
BRDA:450,77,1,0
BRDA:451,78,0,0
BRDA:451,78,1,0
BRDA:452,79,0,0
BRDA:452,79,1,0
BRDA:488,80,0,0
BRDA:488,80,1,0
BRDA:488,81,0,0
BRDA:488,81,1,0
BRDA:492,82,0,0
BRDA:492,83,0,0
BRDA:492,83,1,0
BRDA:507,84,0,0
BRDA:507,84,1,0
BRDA:507,85,0,0
BRDA:507,85,1,0
BRDA:511,86,0,0
BRDA:517,87,0,0
BRDA:517,87,1,0
BRDA:527,88,0,0
BRDA:527,89,0,0
BRDA:527,89,1,0
BRDA:536,90,0,0
BRDA:536,90,1,0
BRDA:536,91,0,0
BRDA:536,91,1,0
BRDA:549,92,0,0
BRDA:558,93,0,0
BRDA:558,93,1,0
BRDA:558,94,0,0
BRDA:558,94,1,0
BRDA:571,95,0,0
BRDA:571,96,0,0
BRDA:571,96,1,0
BRDA:580,97,0,0
BRDA:580,97,1,0
BRDA:580,98,0,0
BRDA:580,98,1,0
BRDA:593,99,0,0
BRDA:603,100,0,0
BRDA:614,101,0,0
BRDA:614,102,0,0
BRDA:614,102,1,0
BRDA:623,103,0,0
BRDA:623,103,1,0
BRDA:632,104,0,0
BRDA:632,104,1,0
BRDA:640,105,0,0
BRDA:655,106,0,0
BRDA:655,107,0,0
BRDA:655,107,1,0
BRDA:667,108,0,0
BRDA:667,108,1,0
BRDA:676,109,0,0
BRDA:676,109,1,0
BRDA:676,110,0,0
BRDA:676,110,1,0
BRDA:685,111,0,0
BRDA:685,111,1,0
BRDA:685,112,0,0
BRDA:685,112,1,0
BRDA:692,113,0,0
BRDA:692,113,1,0
BRDA:701,114,0,0
BRDA:714,115,0,0
BRDA:737,116,0,0
BRDA:737,116,1,0
BRDA:737,117,0,0
BRDA:737,117,1,0
BRDA:738,118,0,0
BRDA:738,118,1,0
BRDA:753,119,0,0
BRDA:753,119,1,0
BRDA:753,120,0,0
BRDA:753,120,1,0
BRDA:754,121,0,0
BRDA:754,121,1,0
BRDA:755,122,0,0
BRDA:755,123,0,0
BRDA:755,123,1,0
BRDA:768,124,0,0
BRDA:768,124,1,0
BRDA:785,125,0,0
BRDA:785,125,1,0
BRDA:805,126,0,0
BRDA:805,126,1,0
BRDA:807,127,0,0
BRDA:807,127,1,0
BRDA:807,128,0,0
BRDA:807,128,1,0
BRDA:808,129,0,0
BRDA:808,129,1,0
BRDA:809,130,0,0
BRDA:809,131,0,0
BRDA:809,131,1,0
BRDA:816,132,0,0
BRDA:816,132,1,0
BRDA:832,133,0,0
BRDA:832,133,1,0
BRDA:845,134,0,0
BRDA:845,134,1,0
BRDA:856,135,0,0
BRDA:856,135,1,0
BRDA:865,136,0,0
BRDA:865,136,1,0
BRDA:865,137,0,0
BRDA:865,137,1,0
BRDA:866,138,0,0
BRDA:866,138,1,0
BRDA:867,139,0,0
BRDA:867,140,0,0
BRDA:867,140,1,0
BRDA:877,141,0,0
BRDA:877,141,1,0
BRDA:881,142,0,0
BRDA:881,142,1,0
BRDA:881,143,0,0
BRDA:881,143,1,0
BRDA:887,144,0,0
BRDA:887,144,1,0
BRDA:909,145,0,0
BRDA:909,145,1,0
BRDA:937,146,0,0
BRDA:937,146,1,0
BRDA:937,147,0,0
BRDA:937,147,1,0
BRDA:938,148,0,0
BRDA:938,148,1,0
BRDA:942,149,0,0
BRF:267
BRH:0
end_of_record
TN:
SF:components/client/auth/AuthCallback/index.ts
FNF:0
FNH:0
DA:5,1
DA:6,1
LF:2
LH:2
BRF:0
BRH:0
end_of_record
TN:
SF:components/client/banner/BannerItem.tsx
FN:14,BannerItem
FNF:1
FNH:0
FNDA:0,BannerItem
DA:3,1
DA:4,1
DA:5,1
DA:7,1
DA:8,1
DA:14,0
DA:47,0
DA:55,0
LF:8
LH:5
BRDA:18,0,0,0
BRDA:33,1,0,0
BRDA:33,1,1,0
BRDA:47,2,0,0
BRF:4
BRH:0
end_of_record
TN:
SF:components/client/banner/BannerListPresenter.tsx
FN:20,(anonymous_5)
FN:38,BannerListPresenter
FN:42,(anonymous_7)
FN:123,(anonymous_8)
FNF:4
FNH:0
FNDA:0,(anonymous_5)
FNDA:0,BannerListPresenter
FNDA:0,(anonymous_7)
FNDA:0,(anonymous_8)
DA:3,1
DA:4,1
DA:5,1
DA:6,1
DA:10,1
DA:11,1
DA:12,1
DA:20,1
DA:38,0
DA:39,0
DA:40,0
DA:42,0
DA:43,0
DA:44,0
DA:48,0
DA:61,0
DA:77,0
DA:86,0
DA:124,0
LF:19
LH:8
BRDA:48,0,0,0
BRDA:61,1,0,0
BRDA:77,2,0,0
BRDA:86,3,0,0
BRF:4
BRH:0
end_of_record
TN:
SF:components/client/banner/index.ts
FNF:0
FNH:0
DA:8,1
DA:9,1
LF:2
LH:2
BRF:0
BRH:0
end_of_record
TN:
SF:components/client/common/LoadingSpinner.tsx
FN:9,(anonymous_2)
FNF:1
FNH:0
FNDA:0,(anonymous_2)
DA:3,1
DA:9,1
LF:2
LH:2
BRDA:9,0,0,0
BRF:1
BRH:0
end_of_record
TN:
SF:components/client/media/MediaListPresenter.tsx
FN:16,(anonymous_2)
FN:19,(anonymous_3)
FN:25,(anonymous_4)
FN:47,(anonymous_5)
FN:102,(anonymous_6)
FNF:5
FNH:0
FNDA:0,(anonymous_2)
FNDA:0,(anonymous_3)
FNDA:0,(anonymous_4)
FNDA:0,(anonymous_5)
FNDA:0,(anonymous_6)
DA:3,1
DA:5,1
DA:6,1
DA:7,1
DA:8,1
DA:16,1
DA:17,0
DA:19,0
DA:20,0
DA:21,0
DA:22,0
DA:25,0
DA:27,0
DA:31,0
DA:32,0
DA:33,0
DA:34,0
DA:35,0
DA:48,0
DA:49,0
DA:50,0
DA:81,0
DA:89,0
DA:103,0
DA:143,1
LF:25
LH:7
BRDA:20,0,0,0
BRDA:21,1,0,0
BRDA:27,2,0,0
BRDA:27,2,1,0
BRDA:27,2,2,0
BRDA:32,3,0,0
BRDA:32,3,1,0
BRDA:34,4,0,0
BRDA:81,5,0,0
BRDA:89,6,0,0
BRDA:105,7,0,0
BRDA:105,7,1,0
BRDA:121,8,0,0
BRDA:121,8,1,0
BRDA:134,9,0,0
BRDA:134,9,1,0
BRDA:134,9,2,0
BRF:17
BRH:0
end_of_record
TN:
SF:components/client/media/index.ts
FNF:0
FNH:0
DA:8,1
DA:9,1
DA:10,1
LF:3
LH:3
BRF:0
BRH:0
end_of_record
TN:
SF:components/client/media/utils.ts
FN:6,formatFileSize
FN:19,getMediaTypeIcon
FN:33,getMediaTypeFromMime
FN:43,getFileExtension
FN:51,formatDuration
FN:66,getThumbnailUrl
FN:79,isValidMediaType
FN:110,sortMedia
FN:111,(anonymous_17)
FNF:9
FNH:0
FNDA:0,formatFileSize
FNDA:0,getMediaTypeIcon
FNDA:0,getMediaTypeFromMime
FNDA:0,getFileExtension
FNDA:0,formatDuration
FNDA:0,getThumbnailUrl
FNDA:0,isValidMediaType
FNDA:0,sortMedia
FNDA:0,(anonymous_17)
DA:6,0
DA:7,0
DA:9,0
DA:10,0
DA:11,0
DA:13,0
DA:19,0
DA:20,0
DA:27,0
DA:33,0
DA:34,0
DA:35,0
DA:36,0
DA:37,0
DA:43,0
DA:44,0
DA:45,0
DA:51,0
DA:52,0
DA:53,0
DA:54,0
DA:56,0
DA:57,0
DA:60,0
DA:66,0
DA:67,0
DA:70,0
DA:73,0
DA:79,0
DA:80,0
DA:104,0
DA:110,0
DA:111,0
DA:112,0
DA:114,0
DA:116,0
DA:118,0
DA:120,0
LF:38
LH:0
BRDA:7,0,0,0
BRDA:27,1,0,0
BRDA:27,1,1,0
BRDA:34,2,0,0
BRDA:35,3,0,0
BRDA:36,4,0,0
BRDA:45,5,0,0
BRDA:45,5,1,0
BRDA:56,6,0,0
BRDA:66,7,0,0
BRDA:67,8,0,0
BRDA:70,9,0,0
BRDA:110,10,0,0
BRDA:112,11,0,0
BRDA:112,11,1,0
BRDA:112,11,2,0
BRDA:112,11,3,0
BRDA:118,12,0,0
BRDA:118,12,1,0
BRDA:118,13,0,0
BRDA:118,13,1,0
BRF:21
BRH:0
end_of_record
TN:
SF:components/client/reward/RewardDetailClient.tsx
FN:16,(anonymous_5)
FN:31,(anonymous_6)
FNF:2
FNH:0
FNDA:0,(anonymous_5)
FNDA:0,(anonymous_6)
DA:3,1
DA:5,1
DA:6,1
DA:7,1
DA:8,1
DA:9,1
DA:10,1
DA:16,1
DA:17,0
DA:18,0
DA:21,0
DA:24,0
DA:26,0
DA:27,0
DA:28,0
DA:31,0
DA:32,0
DA:34,0
DA:36,0
DA:38,0
DA:40,0
DA:45,0
DA:48,0
DA:90,1
LF:24
LH:9
BRDA:24,0,0,0
BRDA:24,0,1,0
BRDA:26,1,0,0
BRDA:26,1,1,0
BRDA:27,2,0,0
BRDA:27,2,1,0
BRDA:28,3,0,0
BRDA:28,3,1,0
BRDA:32,4,0,0
BRDA:32,4,1,0
BRDA:32,4,2,0
BRDA:32,4,3,0
BRDA:45,5,0,0
BRDA:45,5,1,0
BRDA:48,6,0,0
BRDA:48,6,1,0
BRDA:64,7,0,0
BRDA:78,8,0,0
BRDA:78,8,1,0
BRDA:83,9,0,0
BRDA:83,9,1,0
BRF:21
BRH:0
end_of_record
TN:
SF:components/client/reward/RewardImageGallery.tsx
FN:15,(anonymous_2)
FN:27,(anonymous_3)
FN:65,(anonymous_4)
FN:100,(anonymous_5)
FN:103,(anonymous_6)
FNF:5
FNH:0
FNDA:0,(anonymous_2)
FNDA:0,(anonymous_3)
FNDA:0,(anonymous_4)
FNDA:0,(anonymous_5)
FNDA:0,(anonymous_6)
DA:3,1
DA:4,1
DA:5,1
DA:15,1
DA:28,0
DA:66,0
DA:101,0
DA:103,0
DA:122,1
LF:9
LH:5
BRDA:25,0,0,0
BRDA:29,1,0,0
BRDA:29,1,1,0
BRDA:52,2,0,0
BRDA:63,3,0,0
BRDA:67,4,0,0
BRDA:67,4,1,0
BRDA:91,5,0,0
BRDA:98,6,0,0
BRDA:105,7,0,0
BRDA:105,7,1,0
BRF:11
BRH:0
end_of_record
TN:
SF:components/client/reward/RewardLocationInfo.tsx
FN:12,(anonymous_2)
FN:21,(anonymous_3)
FN:31,(anonymous_4)
FNF:3
FNH:0
FNDA:0,(anonymous_2)
FNDA:0,(anonymous_3)
FNDA:0,(anonymous_4)
DA:1,1
DA:12,1
DA:13,0
DA:22,0
DA:32,0
DA:43,1
LF:6
LH:3
BRDA:13,0,0,0
BRDA:18,1,0,0
BRDA:18,1,1,0
BRDA:28,2,0,0
BRDA:28,2,1,0
BRF:5
BRH:0
end_of_record
TN:
SF:components/client/reward/RewardPresenter.tsx
FN:15,(anonymous_2)
FN:26,(anonymous_3)
FNF:2
FNH:0
FNDA:0,(anonymous_2)
FNDA:0,(anonymous_3)
DA:3,1
DA:4,1
DA:5,1
DA:7,1
DA:8,1
DA:15,1
DA:27,0
LF:7
LH:6
BRDA:21,0,0,0
BRDA:34,1,0,0
BRDA:37,2,0,0
BRDA:37,2,1,0
BRF:4
BRH:0
end_of_record
TN:
SF:components/client/reward/RewardSizeGuide.tsx
FN:11,(anonymous_2)
FN:17,(anonymous_3)
FN:21,(anonymous_4)
FNF:3
FNH:0
FNDA:0,(anonymous_2)
FNDA:0,(anonymous_3)
FNDA:0,(anonymous_4)
DA:1,1
DA:11,1
DA:12,0
DA:18,0
DA:22,0
DA:35,1
LF:6
LH:3
BRDA:12,0,0,0
BRDA:12,1,0,0
BRDA:12,1,1,0
BRDA:19,2,0,0
BRDA:19,2,1,0
BRF:5
BRH:0
end_of_record
TN:
SF:components/client/reward/RewardTabs.tsx
FN:12,(anonymous_2)
FN:26,(anonymous_3)
FN:39,(anonymous_4)
FN:52,(anonymous_5)
FNF:4
FNH:0
FNDA:0,(anonymous_2)
FNDA:0,(anonymous_3)
FNDA:0,(anonymous_4)
FNDA:0,(anonymous_5)
DA:3,1
DA:12,1
DA:27,0
DA:28,0
DA:40,0
DA:41,0
DA:53,0
DA:54,0
DA:63,1
LF:9
LH:3
BRDA:22,0,0,0
BRDA:22,0,1,0
BRDA:35,1,0,0
BRDA:35,1,1,0
BRDA:48,2,0,0
BRDA:48,2,1,0
BRF:6
BRH:0
end_of_record
TN:
SF:components/client/reward/index.ts
FNF:0
FNH:0
DA:8,1
DA:9,1
DA:10,1
DA:11,1
DA:12,1
DA:13,1
DA:14,1
DA:15,1
LF:8
LH:8
BRF:0
BRH:0
end_of_record
TN:
SF:components/client/reward/utils.ts
FN:6,getRewardIcon
FN:21,getRewardStatusColor
FN:35,isRewardExpired
FN:47,getTimeUntilExpiry
FN:70,formatRewardValue
FN:90,canClaimReward
FN:97,filterUserRewards
FN:103,(anonymous_17)
FN:105,(anonymous_18)
FN:107,(anonymous_19)
FN:116,sortRewards
FN:120,(anonymous_21)
FN:140,checkRewardConditions
FN:152,(anonymous_23)
FNF:14
FNH:0
FNDA:0,getRewardIcon
FNDA:0,getRewardStatusColor
FNDA:0,isRewardExpired
FNDA:0,getTimeUntilExpiry
FNDA:0,formatRewardValue
FNDA:0,canClaimReward
FNDA:0,filterUserRewards
FNDA:0,(anonymous_17)
FNDA:0,(anonymous_18)
FNDA:0,(anonymous_19)
FNDA:0,sortRewards
FNDA:0,(anonymous_21)
FNDA:0,checkRewardConditions
FNDA:0,(anonymous_23)
DA:6,0
DA:7,0
DA:15,0
DA:21,0
DA:22,0
DA:29,0
DA:35,0
DA:36,0
DA:38,0
DA:39,0
DA:41,0
DA:47,0
DA:48,0
DA:49,0
DA:50,0
DA:52,0
DA:54,0
DA:55,0
DA:57,0
DA:58,0
DA:59,0
DA:60,0
DA:62,0
DA:63,0
DA:70,0
DA:71,0
DA:73,0
DA:75,0
DA:77,0
DA:79,0
DA:81,0
DA:83,0
DA:90,0
DA:91,0
DA:97,0
DA:101,0
DA:103,0
DA:105,0
DA:107,0
DA:109,0
DA:116,0
DA:120,0
DA:121,0
DA:123,0
DA:125,0
DA:126,0
DA:127,0
DA:128,0
DA:130,0
DA:132,0
DA:140,0
DA:148,0
DA:149,0
DA:152,0
DA:153,0
DA:155,0
DA:157,0
DA:159,0
DA:161,0
LF:59
LH:0
BRDA:15,0,0,0
BRDA:15,0,1,0
BRDA:29,1,0,0
BRDA:29,1,1,0
BRDA:36,2,0,0
BRDA:52,3,0,0
BRDA:57,4,0,0
BRDA:57,4,1,0
BRDA:59,5,0,0
BRDA:59,5,1,0
BRDA:71,6,0,0
BRDA:71,6,1,0
BRDA:71,6,2,0
BRDA:71,6,3,0
BRDA:71,6,4,0
BRDA:71,6,5,0
BRDA:73,7,0,0
BRDA:73,7,1,0
BRDA:91,8,0,0
BRDA:91,8,1,0
BRDA:101,9,0,0
BRDA:101,9,1,0
BRDA:101,9,2,0
BRDA:101,9,3,0
BRDA:103,10,0,0
BRDA:103,10,1,0
BRDA:118,11,0,0
BRDA:121,12,0,0
BRDA:121,12,1,0
BRDA:121,12,2,0
BRDA:121,12,3,0
BRDA:125,13,0,0
BRDA:125,14,0,0
BRDA:125,14,1,0
BRDA:126,15,0,0
BRDA:127,16,0,0
BRDA:148,17,0,0
BRDA:148,18,0,0
BRDA:148,18,1,0
BRDA:153,19,0,0
BRDA:153,19,1,0
BRDA:153,19,2,0
BRDA:153,19,3,0
BRDA:155,20,0,0
BRDA:155,20,1,0
BRDA:157,21,0,0
BRDA:157,21,1,0
BRDA:159,22,0,0
BRDA:159,22,1,0
BRF:49
BRH:0
end_of_record
TN:
SF:components/client/vote/BannerList.tsx
FN:15,BannerList
FN:23,(anonymous_3)
FN:43,(anonymous_4)
FNF:3
FNH:0
FNDA:0,BannerList
FNDA:0,(anonymous_3)
FNDA:0,(anonymous_4)
DA:3,0
DA:15,0
DA:20,0
DA:24,0
DA:33,0
DA:44,0
LF:6
LH:0
BRDA:16,0,0,0
BRDA:17,1,0,0
BRDA:18,2,0,0
BRDA:20,3,0,0
BRDA:33,4,0,0
BRDA:49,5,0,0
BRDA:49,5,1,0
BRDA:50,6,0,0
BRDA:50,6,1,0
BRDA:50,7,0,0
BRDA:50,7,1,0
BRDA:50,8,0,0
BRDA:50,8,1,0
BRDA:56,9,0,0
BRDA:56,9,1,0
BRDA:56,10,0,0
BRDA:56,10,1,0
BRDA:56,11,0,0
BRDA:56,11,1,0
BRF:19
BRH:0
end_of_record
TN:
SF:components/client/vote/Menu.tsx
FN:14,(anonymous_4)
FN:24,(anonymous_5)
FN:36,(anonymous_6)
FN:44,(anonymous_7)
FN:52,(anonymous_8)
FN:71,(anonymous_9)
FNF:6
FNH:0
FNDA:0,(anonymous_4)
FNDA:0,(anonymous_5)
FNDA:0,(anonymous_6)
FNDA:0,(anonymous_7)
FNDA:0,(anonymous_8)
FNDA:0,(anonymous_9)
DA:3,1
DA:4,1
DA:5,1
DA:6,1
DA:7,1
DA:8,1
DA:14,1
DA:15,0
DA:16,0
DA:19,0
DA:24,0
DA:25,0
DA:36,0
DA:38,0
DA:39,0
DA:40,0
DA:44,0
DA:45,0
DA:48,0
DA:53,0
DA:72,0
DA:73,0
DA:79,0
DA:104,1
LF:24
LH:8
BRDA:19,0,0,0
BRDA:19,0,1,0
BRDA:19,0,2,0
BRDA:28,1,0,0
BRDA:28,1,1,0
BRDA:29,2,0,0
BRDA:29,2,1,0
BRDA:45,3,0,0
BRDA:45,3,1,0
BRDA:48,4,0,0
BRDA:72,5,0,0
BRDA:72,5,1,0
BRDA:76,6,0,0
BRDA:76,6,1,0
BRDA:76,7,0,0
BRDA:76,7,1,0
BRDA:84,8,0,0
BRDA:84,8,1,0
BRDA:84,9,0,0
BRDA:84,9,1,0
BRDA:84,9,2,0
BRDA:84,9,3,0
BRF:22
BRH:0
end_of_record
TN:
SF:components/client/vote/VoteStatus.tsx
FN:12,VoteStatus
FNF:1
FNH:0
FNDA:0,VoteStatus
DA:3,1
DA:5,1
DA:12,0
DA:13,0
DA:14,0
DA:17,0
LF:6
LH:2
BRF:0
BRH:0
end_of_record
TN:
SF:components/client/vote/index.ts
FNF:0
FNH:0
DA:8,1
DA:9,1
DA:10,1
DA:11,1
DA:12,1
DA:13,1
DA:14,1
DA:15,1
DA:16,1
DA:17,1
DA:18,1
LF:11
LH:11
BRF:0
BRH:0
end_of_record
TN:
SF:components/client/vote/VoteDetail/VoteDetail.tsx
FN:16,VoteDetail
FNF:1
FNH:0
FNDA:0,VoteDetail
DA:1,1
DA:2,1
DA:3,1
DA:16,0
LF:4
LH:3
BRF:0
BRH:0
end_of_record
TN:
SF:components/client/vote/VoteDetail/index.ts
FNF:0
FNH:0
DA:6,1
LF:1
LH:1
BRF:0
BRH:0
end_of_record
TN:
SF:components/client/vote/common/ConnectionStatusDisplay.tsx
FN:32,EnhancedConnectionStatusDisplay
FN:49,(anonymous_8)
FN:143,(anonymous_9)
FN:166,(anonymous_10)
FN:240,(anonymous_11)
FN:434,ConnectionStatusDisplay
FN:449,SimpleConnectionIndicator
FN:458,(anonymous_14)
FNF:8
FNH:0
FNDA:0,EnhancedConnectionStatusDisplay
FNDA:0,(anonymous_8)
FNDA:0,(anonymous_9)
FNDA:0,(anonymous_10)
FNDA:0,(anonymous_11)
FNDA:0,ConnectionStatusDisplay
FNDA:0,SimpleConnectionIndicator
FNDA:0,(anonymous_14)
DA:3,1
DA:4,1
DA:32,0
DA:47,0
DA:49,0
DA:50,0
DA:52,0
DA:64,0
DA:76,0
DA:88,0
DA:100,0
DA:114,0
DA:126,0
DA:140,0
DA:143,0
DA:144,0
DA:146,0
DA:147,0
DA:149,0
DA:152,0
DA:154,0
DA:157,0
DA:159,0
DA:163,0
DA:166,0
DA:167,0
DA:169,0
DA:170,0
DA:171,0
DA:173,0
DA:183,0
DA:186,0
DA:187,0
DA:240,0
DA:434,0
DA:449,0
DA:454,0
DA:455,0
DA:458,0
DA:460,0
DA:461,0
DA:464,0
DA:467,0
DA:469,0
DA:471,0
DA:473,0
DA:476,0
DA:477,0
DA:479,0
DA:481,0
DA:485,0
LF:51
LH:2
BRDA:37,0,0,0
BRDA:38,1,0,0
BRDA:39,2,0,0
BRDA:43,3,0,0
BRDA:44,4,0,0
BRDA:45,5,0,0
BRDA:50,6,0,0
BRDA:50,6,1,0
BRDA:50,6,2,0
BRDA:50,6,3,0
BRDA:50,6,4,0
BRDA:50,6,5,0
BRDA:50,6,6,0
BRDA:106,7,0,0
BRDA:106,7,1,0
BRDA:110,8,0,0
BRDA:110,8,1,0
BRDA:132,9,0,0
BRDA:132,9,1,0
BRDA:144,10,0,0
BRDA:146,11,0,0
BRDA:147,12,0,0
BRDA:149,13,0,0
BRDA:149,13,1,0
BRDA:149,13,2,0
BRDA:149,13,3,0
BRDA:149,13,4,0
BRDA:149,13,5,0
BRDA:167,14,0,0
BRDA:167,15,0,0
BRDA:167,15,1,0
BRDA:178,16,0,0
BRDA:178,16,1,0
BRDA:178,17,0,0
BRDA:178,17,1,0
BRDA:178,18,0,0
BRDA:178,18,1,0
BRDA:179,19,0,0
BRDA:179,19,1,0
BRDA:179,20,0,0
BRDA:179,20,1,0
BRDA:186,21,0,0
BRDA:186,22,0,0
BRDA:186,22,1,0
BRDA:186,22,2,0
BRDA:205,23,0,0
BRDA:205,23,1,0
BRDA:205,24,0,0
BRDA:205,24,1,0
BRDA:205,24,2,0
BRDA:223,25,0,0
BRDA:238,26,0,0
BRDA:238,26,1,0
BRDA:244,27,0,0
BRDA:244,27,1,0
BRDA:255,28,0,0
BRDA:255,28,1,0
BRDA:255,28,2,0
BRDA:263,29,0,0
BRDA:271,30,0,0
BRDA:271,30,1,0
BRDA:275,31,0,0
BRDA:275,31,1,0
BRDA:279,32,0,0
BRDA:279,32,1,0
BRDA:288,33,0,0
BRDA:298,34,0,0
BRDA:298,34,1,0
BRDA:312,35,0,0
BRDA:312,35,1,0
BRDA:314,36,0,0
BRDA:331,37,0,0
BRDA:343,38,0,0
BRDA:353,39,0,0
BRDA:362,40,0,0
BRDA:362,40,1,0
BRDA:367,41,0,0
BRDA:367,41,1,0
BRDA:378,42,0,0
BRDA:378,42,1,0
BRDA:383,43,0,0
BRDA:383,43,1,0
BRDA:392,44,0,0
BRDA:392,44,1,0
BRDA:410,45,0,0
BRDA:410,45,1,0
BRDA:410,45,2,0
BRDA:452,46,0,0
BRDA:454,47,0,0
BRDA:454,48,0,0
BRDA:454,48,1,0
BRDA:460,49,0,0
BRDA:460,50,0,0
BRDA:460,50,1,0
BRDA:464,51,0,0
BRDA:464,51,1,0
BRDA:464,51,2,0
BRDA:464,51,3,0
BRDA:464,51,4,0
BRDA:464,51,5,0
BRDA:464,51,6,0
BRDA:476,52,0,0
BRDA:495,53,0,0
BRDA:495,53,1,0
BRDA:501,54,0,0
BRDA:501,54,1,0
BRF:106
BRH:0
end_of_record
TN:
SF:components/client/vote/common/CountdownTimer.tsx
FN:13,CountdownTimer
FN:23,(anonymous_2)
FN:29,(anonymous_3)
FN:49,(anonymous_4)
FN:52,(anonymous_5)
FN:54,(anonymous_6)
FN:61,(anonymous_7)
FNF:7
FNH:0
FNDA:0,CountdownTimer
FNDA:0,(anonymous_2)
FNDA:0,(anonymous_3)
FNDA:0,(anonymous_4)
FNDA:0,(anonymous_5)
FNDA:0,(anonymous_6)
FNDA:0,(anonymous_7)
DA:3,1
DA:4,1
DA:5,1
DA:13,0
DA:14,0
DA:15,0
DA:16,0
DA:23,0
DA:24,0
DA:26,0
DA:27,0
DA:29,0
DA:30,0
DA:31,0
DA:32,0
DA:34,0
DA:35,0
DA:36,0
DA:37,0
DA:38,0
DA:40,0
DA:42,0
DA:46,0
DA:47,0
DA:49,0
DA:52,0
DA:54,0
DA:55,0
DA:56,0
DA:58,0
DA:61,0
DA:62,0
DA:63,0
DA:65,0
DA:70,0
DA:80,0
LF:36
LH:3
BRDA:24,0,0,0
BRDA:26,1,0,0
BRDA:26,1,1,0
BRDA:27,2,0,0
BRDA:34,3,0,0
BRDA:34,3,1,0
BRDA:55,4,0,0
BRDA:58,5,0,0
BRDA:58,5,1,0
BRDA:62,6,0,0
BRDA:63,7,0,0
BRDA:63,7,1,0
BRDA:65,8,0,0
BRDA:65,8,1,0
BRDA:66,9,0,0
BRDA:66,9,1,0
BRDA:67,10,0,0
BRDA:67,10,1,0
BRDA:70,11,0,0
BRDA:88,12,0,0
BRF:20
BRH:0
end_of_record
TN:
SF:components/client/vote/common/CurrentTime.tsx
FN:12,(anonymous_4)
FN:21,(anonymous_5)
FN:26,(anonymous_6)
FN:29,(anonymous_7)
FNF:4
FNH:0
FNDA:0,(anonymous_4)
FNDA:0,(anonymous_5)
FNDA:0,(anonymous_6)
FNDA:0,(anonymous_7)
DA:3,1
DA:4,1
DA:5,1
DA:6,1
DA:12,1
DA:15,0
DA:16,0
DA:17,0
DA:18,0
DA:21,0
DA:22,0
DA:26,0
DA:27,0
DA:29,0
DA:30,0
DA:31,0
DA:32,0
DA:35,0
DA:39,0
DA:42,0
DA:45,0
DA:58,1
LF:22
LH:6
BRDA:13,0,0,0
BRDA:27,1,0,0
BRDA:45,2,0,0
BRF:3
BRH:0
end_of_record
TN:
SF:components/client/vote/common/GridView.tsx
FN:28,(anonymous_5)
FN:46,(anonymous_6)
FN:51,(anonymous_7)
FN:56,(anonymous_8)
FN:66,(anonymous_9)
FN:76,(anonymous_10)
FN:79,(anonymous_11)
FN:82,(anonymous_12)
FN:85,(anonymous_13)
FN:89,(anonymous_14)
FN:109,(anonymous_15)
FN:122,(anonymous_16)
FN:137,(anonymous_18)
FN:150,(anonymous_19)
FN:214,(anonymous_20)
FN:228,(anonymous_21)
FN:245,(anonymous_22)
FNF:17
FNH:0
FNDA:0,(anonymous_5)
FNDA:0,(anonymous_6)
FNDA:0,(anonymous_7)
FNDA:0,(anonymous_8)
FNDA:0,(anonymous_9)
FNDA:0,(anonymous_10)
FNDA:0,(anonymous_11)
FNDA:0,(anonymous_12)
FNDA:0,(anonymous_13)
FNDA:0,(anonymous_14)
FNDA:0,(anonymous_15)
FNDA:0,(anonymous_16)
FNDA:0,(anonymous_18)
FNDA:0,(anonymous_19)
FNDA:0,(anonymous_20)
FNDA:0,(anonymous_21)
FNDA:0,(anonymous_22)
DA:3,1
DA:4,1
DA:6,1
DA:7,1
DA:28,1
DA:40,0
DA:41,0
DA:44,0
DA:46,0
DA:47,0
DA:51,0
DA:52,0
DA:56,0
DA:57,0
DA:58,0
DA:59,0
DA:60,0
DA:62,0
DA:66,0
DA:67,0
DA:68,0
DA:69,0
DA:71,0
DA:76,0
DA:77,0
DA:78,0
DA:79,0
DA:82,0
DA:83,0
DA:84,0
DA:85,0
DA:89,0
DA:91,0
DA:93,0
DA:94,0
DA:99,0
DA:102,0
DA:104,0
DA:105,0
DA:109,0
DA:110,0
DA:112,0
DA:114,0
DA:117,0
DA:122,0
DA:123,0
DA:125,0
DA:128,0
DA:131,0
DA:138,0
DA:151,0
DA:214,0
DA:217,0
DA:229,0
DA:246,0
DA:260,0
LF:56
LH:5
BRDA:30,0,0,0
BRDA:31,1,0,0
BRDA:33,2,0,0
BRDA:34,3,0,0
BRDA:35,4,0,0
BRDA:36,5,0,0
BRDA:37,6,0,0
BRDA:38,7,0,0
BRDA:46,8,0,0
BRDA:46,8,1,0
BRDA:47,9,0,0
BRDA:47,9,1,0
BRDA:67,10,0,0
BRDA:67,11,0,0
BRDA:67,11,1,0
BRDA:68,12,0,0
BRDA:68,12,1,0
BRDA:91,13,0,0
BRDA:91,13,1,0
BRDA:91,14,0,0
BRDA:91,14,1,0
BRDA:93,15,0,0
BRDA:104,16,0,0
BRDA:110,17,0,0
BRDA:110,17,1,0
BRDA:110,17,2,0
BRDA:110,17,3,0
BRDA:123,18,0,0
BRDA:145,19,0,0
BRDA:145,19,1,0
BRDA:157,20,0,0
BRDA:157,20,1,0
BRDA:165,21,0,0
BRDA:165,21,1,0
BRDA:222,22,0,0
BRDA:222,22,1,0
BRDA:239,23,0,0
BRDA:239,23,1,0
BRDA:251,24,0,0
BRDA:251,24,1,0
BRDA:260,25,0,0
BRDA:260,25,1,0
BRF:42
BRH:0
end_of_record
TN:
SF:components/client/vote/common/GridViewDemo.tsx
FN:54,(anonymous_2)
FN:71,(anonymous_3)
FNF:2
FNH:0
FNDA:0,(anonymous_2)
FNDA:0,(anonymous_3)
DA:3,0
DA:4,0
DA:7,0
DA:54,0
DA:71,0
LF:5
LH:0
BRF:0
BRH:0
end_of_record
TN:
SF:components/client/vote/common/OptimizedConnectionStatusDisplay.tsx
FN:21,(anonymous_4)
FN:22,(anonymous_5)
FN:55,(anonymous_6)
FN:60,(anonymous_7)
FN:88,(anonymous_8)
FN:103,(anonymous_9)
FN:108,(anonymous_10)
FN:146,(anonymous_11)
FN:209,(anonymous_12)
FN:222,(anonymous_13)
FNF:10
FNH:0
FNDA:0,(anonymous_4)
FNDA:0,(anonymous_5)
FNDA:0,(anonymous_6)
FNDA:0,(anonymous_7)
FNDA:0,(anonymous_8)
FNDA:0,(anonymous_9)
FNDA:0,(anonymous_10)
FNDA:0,(anonymous_11)
FNDA:0,(anonymous_12)
FNDA:0,(anonymous_13)
DA:3,0
DA:21,0
DA:22,0
DA:23,0
DA:25,0
DA:28,0
DA:30,0
DA:33,0
DA:35,0
DA:37,0
DA:52,0
DA:55,0
DA:60,0
DA:61,0
DA:63,0
DA:64,0
DA:67,0
DA:68,0
DA:71,0
DA:72,0
DA:75,0
DA:78,0
DA:81,0
DA:84,0
DA:89,0
DA:100,0
DA:103,0
DA:108,0
DA:109,0
DA:110,0
DA:113,0
DA:114,0
DA:115,0
DA:143,0
DA:146,0
DA:157,0
DA:206,0
DA:209,0
DA:222,0
DA:223,0
DA:225,0
DA:227,0
DA:229,0
DA:231,0
DA:233,0
DA:235,0
DA:237,0
DA:239,0
DA:244,0
DA:319,0
DA:321,0
LF:51
LH:0
BRDA:23,0,0,0
BRDA:23,0,1,0
BRDA:23,0,2,0
BRDA:23,0,3,0
BRDA:23,0,4,0
BRDA:23,0,5,0
BRDA:23,0,6,0
BRDA:23,0,7,0
BRDA:43,1,0,0
BRDA:43,1,1,0
BRDA:63,2,0,0
BRDA:67,3,0,0
BRDA:71,4,0,0
BRDA:75,5,0,0
BRDA:75,6,0,0
BRDA:75,6,1,0
BRDA:75,6,2,0
BRDA:84,7,0,0
BRDA:109,8,0,0
BRDA:122,9,0,0
BRDA:122,9,1,0
BRDA:124,10,0,0
BRDA:124,10,1,0
BRDA:157,11,0,0
BRDA:157,12,0,0
BRDA:157,12,1,0
BRDA:163,13,0,0
BRDA:169,14,0,0
BRDA:169,14,1,0
BRDA:171,15,0,0
BRDA:171,15,1,0
BRDA:176,16,0,0
BRDA:176,16,1,0
BRDA:182,17,0,0
BRDA:188,18,0,0
BRDA:188,18,1,0
BRDA:190,19,0,0
BRDA:190,19,1,0
BRDA:195,20,0,0
BRDA:195,20,1,0
BRDA:216,21,0,0
BRDA:217,22,0,0
BRDA:218,23,0,0
BRDA:219,24,0,0
BRDA:223,25,0,0
BRDA:223,25,1,0
BRDA:223,25,2,0
BRDA:223,25,3,0
BRDA:223,25,4,0
BRDA:223,25,5,0
BRDA:223,25,6,0
BRDA:223,25,7,0
BRDA:225,26,0,0
BRDA:225,26,1,0
BRDA:233,27,0,0
BRDA:233,27,1,0
BRDA:244,28,0,0
BRDA:263,29,0,0
BRDA:273,30,0,0
BRDA:281,31,0,0
BRDA:281,31,1,0
BRDA:282,32,0,0
BRDA:282,32,1,0
BRDA:288,33,0,0
BRDA:288,33,1,0
BRDA:292,34,0,0
BRDA:297,35,0,0
BRDA:297,35,1,0
BRF:68
BRH:0
end_of_record
TN:
SF:components/client/vote/common/RankingView.tsx
FN:21,(anonymous_2)
FN:61,(anonymous_3)
FN:76,(anonymous_4)
FN:91,(anonymous_5)
FNF:4
FNH:0
FNDA:0,(anonymous_2)
FNDA:0,(anonymous_3)
FNDA:0,(anonymous_4)
FNDA:0,(anonymous_5)
DA:3,1
DA:5,1
DA:21,1
DA:29,0
DA:31,0
DA:32,0
DA:36,0
DA:41,0
DA:42,0
DA:43,0
DA:61,0
DA:76,0
DA:91,0
LF:13
LH:3
BRDA:23,0,0,0
BRDA:24,1,0,0
BRDA:26,2,0,0
BRDA:31,3,0,0
BRDA:36,4,0,0
BRDA:36,4,1,0
BRDA:42,5,0,0
BRDA:42,5,1,0
BRDA:43,6,0,0
BRDA:43,6,1,0
BRDA:51,7,0,0
BRDA:51,7,1,0
BRDA:58,8,0,0
BRDA:58,8,1,0
BRDA:60,9,0,0
BRDA:60,9,1,0
BRDA:61,10,0,0
BRDA:61,10,1,0
BRDA:66,11,0,0
BRDA:66,11,1,0
BRDA:73,12,0,0
BRDA:73,12,1,0
BRDA:75,13,0,0
BRDA:75,13,1,0
BRDA:76,14,0,0
BRDA:76,14,1,0
BRDA:81,15,0,0
BRDA:81,15,1,0
BRDA:88,16,0,0
BRDA:88,16,1,0
BRDA:90,17,0,0
BRDA:90,17,1,0
BRDA:91,18,0,0
BRDA:91,18,1,0
BRF:34
BRH:0
end_of_record
TN:
SF:components/client/vote/common/RealtimeStatus.tsx
FN:59,(anonymous_4)
FN:122,(anonymous_5)
FN:140,(anonymous_6)
FNF:3
FNH:0
FNDA:0,(anonymous_4)
FNDA:0,(anonymous_5)
FNDA:0,(anonymous_6)
DA:3,1
DA:5,1
DA:8,1
DA:59,1
DA:66,0
DA:68,0
DA:71,0
DA:72,0
DA:75,0
DA:117,1
DA:122,1
DA:135,1
DA:140,1
DA:154,1
LF:14
LH:9
BRDA:61,0,0,0
BRDA:62,1,0,0
BRDA:63,2,0,0
BRDA:71,3,0,0
BRDA:75,4,0,0
BRDA:82,5,0,0
BRDA:100,6,0,0
BRDA:100,6,1,0
BRDA:106,7,0,0
BRDA:124,8,0,0
BRDA:142,9,0,0
BRF:11
BRH:0
end_of_record
TN:
SF:components/client/vote/common/VoteButton.tsx
FN:18,(anonymous_1)
FN:43,(anonymous_2)
FN:47,(anonymous_3)
FN:63,(anonymous_4)
FNF:4
FNH:0
FNDA:0,(anonymous_1)
FNDA:0,(anonymous_2)
FNDA:0,(anonymous_3)
FNDA:0,(anonymous_4)
DA:3,1
DA:4,1
DA:5,1
DA:6,1
DA:18,1
DA:27,0
DA:28,0
DA:29,0
DA:31,0
DA:43,0
DA:44,0
DA:47,0
DA:48,0
DA:49,0
DA:51,0
DA:52,0
DA:54,0
DA:55,0
DA:56,0
DA:58,0
DA:63,0
DA:64,0
DA:65,0
DA:67,0
DA:68,0
DA:70,0
DA:71,0
DA:73,0
LF:28
LH:5
BRDA:22,0,0,0
BRDA:23,1,0,0
BRDA:35,2,0,0
BRDA:35,2,1,0
BRDA:44,3,0,0
BRDA:44,4,0,0
BRDA:44,4,1,0
BRDA:44,4,2,0
BRDA:64,5,0,0
BRDA:67,6,0,0
BRDA:70,7,0,0
BRDA:80,8,0,0
BRDA:80,8,1,0
BRDA:80,8,2,0
BRDA:82,9,0,0
BRDA:82,9,1,0
BRDA:88,10,0,0
BRF:17
BRH:0
end_of_record
TN:
SF:components/client/vote/common/VoteRankCard.tsx
FN:35,VoteRankCard
FN:57,(anonymous_6)
FN:62,(anonymous_7)
FN:67,(anonymous_8)
FN:72,(anonymous_9)
FN:92,(anonymous_10)
FN:135,(anonymous_11)
FN:206,(anonymous_12)
FN:356,(anonymous_13)
FNF:9
FNH:0
FNDA:0,VoteRankCard
FNDA:0,(anonymous_6)
FNDA:0,(anonymous_7)
FNDA:0,(anonymous_8)
FNDA:0,(anonymous_9)
FNDA:0,(anonymous_10)
FNDA:0,(anonymous_11)
FNDA:0,(anonymous_12)
FNDA:0,(anonymous_13)
DA:3,1
DA:4,1
DA:5,1
DA:8,1
DA:9,1
DA:10,1
DA:11,1
DA:12,1
DA:35,0
DA:46,0
DA:47,0
DA:53,0
DA:54,0
DA:57,0
DA:58,0
DA:59,0
DA:60,0
DA:62,0
DA:63,0
DA:64,0
DA:67,0
DA:72,0
DA:74,0
DA:76,0
DA:84,0
DA:85,0
DA:86,0
DA:89,0
DA:92,0
DA:93,0
DA:98,0
DA:99,0
DA:101,0
DA:107,0
DA:108,0
DA:111,0
DA:114,0
DA:115,0
DA:117,0
DA:122,0
DA:127,0
DA:133,0
DA:135,0
DA:136,0
DA:138,0
DA:145,0
DA:152,0
DA:159,0
DA:169,0
DA:170,0
DA:171,0
DA:172,0
DA:173,0
DA:175,0
DA:178,0
DA:207,0
DA:208,0
DA:209,0
DA:357,0
DA:358,0
DA:359,0
LF:61
LH:8
BRDA:38,0,0,0
BRDA:39,1,0,0
BRDA:40,2,0,0
BRDA:41,3,0,0
BRDA:44,4,0,0
BRDA:58,5,0,0
BRDA:58,6,0,0
BRDA:58,6,1,0
BRDA:84,7,0,0
BRDA:98,8,0,0
BRDA:98,8,1,0
BRDA:98,9,0,0
BRDA:98,9,1,0
BRDA:114,10,0,0
BRDA:114,10,1,0
BRDA:122,11,0,0
BRDA:122,11,1,0
BRDA:123,12,0,0
BRDA:123,12,1,0
BRDA:127,13,0,0
BRDA:127,13,1,0
BRDA:133,14,0,0
BRDA:133,14,1,0
BRDA:133,15,0,0
BRDA:133,15,1,0
BRDA:136,16,0,0
[...]
FNDA:0,withBatchRetry
FNDA:0,(anonymous_47)
FNDA:0,(anonymous_48)
DA:7,0
DA:8,0
DA:13,0
DA:51,0
DA:68,0
DA:80,0
DA:95,0
DA:112,0
DA:121,0
DA:122,0
DA:124,0
DA:127,0
DA:129,0
DA:130,0
DA:140,0
DA:141,0
DA:143,0
DA:145,0
DA:150,0
DA:151,0
DA:158,0
DA:167,0
DA:176,0
DA:178,0
DA:180,0
DA:187,0
DA:197,0
DA:198,0
DA:199,0
DA:201,0
DA:210,0
DA:219,0
DA:220,0
DA:221,0
DA:227,0
DA:245,0
DA:246,0
DA:250,0
DA:251,0
DA:255,0
DA:264,0
DA:266,0
DA:270,0
DA:273,0
DA:277,0
DA:280,0
DA:281,0
DA:284,0
DA:285,0
DA:288,0
DA:292,0
DA:293,0
DA:294,0
DA:297,0
DA:304,0
DA:311,0
DA:315,0
DA:325,0
DA:329,0
DA:339,0
DA:343,0
DA:353,0
DA:358,0
DA:359,0
DA:360,0
DA:362,0
DA:370,0
DA:371,0
DA:372,0
DA:381,0
DA:382,0
DA:390,0
DA:391,0
DA:399,0
DA:400,0
DA:408,0
DA:412,0
DA:417,0
DA:419,0
DA:420,0
DA:421,0
DA:426,0
DA:427,0
DA:429,0
DA:433,0
DA:440,0
DA:441,0
DA:446,0
DA:449,0
DA:455,0
DA:459,0
DA:470,0
DA:481,0
DA:486,0
DA:488,0
DA:496,0
DA:497,0
LF:97
LH:0
BRDA:118,0,0,0
BRDA:127,1,0,0
BRDA:127,1,1,0
BRDA:145,2,0,0
BRDA:145,2,1,0
BRDA:150,3,0,0
BRDA:151,4,0,0
BRDA:151,4,1,0
BRDA:167,5,0,0
BRDA:167,5,1,0
BRDA:168,6,0,0
BRDA:168,6,1,0
BRDA:178,7,0,0
BRDA:178,8,0,0
BRDA:178,8,1,0
BRDA:180,9,0,0
BRDA:180,9,1,0
BRDA:197,10,0,0
BRDA:210,11,0,0
BRDA:210,11,1,0
BRDA:219,12,0,0
BRDA:245,13,0,0
BRDA:250,14,0,0
BRDA:251,15,0,0
BRDA:251,15,1,0
BRDA:264,16,0,0
BRDA:264,16,1,0
BRDA:264,16,2,0
BRDA:264,16,3,0
BRDA:264,16,4,0
BRDA:292,17,0,0
BRDA:359,18,0,0
BRDA:409,19,0,0
BRDA:423,20,0,0
BRDA:423,20,1,0
BRDA:426,21,0,0
BRDA:426,21,1,0
BRDA:483,22,0,0
BRDA:491,23,0,0
BRDA:491,23,1,0
BRDA:497,24,0,0
BRDA:497,24,1,0
BRF:42
BRH:0
end_of_record
TN:
SF:utils/server-action-error-handler.ts
FN:35,(anonymous_13)
FN:96,(anonymous_14)
FN:109,withServerActionErrorHandler
FN:113,(anonymous_16)
FN:150,safeServerActionOperation
FN:166,createServerActionValidationError
FN:186,createServerActionAuthError
FN:203,createServerActionAuthorizationError
FN:220,createServerActionNotFoundError
FN:239,handleServerActionErrorWithRedirect
FN:266,handleFormActionError
FN:315,isSuccessResult
FN:322,isErrorResult
FNF:13
FNH:0
FNDA:0,(anonymous_13)
FNDA:0,(anonymous_14)
FNDA:0,withServerActionErrorHandler
FNDA:0,(anonymous_16)
FNDA:0,safeServerActionOperation
FNDA:0,createServerActionValidationError
FNDA:0,createServerActionAuthError
FNDA:0,createServerActionAuthorizationError
FNDA:0,createServerActionNotFoundError
FNDA:0,handleServerActionErrorWithRedirect
FNDA:0,handleFormActionError
FNDA:0,isSuccessResult
FNDA:0,isErrorResult
DA:7,0
DA:8,0
DA:9,0
DA:31,0
DA:40,0
DA:42,0
DA:52,0
DA:55,0
DA:60,0
DA:73,0
DA:80,0
DA:97,0
DA:109,0
DA:113,0
DA:114,0
DA:116,0
DA:122,0
DA:125,0
DA:131,0
DA:134,0
DA:140,0
DA:150,0
DA:155,0
DA:156,0
DA:157,0
DA:159,0
DA:166,0
DA:170,0
DA:186,0
DA:187,0
DA:203,0
DA:204,0
DA:220,0
DA:221,0
DA:239,0
DA:246,0
DA:249,0
DA:266,0
DA:271,0
DA:272,0
DA:273,0
DA:278,0
DA:280,0
DA:281,0
DA:291,0
DA:301,0
DA:315,0
DA:316,0
DA:322,0
DA:332,0
LF:50
LH:0
BRDA:43,0,0,0
BRDA:43,0,1,0
BRDA:45,1,0,0
BRDA:45,1,1,0
BRDA:56,2,0,0
BRDA:56,2,1,0
BRDA:58,3,0,0
BRDA:58,3,1,0
BRDA:75,4,0,0
BRDA:75,4,1,0
BRDA:77,5,0,0
BRDA:77,5,1,0
BRDA:116,6,0,0
BRDA:116,6,1,0
BRDA:117,7,0,0
BRDA:117,7,1,0
BRDA:125,8,0,0
BRDA:125,8,1,0
BRDA:126,9,0,0
BRDA:126,9,1,0
BRDA:134,10,0,0
BRDA:134,10,1,0
BRDA:135,11,0,0
BRDA:135,11,1,0
BRDA:186,12,0,0
BRDA:203,13,0,0
BRDA:220,14,0,0
BRDA:280,15,0,0
BRF:28
BRH:0
end_of_record
TN:
SF:utils/supabase-client.ts
FN:10,(anonymous_1)
FN:33,(anonymous_2)
FN:46,(anonymous_3)
FN:60,(anonymous_4)
FN:88,(anonymous_5)
FNF:5
FNH:0
FNDA:0,(anonymous_1)
FNDA:0,(anonymous_2)
FNDA:0,(anonymous_3)
FNDA:0,(anonymous_4)
FNDA:0,(anonymous_5)
DA:3,0
DA:7,0
DA:10,0
DA:11,0
DA:14,0
DA:15,0
DA:18,0
DA:21,0
DA:35,0
DA:36,0
DA:39,0
DA:40,0
DA:41,0
DA:42,0
DA:44,0
DA:47,0
DA:49,0
DA:52,0
DA:53,0
DA:54,0
DA:55,0
DA:57,0
DA:61,0
DA:63,0
DA:66,0
DA:68,0
DA:77,0
DA:78,0
DA:88,0
DA:89,0
DA:92,0
DA:93,0
DA:94,0
DA:95,0
DA:96,0
DA:98,0
LF:36
LH:0
BRDA:11,0,0,0
BRDA:18,1,0,0
BRDA:18,1,1,0
BRDA:35,2,0,0
BRDA:35,2,1,0
BRDA:36,3,0,0
BRDA:42,4,0,0
BRDA:77,5,0,0
BRDA:92,6,0,0
BRDA:92,7,0,0
BRDA:92,7,1,0
BRDA:95,8,0,0
BRDA:95,8,1,0
BRF:13
BRH:0
end_of_record
TN:
SF:utils/supabase-server-client.ts
FN:8,assertServerEnvironment
FN:23,createSafeCookieStore
FN:26,(anonymous_10)
FN:32,(anonymous_11)
FN:41,(anonymous_12)
FN:48,(anonymous_13)
FN:59,(anonymous_14)
FN:60,(anonymous_15)
FN:61,(anonymous_16)
FN:70,(anonymous_17)
FN:80,(anonymous_18)
FN:83,(anonymous_19)
FN:86,(anonymous_20)
FN:99,createServerActionClient
FN:103,(anonymous_22)
FN:111,(anonymous_23)
FN:114,(anonymous_24)
FN:117,(anonymous_25)
FN:133,(anonymous_26)
FN:134,(anonymous_27)
FN:135,(anonymous_28)
FNF:21
FNH:0
FNDA:0,assertServerEnvironment
FNDA:0,createSafeCookieStore
FNDA:0,(anonymous_10)
FNDA:0,(anonymous_11)
FNDA:0,(anonymous_12)
FNDA:0,(anonymous_13)
FNDA:0,(anonymous_14)
FNDA:0,(anonymous_15)
FNDA:0,(anonymous_16)
FNDA:0,(anonymous_17)
FNDA:0,(anonymous_18)
FNDA:0,(anonymous_19)
FNDA:0,(anonymous_20)
FNDA:0,createServerActionClient
FNDA:0,(anonymous_22)
FNDA:0,(anonymous_23)
FNDA:0,(anonymous_24)
FNDA:0,(anonymous_25)
FNDA:0,(anonymous_26)
FNDA:0,(anonymous_27)
FNDA:0,(anonymous_28)
DA:1,1
DA:2,1
DA:9,0
DA:10,0
DA:15,0
DA:16,0
DA:24,0
DA:26,0
DA:29,0
DA:31,0
DA:33,0
DA:34,0
DA:35,0
DA:38,0
DA:42,0
DA:43,0
DA:49,0
DA:50,0
DA:58,0
DA:59,0
DA:70,1
DA:71,0
DA:73,0
DA:75,0
DA:81,0
DA:84,0
DA:87,0
DA:94,1
DA:99,0
DA:100,0
DA:102,0
DA:103,0
DA:104,0
DA:106,0
DA:112,0
DA:115,0
DA:118,0
DA:124,0
DA:125,0
DA:128,0
DA:133,0
DA:143,1
LF:42
LH:5
BRDA:9,0,0,0
BRDA:15,1,0,0
BRDA:124,2,0,0
BRF:3
BRH:0
end_of_record
TN:
SF:utils/transform.ts
FN:18,snakeToCamelCase
FN:19,(anonymous_6)
FN:32,snakeToCamel
FN:55,(anonymous_8)
FN:91,camelToSnakeCase
FN:92,(anonymous_10)
FN:105,camelToSnake
FN:128,(anonymous_12)
FNF:8
FNH:0
FNDA:0,snakeToCamelCase
FNDA:0,(anonymous_6)
FNDA:0,snakeToCamel
FNDA:0,(anonymous_8)
FNDA:0,camelToSnakeCase
FNDA:0,(anonymous_10)
FNDA:0,camelToSnake
FNDA:0,(anonymous_12)
DA:18,0
DA:19,0
DA:32,0
DA:34,0
DA:35,0
DA:39,0
DA:40,0
DA:44,0
DA:45,0
DA:49,0
DA:50,0
DA:54,0
DA:55,0
DA:91,0
DA:92,0
DA:105,0
DA:107,0
DA:108,0
DA:112,0
DA:113,0
DA:117,0
DA:118,0
DA:122,0
DA:123,0
DA:127,0
DA:128,0
LF:26
LH:0
BRDA:34,0,0,0
BRDA:34,1,0,0
BRDA:34,1,1,0
BRDA:39,2,0,0
BRDA:44,3,0,0
BRDA:49,4,0,0
BRDA:107,5,0,0
BRDA:107,6,0,0
BRDA:107,6,1,0
BRDA:112,7,0,0
BRDA:117,8,0,0
BRDA:122,9,0,0
BRF:12
BRH:0
end_of_record
TN:
SF:utils/translationLogger.ts
FN:24,(anonymous_1)
FN:37,(anonymous_2)
FN:89,(anonymous_3)
FN:111,(anonymous_4)
FN:120,(anonymous_5)
FN:129,(anonymous_6)
FN:151,(anonymous_7)
FN:158,(anonymous_8)
FN:167,(anonymous_9)
FN:172,(anonymous_10)
FN:180,(anonymous_11)
FN:209,(anonymous_12)
FN:214,(anonymous_13)
FNF:13
FNH:1
FNDA:1,(anonymous_1)
FNDA:0,(anonymous_2)
FNDA:0,(anonymous_3)
FNDA:0,(anonymous_4)
FNDA:0,(anonymous_5)
FNDA:0,(anonymous_6)
FNDA:0,(anonymous_7)
FNDA:0,(anonymous_8)
FNDA:0,(anonymous_9)
FNDA:0,(anonymous_10)
FNDA:0,(anonymous_11)
FNDA:0,(anonymous_12)
FNDA:0,(anonymous_13)
DA:20,1
DA:21,1
DA:22,1
DA:25,1
DA:43,0
DA:46,0
DA:47,0
DA:50,0
DA:59,0
DA:60,0
DA:63,0
DA:64,0
DA:72,0
DA:73,0
DA:74,0
DA:78,0
DA:79,0
DA:80,0
DA:81,0
DA:90,0
DA:92,0
DA:93,0
DA:97,0
DA:98,0
DA:104,0
DA:112,0
DA:113,0
DA:121,0
DA:122,0
DA:134,0
DA:135,0
DA:136,0
DA:138,0
DA:140,0
DA:143,0
DA:144,0
DA:148,0
DA:151,0
DA:159,0
DA:160,0
DA:161,0
DA:169,0
DA:172,0
DA:173,0
DA:181,0
DA:183,0
DA:184,0
DA:186,0
DA:187,0
DA:200,0
DA:201,0
DA:204,0
DA:205,0
DA:209,0
DA:210,0
DA:214,0
DA:215,0
DA:216,0
DA:217,0
DA:220,0
DA:221,0
DA:228,1
DA:231,1
DA:232,0
LF:64
LH:6
BRDA:24,0,0,1
BRDA:46,1,0,0
BRDA:63,2,0,0
BRDA:66,3,0,0
BRDA:66,3,1,0
BRDA:67,4,0,0
BRDA:67,4,1,0
BRDA:72,5,0,0
BRDA:78,6,0,0
BRDA:80,7,0,0
BRDA:92,8,0,0
BRDA:97,9,0,0
BRDA:112,10,0,0
BRDA:121,11,0,0
BRDA:140,12,0,0
BRDA:140,12,1,0
BRDA:143,13,0,0
BRDA:169,14,0,0
BRDA:181,15,0,0
BRDA:181,16,0,0
BRDA:181,16,1,0
BRDA:194,17,0,0
BRDA:194,17,1,0
BRDA:195,18,0,0
BRDA:195,18,1,0
BRDA:200,19,0,0
BRDA:204,20,0,0
BRDA:210,21,0,0
BRDA:210,21,1,0
BRDA:211,22,0,0
BRDA:211,22,1,0
BRDA:215,23,0,0
BRDA:215,23,1,0
BRDA:216,24,0,0
BRDA:216,24,1,0
BRDA:220,25,0,0
BRDA:231,26,0,0
BRDA:231,27,0,1
BRDA:231,27,1,1
BRF:39
BRH:3
end_of_record
TN:
SF:utils/vote-data-formatter.ts
FN:4,(anonymous_3)
FN:5,(anonymous_4)
FN:21,(anonymous_5)
FN:39,(anonymous_6)
FN:46,(anonymous_7)
FNF:5
FNH:0
FNDA:0,(anonymous_3)
FNDA:0,(anonymous_4)
FNDA:0,(anonymous_5)
FNDA:0,(anonymous_6)
FNDA:0,(anonymous_7)
DA:4,1
DA:5,0
DA:21,0
DA:39,0
DA:46,1
DA:47,0
DA:49,0
DA:80,0
DA:82,0
DA:83,0
DA:85,0
DA:86,0
DA:88,0
DA:89,0
DA:93,0
DA:94,0
DA:98,0
DA:100,0
LF:18
LH:2
BRDA:20,0,0,0
BRDA:20,0,1,0
BRDA:29,1,0,0
BRDA:29,1,1,0
BRDA:30,2,0,0
BRDA:30,2,1,0
BRDA:38,3,0,0
BRDA:38,3,1,0
BRDA:41,4,0,0
BRDA:41,4,1,0
BRDA:80,5,0,0
BRDA:80,5,1,0
BRDA:80,5,2,0
BRDA:93,6,0,0
BRDA:93,7,0,0
BRDA:93,7,1,0
BRF:16
BRH:0
end_of_record
TN:
SF:utils/vote.ts
FN:3,getTopThreeInOrder
FN:4,(anonymous_2)
FN:5,(anonymous_3)
FN:6,(anonymous_4)
FN:7,(anonymous_5)
FN:8,(anonymous_6)
FNF:6
FNH:0
FNDA:0,getTopThreeInOrder
FNDA:0,(anonymous_2)
FNDA:0,(anonymous_3)
FNDA:0,(anonymous_4)
FNDA:0,(anonymous_5)
FNDA:0,(anonymous_6)
DA:3,0
DA:4,0
DA:5,0
DA:6,0
DA:7,0
DA:8,0
DA:9,0
LF:7
LH:0
BRDA:4,0,0,0
BRDA:4,0,1,0
BRDA:4,1,0,0
BRDA:4,1,1,0
BRDA:6,2,0,0
BRDA:6,2,1,0
BRDA:7,3,0,0
BRDA:7,3,1,0
BRDA:8,4,0,0
BRDA:8,4,1,0
BRF:10
BRH:0
end_of_record
TN:
SF:utils/api/auth.ts
FN:6,(anonymous_7)
FN:12,(anonymous_8)
FN:24,(anonymous_9)
FN:29,(anonymous_10)
FN:34,(anonymous_11)
FNF:5
FNH:0
FNDA:0,(anonymous_7)
FNDA:0,(anonymous_8)
FNDA:0,(anonymous_9)
FNDA:0,(anonymous_10)
FNDA:0,(anonymous_11)
DA:1,0
DA:3,0
DA:6,0
DA:7,0
DA:8,0
DA:12,0
DA:13,0
DA:19,0
DA:20,0
DA:24,0
DA:25,0
DA:29,0
DA:30,0
DA:34,0
DA:35,0
DA:39,0
DA:40,0
LF:17
LH:0
BRDA:19,0,0,0
BRDA:39,1,0,0
BRF:2
BRH:0
end_of_record
TN:
SF:utils/api/enhanced-retry-utils.ts
FN:12,(anonymous_8)
FN:60,(anonymous_9)
FN:62,(anonymous_10)
FN:80,(anonymous_11)
FN:85,(anonymous_12)
FN:96,(anonymous_13)
FN:100,(anonymous_14)
FN:116,calculateDelayWithJitter
FN:128,shouldRetry
FN:145,withEnhancedRetry
FN:151,(anonymous_18)
FN:152,(anonymous_19)
FN:178,(anonymous_20)
FN:191,withProfileOptimization
FN:201,(anonymous_22)
FN:208,(anonymous_23)
FN:217,withVoteOptimization
FN:227,(anonymous_25)
FN:233,(anonymous_26)
FN:242,getCircuitBreakerStats
FN:255,(anonymous_28)
FN:256,(anonymous_29)
FN:257,(anonymous_30)
FN:270,(anonymous_31)
FN:281,(anonymous_32)
FN:298,withRequestQueue
FN:301,(anonymous_35)
FN:302,(anonymous_36)
FN:312,(anonymous_37)
FN:326,(anonymous_38)
FN:330,(anonymous_39)
FN:333,(anonymous_40)
FN:346,(anonymous_41)
FN:354,withPerformanceMonitoring
FN:358,(anonymous_43)
FNF:35
FNH:0
FNDA:0,(anonymous_8)
FNDA:0,(anonymous_9)
FNDA:0,(anonymous_10)
FNDA:0,(anonymous_11)
FNDA:0,(anonymous_12)
FNDA:0,(anonymous_13)
FNDA:0,(anonymous_14)
FNDA:0,calculateDelayWithJitter
FNDA:0,shouldRetry
FNDA:0,withEnhancedRetry
FNDA:0,(anonymous_18)
FNDA:0,(anonymous_19)
FNDA:0,(anonymous_20)
FNDA:0,withProfileOptimization
FNDA:0,(anonymous_22)
FNDA:0,(anonymous_23)
FNDA:0,withVoteOptimization
FNDA:0,(anonymous_25)
FNDA:0,(anonymous_26)
FNDA:0,getCircuitBreakerStats
FNDA:0,(anonymous_28)
FNDA:0,(anonymous_29)
FNDA:0,(anonymous_30)
FNDA:0,(anonymous_31)
FNDA:0,(anonymous_32)
FNDA:0,withRequestQueue
FNDA:0,(anonymous_35)
FNDA:0,(anonymous_36)
FNDA:0,(anonymous_37)
FNDA:0,(anonymous_38)
FNDA:0,(anonymous_39)
FNDA:0,(anonymous_40)
FNDA:0,(anonymous_41)
FNDA:0,withPerformanceMonitoring
FNDA:0,(anonymous_43)
DA:9,0
DA:12,0
DA:15,0
DA:38,0
DA:47,0
DA:55,0
DA:56,0
DA:57,0
DA:58,0
DA:60,0
DA:63,0
DA:64,0
DA:65,0
DA:67,0
DA:70,0
DA:71,0
DA:72,0
DA:73,0
DA:75,0
DA:76,0
DA:81,0
DA:82,0
DA:86,0
DA:87,0
DA:89,0
DA:90,0
DA:91,0
DA:92,0
DA:97,0
DA:101,0
DA:111,0
DA:117,0
DA:120,0
DA:121,0
DA:122,0
DA:129,0
DA:130,0
DA:134,0
DA:135,0
DA:136,0
DA:137,0
DA:139,0
DA:145,0
DA:149,0
DA:151,0
DA:152,0
DA:154,0
DA:156,0
DA:157,0
DA:159,0
DA:160,0
DA:162,0
DA:165,0
DA:166,0
DA:170,0
DA:171,0
DA:175,0
DA:176,0
DA:178,0
DA:179,0
DA:183,0
DA:191,0
DA:194,0
DA:203,0
DA:204,0
DA:205,0
DA:206,0
DA:209,0
DA:217,0
DA:220,0
DA:229,0
DA:230,0
DA:231,0
DA:234,0
DA:242,0
DA:243,0
DA:250,0
DA:251,0
DA:252,0
DA:253,0
DA:256,0
DA:257,0
DA:258,0
DA:259,0
DA:260,0
DA:262,0
DA:266,0
DA:271,0
DA:272,0
DA:275,0
DA:277,0
DA:278,0
DA:279,0
DA:280,0
DA:281,0
DA:282,0
DA:283,0
DA:288,0
DA:293,0
DA:298,0
DA:301,0
DA:302,0
DA:309,0
DA:310,0
DA:313,0
DA:314,0
DA:317,0
DA:318,0
DA:321,0
DA:322,0
DA:327,0
DA:328,0
DA:330,0
DA:334,0
DA:336,0
DA:337,0
DA:343,0
DA:347,0
DA:354,0
DA:358,0
DA:359,0
DA:361,0
DA:362,0
DA:363,0
DA:364,0
DA:365,0
DA:367,0
DA:368,0
DA:369,0
LF:129
LH:0
BRDA:12,0,0,0
BRDA:12,0,1,0
BRDA:63,1,0,0
BRDA:64,2,0,0
BRDA:89,3,0,0
BRDA:117,4,0,0
BRDA:129,5,0,0
BRDA:134,6,0,0
BRDA:135,7,0,0
BRDA:136,8,0,0
BRDA:136,9,0,0
BRDA:136,9,1,0
BRDA:137,10,0,0
BRDA:137,11,0,0
BRDA:137,11,1,0
BRDA:147,12,0,0
BRDA:165,13,0,0
BRDA:165,14,0,0
BRDA:165,14,1,0
BRDA:170,15,0,0
BRDA:203,16,0,0
BRDA:204,17,0,0
BRDA:205,18,0,0
BRDA:229,19,0,0
BRDA:230,20,0,0
BRDA:271,21,0,0
BRDA:271,22,0,0
BRDA:271,22,1,0
BRDA:277,23,0,0
BRDA:277,23,1,0
BRDA:279,24,0,0
BRDA:313,25,0,0
BRDA:321,26,0,0
BRDA:328,27,0,0
BRDA:328,28,0,0
BRDA:328,28,1,0
BRF:36
BRH:0
end_of_record
TN:
SF:utils/api/hydration-safe-data.ts
FN:16,useSafeData
FN:27,(anonymous_4)
FN:29,(anonymous_5)
FN:33,(anonymous_6)
FN:38,(anonymous_7)
FN:64,(anonymous_8)
FN:80,useRefreshableData
FN:92,(anonymous_10)
FN:96,(anonymous_11)
FN:114,(anonymous_12)
FNF:10
FNH:0
FNDA:0,useSafeData
FNDA:0,(anonymous_4)
FNDA:0,(anonymous_5)
FNDA:0,(anonymous_6)
FNDA:0,(anonymous_7)
FNDA:0,(anonymous_8)
FNDA:0,useRefreshableData
FNDA:0,(anonymous_10)
FNDA:0,(anonymous_11)
FNDA:0,(anonymous_12)
DA:4,0
DA:16,0
DA:21,0
DA:22,0
DA:23,0
DA:24,0
DA:27,0
DA:28,0
DA:29,0
DA:33,0
DA:34,0
DA:36,0
DA:38,0
DA:39,0
DA:40,0
DA:43,0
DA:44,0
DA:46,0
DA:48,0
DA:49,0
DA:51,0
DA:52,0
DA:53,0
DA:55,0
DA:56,0
DA:62,0
DA:64,0
DA:65,0
DA:69,0
DA:80,0
DA:85,0
DA:86,0
DA:87,0
DA:88,0
DA:89,0
DA:92,0
DA:93,0
DA:96,0
DA:97,0
DA:99,0
DA:100,0
DA:101,0
DA:102,0
DA:103,0
DA:104,0
DA:106,0
DA:107,0
DA:109,0
DA:114,0
DA:115,0
DA:118,0
DA:119,0
DA:123,0
LF:53
LH:0
BRDA:19,0,0,0
BRDA:34,1,0,0
BRDA:39,2,0,0
BRDA:46,3,0,0
BRDA:51,4,0,0
BRDA:53,5,0,0
BRDA:53,5,1,0
BRDA:55,6,0,0
BRDA:82,7,0,0
BRDA:97,8,0,0
BRDA:107,9,0,0
BRDA:107,9,1,0
BRDA:115,10,0,0
BRDA:118,11,0,0
BRF:14
BRH:0
end_of_record
TN:
SF:utils/api/image.ts
FN:10,(anonymous_1)
FNF:1
FNH:0
FNDA:0,(anonymous_1)
DA:1,1
DA:10,1
DA:14,0
DA:16,0
DA:17,0
DA:19,0
DA:21,0
DA:22,0
DA:25,0
DA:29,0
DA:30,0
DA:33,0
DA:35,0
DA:36,0
DA:38,0
DA:42,0
DA:47,0
DA:48,0
DA:50,0
DA:52,0
DA:55,0
DA:60,0
DA:64,0
DA:65,0
DA:67,0
LF:25
LH:2
BRDA:14,0,0,0
BRDA:16,1,0,0
BRDA:16,1,1,0
BRDA:21,2,0,0
BRDA:29,3,0,0
BRDA:29,4,0,0
BRDA:29,4,1,0
BRDA:35,5,0,0
BRDA:35,6,0,0
BRDA:35,6,1,0
BRDA:38,7,0,0
BRDA:38,7,1,0
BRDA:38,7,2,0
BRDA:38,7,3,0
BRDA:42,8,0,0
BRDA:42,8,1,0
BRDA:47,9,0,0
BRDA:47,9,1,0
BRDA:60,10,0,0
BRDA:60,10,1,0
BRDA:64,11,0,0
BRDA:64,11,1,0
BRF:22
BRH:0
end_of_record
TN:
SF:utils/api/queries.ts
FN:9,(anonymous_13)
FN:21,(anonymous_14)
FN:31,(anonymous_15)
FN:47,(anonymous_16)
FN:89,(anonymous_17)
FN:104,(anonymous_18)
FN:122,(anonymous_19)
FN:133,(anonymous_20)
FN:151,(anonymous_21)
FN:168,(anonymous_22)
FN:200,(anonymous_23)
FN:221,(anonymous_24)
FN:234,(anonymous_25)
FN:251,(anonymous_26)
FN:289,(anonymous_27)
FN:309,(anonymous_28)
FN:327,(anonymous_29)
FN:340,(anonymous_30)
FN:351,(anonymous_31)
FN:368,(anonymous_32)
FN:380,(anonymous_33)
FNF:21
FNH:0
FNDA:0,(anonymous_13)
FNDA:0,(anonymous_14)
FNDA:0,(anonymous_15)
FNDA:0,(anonymous_16)
FNDA:0,(anonymous_17)
FNDA:0,(anonymous_18)
FNDA:0,(anonymous_19)
FNDA:0,(anonymous_20)
FNDA:0,(anonymous_21)
FNDA:0,(anonymous_22)
FNDA:0,(anonymous_23)
FNDA:0,(anonymous_24)
FNDA:0,(anonymous_25)
FNDA:0,(anonymous_26)
FNDA:0,(anonymous_27)
FNDA:0,(anonymous_28)
FNDA:0,(anonymous_29)
FNDA:0,(anonymous_30)
FNDA:0,(anonymous_31)
FNDA:0,(anonymous_32)
FNDA:0,(anonymous_33)
DA:2,1
DA:3,1
DA:6,1
DA:9,1
DA:10,0
DA:12,0
DA:13,0
DA:15,0
DA:16,0
DA:20,0
DA:21,0
DA:22,0
DA:24,0
DA:25,0
DA:31,1
DA:32,0
DA:35,0
DA:36,0
DA:43,0
DA:47,1
DA:50,0
DA:51,0
DA:52,0
DA:53,0
DA:55,0
DA:86,0
DA:87,0
DA:89,0
DA:104,0
DA:122,0
DA:127,0
DA:128,0
DA:133,1
DA:134,0
DA:135,0
DA:136,0
DA:142,0
DA:143,0
DA:146,0
DA:148,0
DA:149,0
DA:151,0
DA:162,0
DA:163,0
DA:168,1
DA:169,0
DA:170,0
DA:172,0
DA:181,0
DA:182,0
DA:183,0
DA:186,0
DA:187,0
DA:188,0
DA:191,0
DA:193,0
DA:194,0
DA:195,0
DA:200,1
DA:201,0
DA:202,0
DA:203,0
DA:210,0
DA:211,0
DA:213,0
DA:215,0
DA:216,0
DA:221,1
DA:222,0
DA:223,0
DA:224,0
DA:230,0
DA:231,0
DA:234,0
DA:245,0
DA:246,0
DA:251,1
DA:252,0
DA:253,0
DA:254,0
DA:263,0
DA:264,0
DA:266,0
DA:283,0
DA:284,0
DA:289,1
DA:290,0
DA:291,0
DA:292,0
DA:306,0
DA:307,0
DA:309,0
DA:321,0
DA:322,0
DA:327,1
DA:328,0
DA:329,0
DA:330,0
DA:337,0
DA:338,0
DA:340,0
DA:342,0
DA:348,0
DA:349,0
DA:351,0
DA:362,0
DA:363,0
DA:368,1
DA:369,0
DA:370,0
DA:371,0
DA:377,0
DA:378,0
DA:380,0
DA:393,0
DA:394,0
DA:399,1
DA:400,1
DA:401,1
DA:402,1
DA:403,1
DA:404,1
DA:405,1
DA:406,1
DA:407,1
LF:125
LH:23
BRDA:10,0,0,0
BRDA:10,0,1,0
BRDA:35,1,0,0
BRDA:48,2,0,0
BRDA:86,3,0,0
BRDA:87,4,0,0
BRDA:87,5,0,0
BRDA:87,5,1,0
BRDA:103,6,0,0
BRDA:103,6,1,0
BRDA:112,7,0,0
BRDA:112,7,1,0
BRDA:113,8,0,0
BRDA:113,8,1,0
BRDA:121,9,0,0
BRDA:121,9,1,0
BRDA:124,10,0,0
BRDA:124,10,1,0
BRDA:142,11,0,0
BRDA:148,12,0,0
BRDA:149,13,0,0
BRDA:149,14,0,0
BRDA:149,14,1,0
BRDA:181,15,0,0
BRDA:186,16,0,0
BRDA:186,17,0,0
BRDA:186,17,1,0
BRDA:210,18,0,0
BRDA:211,19,0,0
BRDA:230,20,0,0
BRDA:231,21,0,0
BRDA:231,22,0,0
BRDA:231,22,1,0
BRDA:263,23,0,0
BRDA:264,24,0,0
BRDA:280,25,0,0
BRDA:280,25,1,0
BRDA:306,26,0,0
BRDA:307,27,0,0
BRDA:307,28,0,0
BRDA:307,28,1,0
BRDA:337,29,0,0
BRDA:338,30,0,0
BRDA:338,31,0,0
BRDA:338,31,1,0
BRDA:348,32,0,0
BRDA:349,33,0,0
BRDA:349,34,0,0
BRDA:349,34,1,0
BRDA:377,35,0,0
BRDA:378,36,0,0
BRDA:378,37,0,0
BRDA:378,37,1,0
BRF:53
BRH:0
end_of_record
TN:
SF:utils/api/retry-utils.ts
FN:28,withRetry
FN:34,(anonymous_4)
FN:59,(anonymous_5)
FN:77,withTimeout
FN:81,(anonymous_7)
FN:84,(anonymous_8)
FN:85,(anonymous_9)
FNF:7
FNH:1
FNDA:9,withRetry
FNDA:0,(anonymous_4)
FNDA:0,(anonymous_5)
FNDA:0,withTimeout
FNDA:0,(anonymous_7)
FNDA:0,(anonymous_8)
FNDA:0,(anonymous_9)
DA:15,1
DA:28,9
DA:32,9
DA:34,9
DA:36,0
DA:38,0
DA:39,0
DA:41,0
DA:43,0
DA:44,0
DA:48,0
DA:50,0
DA:52,0
DA:54,0
DA:55,0
DA:59,0
DA:60,0
DA:66,0
DA:67,0
DA:77,0
DA:81,0
DA:82,0
DA:85,0
LF:23
LH:4
BRDA:30,0,0,9
BRDA:43,1,0,0
BRDA:52,2,0,0
BRDA:54,3,0,0
BRDA:79,4,0,0
BRF:5
BRH:1
end_of_record
TN:
SF:utils/api/serverQueries.ts
FN:5,(anonymous_5)
FN:46,(anonymous_6)
FN:68,(anonymous_7)
FN:89,(anonymous_8)
FN:105,(anonymous_9)
FN:117,(anonymous_10)
FNF:6
FNH:0
FNDA:0,(anonymous_5)
FNDA:0,(anonymous_6)
FNDA:0,(anonymous_7)
FNDA:0,(anonymous_8)
FNDA:0,(anonymous_9)
FNDA:0,(anonymous_10)
DA:1,0
DA:5,0
DA:6,0
DA:7,0
DA:8,0
DA:17,0
DA:18,0
DA:20,0
DA:37,0
DA:41,0
DA:46,0
DA:49,0
DA:50,0
DA:51,0
DA:65,0
DA:66,0
DA:68,0
DA:80,0
DA:84,0
DA:89,0
DA:92,0
DA:93,0
DA:94,0
DA:101,0
DA:102,0
DA:104,0
DA:105,0
DA:108,0
DA:112,0
DA:117,0
DA:118,0
DA:119,0
DA:125,0
DA:127,0
DA:131,0
LF:35
LH:0
BRDA:17,0,0,0
BRDA:18,1,0,0
BRDA:34,2,0,0
BRDA:34,2,1,0
BRDA:65,3,0,0
BRDA:66,4,0,0
BRDA:66,5,0,0
BRDA:66,5,1,0
BRDA:101,6,0,0
BRDA:102,7,0,0
BRDA:102,8,0,0
BRDA:102,8,1,0
BRF:12
BRH:0
end_of_record
TN:
SF:utils/api/strings.ts
FN:3,(anonymous_3)
FN:36,(anonymous_4)
FNF:2
FNH:0
FNDA:0,(anonymous_3)
FNDA:0,(anonymous_4)
DA:1,1
DA:3,1
DA:7,0
DA:8,0
DA:9,0
DA:12,0
DA:13,0
DA:15,0
DA:16,0
DA:18,0
DA:19,0
DA:22,0
DA:23,0
DA:28,0
DA:29,0
DA:33,0
DA:36,1
DA:40,0
DA:41,0
DA:42,0
DA:45,0
DA:46,0
DA:48,0
DA:49,0
DA:51,0
DA:52,0
DA:55,0
DA:56,0
DA:61,0
DA:62,0
DA:66,0
LF:31
LH:3
BRDA:7,0,0,0
BRDA:8,1,0,0
BRDA:9,2,0,0
BRDA:12,3,0,0
BRDA:15,4,0,0
BRDA:15,4,1,0
BRDA:19,5,0,0
BRDA:19,5,1,0
BRDA:28,6,0,0
BRDA:33,7,0,0
BRDA:33,7,1,0
BRDA:40,8,0,0
BRDA:41,9,0,0
BRDA:42,10,0,0
BRDA:45,11,0,0
BRDA:48,12,0,0
BRDA:48,12,1,0
BRDA:52,13,0,0
BRDA:52,13,1,0
BRDA:61,14,0,0
BRDA:66,15,0,0
BRDA:66,15,1,0
BRF:22
BRH:0
end_of_record
